<?xml version="1.0" encoding="UTF-8"?>
<coverage generated="1772753386426" clover="3.2.0">
  <project timestamp="1772753386426" name="All files">
    <metrics statements="135" coveredstatements="43" conditionals="101" coveredconditionals="34" methods="24" coveredmethods="3" elements="260" coveredelements="80" complexity="0" loc="135" ncloc="135" packages="1" files="1" classes="1"/>
    <file name="useReadingContent.tsx" path="C:\Users\kent2\Documents\Senior Project\contextdefinitions\screens\ReadingScreen\hooks\useReadingContent.tsx">
      <metrics statements="135" coveredstatements="43" conditionals="101" coveredconditionals="34" methods="24" coveredmethods="3"/>
      <line num="20" count="10" type="stmt"/>
      <line num="21" count="12" type="cond" truecount="2" falsecount="0"/>
      <line num="22" count="9" type="cond" truecount="2" falsecount="0"/>
      <line num="28" count="6" type="stmt"/>
      <line num="31" count="4" type="stmt"/>
      <line num="41" count="11" type="stmt"/>
      <line num="42" count="11" type="stmt"/>
      <line num="43" count="11" type="stmt"/>
      <line num="45" count="40" type="cond" truecount="2" falsecount="0"/>
      <line num="46" count="40" type="cond" truecount="2" falsecount="0"/>
      <line num="51" count="22" type="stmt"/>
      <line num="54" count="11" type="stmt"/>
      <line num="70" count="8" type="cond" truecount="4" falsecount="0"/>
      <line num="72" count="6" type="stmt"/>
      <line num="73" count="6" type="stmt"/>
      <line num="74" count="6" type="stmt"/>
      <line num="75" count="6" type="stmt"/>
      <line num="77" count="6" type="stmt"/>
      <line num="78" count="27" type="stmt"/>
      <line num="79" count="27" type="cond" truecount="2" falsecount="0"/>
      <line num="81" count="26" type="cond" truecount="2" falsecount="0"/>
      <line num="82" count="19" type="stmt"/>
      <line num="86" count="7" type="stmt"/>
      <line num="88" count="7" type="cond" truecount="1" falsecount="1"/>
      <line num="93" count="7" type="cond" truecount="2" falsecount="0"/>
      <line num="95" count="7" type="cond" truecount="2" falsecount="0"/>
      <line num="97" count="2" type="stmt"/>
      <line num="98" count="2" type="stmt"/>
      <line num="102" count="2" type="stmt"/>
      <line num="105" count="2" type="cond" truecount="2" falsecount="0"/>
      <line num="108" count="1" type="stmt"/>
      <line num="109" count="1" type="stmt"/>
      <line num="110" count="1" type="stmt"/>
      <line num="113" count="1" type="stmt"/>
      <line num="114" count="1" type="stmt"/>
      <line num="116" count="1" type="stmt"/>
      <line num="117" count="1" type="cond" truecount="1" falsecount="1"/>
      <line num="118" count="1" type="stmt"/>
      <line num="122" count="5" type="stmt"/>
      <line num="123" count="5" type="stmt"/>
      <line num="124" count="5" type="stmt"/>
      <line num="129" count="6" type="cond" truecount="1" falsecount="1"/>
      <line num="130" count="6" type="stmt"/>
      <line num="153" count="0" type="stmt"/>
      <line num="154" count="0" type="stmt"/>
      <line num="156" count="0" type="stmt"/>
      <line num="157" count="0" type="stmt"/>
      <line num="158" count="0" type="stmt"/>
      <line num="159" count="0" type="stmt"/>
      <line num="160" count="0" type="stmt"/>
      <line num="164" count="0" type="stmt"/>
      <line num="165" count="0" type="stmt"/>
      <line num="166" count="0" type="stmt"/>
      <line num="167" count="0" type="stmt"/>
      <line num="169" count="0" type="stmt"/>
      <line num="170" count="0" type="stmt"/>
      <line num="171" count="0" type="stmt"/>
      <line num="172" count="0" type="stmt"/>
      <line num="173" count="0" type="stmt"/>
      <line num="176" count="0" type="stmt"/>
      <line num="177" count="0" type="stmt"/>
      <line num="179" count="0" type="cond" truecount="0" falsecount="2"/>
      <line num="180" count="0" type="cond" truecount="0" falsecount="2"/>
      <line num="181" count="0" type="cond" truecount="0" falsecount="2"/>
      <line num="186" count="0" type="stmt"/>
      <line num="188" count="0" type="stmt"/>
      <line num="189" count="0" type="stmt"/>
      <line num="193" count="0" type="cond" truecount="0" falsecount="4"/>
      <line num="194" count="0" type="cond" truecount="0" falsecount="2"/>
      <line num="196" count="0" type="stmt"/>
      <line num="199" count="0" type="stmt"/>
      <line num="200" count="0" type="stmt"/>
      <line num="201" count="0" type="stmt"/>
      <line num="202" count="0" type="stmt"/>
      <line num="203" count="0" type="cond" truecount="0" falsecount="2"/>
      <line num="208" count="0" type="stmt"/>
      <line num="210" count="0" type="cond" truecount="0" falsecount="5"/>
      <line num="211" count="0" type="stmt"/>
      <line num="212" count="0" type="stmt"/>
      <line num="213" count="0" type="stmt"/>
      <line num="217" count="0" type="stmt"/>
      <line num="218" count="0" type="cond" truecount="0" falsecount="4"/>
      <line num="219" count="0" type="stmt"/>
      <line num="220" count="0" type="cond" truecount="0" falsecount="2"/>
      <line num="223" count="0" type="stmt"/>
      <line num="230" count="0" type="cond" truecount="0" falsecount="2"/>
      <line num="231" count="0" type="cond" truecount="0" falsecount="4"/>
      <line num="232" count="0" type="stmt"/>
      <line num="235" count="0" type="cond" truecount="0" falsecount="4"/>
      <line num="236" count="0" type="stmt"/>
      <line num="237" count="0" type="stmt"/>
      <line num="238" count="0" type="cond" truecount="0" falsecount="2"/>
      <line num="242" count="0" type="stmt"/>
      <line num="243" count="0" type="stmt"/>
      <line num="244" count="0" type="cond" truecount="0" falsecount="2"/>
      <line num="245" count="0" type="stmt"/>
      <line num="247" count="0" type="stmt"/>
      <line num="248" count="0" type="cond" truecount="0" falsecount="4"/>
      <line num="251" count="0" type="stmt"/>
      <line num="252" count="0" type="stmt"/>
      <line num="253" count="0" type="cond" truecount="0" falsecount="2"/>
      <line num="254" count="0" type="stmt"/>
      <line num="255" count="0" type="stmt"/>
      <line num="258" count="0" type="stmt"/>
      <line num="261" count="0" type="stmt"/>
      <line num="262" count="0" type="stmt"/>
      <line num="263" count="0" type="cond" truecount="0" falsecount="2"/>
      <line num="264" count="0" type="stmt"/>
      <line num="265" count="0" type="stmt"/>
      <line num="266" count="0" type="stmt"/>
      <line num="267" count="0" type="stmt"/>
      <line num="268" count="0" type="stmt"/>
      <line num="272" count="0" type="stmt"/>
      <line num="273" count="0" type="cond" truecount="0" falsecount="2"/>
      <line num="274" count="0" type="stmt"/>
      <line num="275" count="0" type="stmt"/>
      <line num="279" count="0" type="stmt"/>
      <line num="280" count="0" type="stmt"/>
      <line num="281" count="0" type="cond" truecount="0" falsecount="4"/>
      <line num="282" count="0" type="stmt"/>
      <line num="283" count="0" type="stmt"/>
      <line num="284" count="0" type="stmt"/>
      <line num="288" count="0" type="cond" truecount="0" falsecount="2"/>
      <line num="289" count="0" type="stmt"/>
      <line num="290" count="0" type="stmt"/>
      <line num="291" count="0" type="cond" truecount="0" falsecount="4"/>
      <line num="293" count="0" type="stmt"/>
      <line num="294" count="0" type="stmt"/>
      <line num="295" count="0" type="stmt"/>
      <line num="296" count="0" type="stmt"/>
      <line num="300" count="0" type="stmt"/>
      <line num="304" count="0" type="stmt"/>
      <line num="308" count="0" type="cond" truecount="0" falsecount="2"/>
      <line num="313" count="0" type="stmt"/>
      <line num="317" count="0" type="stmt"/>
    </file>
  </project>
</coverage>
