{
  "C:\\Users\\kent2\\Documents\\Senior Project\\contextdefinitions\\screens\\ReadingScreen\\hooks\\useReadingContent.tsx": {
    "path": "C:\\Users\\kent2\\Documents\\Senior Project\\contextdefinitions\\screens\\ReadingScreen\\hooks\\useReadingContent.tsx",
    "statementMap": {
      "0": { "start": { "line": 20, "column": 2 }, "end": { "line": 30, "column": 3 } },
      "1": { "start": { "line": 21, "column": 4 }, "end": { "line": 21, "column": 43 } },
      "2": { "start": { "line": 21, "column": 35 }, "end": { "line": 21, "column": 43 } },
      "3": { "start": { "line": 22, "column": 4 }, "end": { "line": 29, "column": 5 } },
      "4": { "start": { "line": 28, "column": 6 }, "end": { "line": 28, "column": 21 } },
      "5": { "start": { "line": 31, "column": 2 }, "end": { "line": 31, "column": 13 } },
      "6": { "start": { "line": 41, "column": 14 }, "end": { "line": 41, "column": 39 } },
      "7": { "start": { "line": 42, "column": 13 }, "end": { "line": 42, "column": 14 } },
      "8": { "start": { "line": 43, "column": 2 }, "end": { "line": 53, "column": 3 } },
      "9": { "start": { "line": 45, "column": 4 }, "end": { "line": 45, "column": 79 } },
      "10": {
        "start": { "line": 45, "column": 73 },
        "end": { "line": 45, "column": 79 }
      },
      "11": { "start": { "line": 46, "column": 4 }, "end": { "line": 52, "column": 5 } },
      "12": { "start": { "line": 51, "column": 6 }, "end": { "line": 51, "column": 41 } },
      "13": { "start": { "line": 54, "column": 2 }, "end": { "line": 54, "column": 12 } },
      "14": { "start": { "line": 70, "column": 2 }, "end": { "line": 70, "column": 55 } },
      "15": {
        "start": { "line": 70, "column": 46 },
        "end": { "line": 70, "column": 55 }
      },
      "16": {
        "start": { "line": 72, "column": 24 },
        "end": { "line": 72, "column": 67 }
      },
      "17": {
        "start": { "line": 73, "column": 27 },
        "end": { "line": 73, "column": 29 }
      },
      "18": {
        "start": { "line": 74, "column": 28 },
        "end": { "line": 74, "column": 30 }
      },
      "19": {
        "start": { "line": 75, "column": 19 },
        "end": { "line": 75, "column": 20 }
      },
      "20": { "start": { "line": 77, "column": 2 }, "end": { "line": 127, "column": 3 } },
      "21": {
        "start": { "line": 78, "column": 17 },
        "end": { "line": 78, "column": 33 }
      },
      "22": { "start": { "line": 79, "column": 4 }, "end": { "line": 79, "column": 23 } },
      "23": {
        "start": { "line": 79, "column": 15 },
        "end": { "line": 79, "column": 23 }
      },
      "24": { "start": { "line": 81, "column": 4 }, "end": { "line": 126, "column": 5 } },
      "25": { "start": { "line": 82, "column": 6 }, "end": { "line": 82, "column": 28 } },
      "26": {
        "start": { "line": 86, "column": 31 },
        "end": { "line": 86, "column": 57 }
      },
      "27": { "start": { "line": 88, "column": 8 }, "end": { "line": 90, "column": 21 } },
      "28": { "start": { "line": 93, "column": 8 }, "end": { "line": 93, "column": 75 } },
      "29": { "start": { "line": 95, "column": 6 }, "end": { "line": 125, "column": 7 } },
      "30": {
        "start": { "line": 97, "column": 31 },
        "end": { "line": 97, "column": 52 }
      },
      "31": { "start": { "line": 98, "column": 8 }, "end": { "line": 103, "column": 9 } },
      "32": {
        "start": { "line": 102, "column": 10 },
        "end": { "line": 102, "column": 28 }
      },
      "33": {
        "start": { "line": 105, "column": 8 },
        "end": { "line": 119, "column": 9 }
      },
      "34": {
        "start": { "line": 108, "column": 10 },
        "end": { "line": 108, "column": 32 }
      },
      "35": {
        "start": { "line": 109, "column": 10 },
        "end": { "line": 109, "column": 30 }
      },
      "36": {
        "start": { "line": 110, "column": 10 },
        "end": { "line": 110, "column": 29 }
      },
      "37": {
        "start": { "line": 113, "column": 28 },
        "end": { "line": 113, "column": 63 }
      },
      "38": {
        "start": { "line": 114, "column": 10 },
        "end": { "line": 114, "column": 32 }
      },
      "39": {
        "start": { "line": 116, "column": 28 },
        "end": { "line": 116, "column": 51 }
      },
      "40": {
        "start": { "line": 117, "column": 10 },
        "end": { "line": 117, "column": 55 }
      },
      "41": {
        "start": { "line": 118, "column": 10 },
        "end": { "line": 118, "column": 44 }
      },
      "42": {
        "start": { "line": 122, "column": 8 },
        "end": { "line": 122, "column": 30 }
      },
      "43": {
        "start": { "line": 123, "column": 8 },
        "end": { "line": 123, "column": 28 }
      },
      "44": {
        "start": { "line": 124, "column": 8 },
        "end": { "line": 124, "column": 27 }
      },
      "45": {
        "start": { "line": 129, "column": 2 },
        "end": { "line": 129, "column": 51 }
      },
      "46": {
        "start": { "line": 129, "column": 29 },
        "end": { "line": 129, "column": 51 }
      },
      "47": {
        "start": { "line": 130, "column": 2 },
        "end": { "line": 130, "column": 14 }
      },
      "48": {
        "start": { "line": 153, "column": 6 },
        "end": { "line": 153, "column": 18 }
      },
      "49": {
        "start": { "line": 154, "column": 39 },
        "end": { "line": 154, "column": 51 }
      },
      "50": {
        "start": { "line": 156, "column": 20 },
        "end": { "line": 156, "column": 48 }
      },
      "51": {
        "start": { "line": 157, "column": 29 },
        "end": { "line": 157, "column": 59 }
      },
      "52": {
        "start": { "line": 158, "column": 28 },
        "end": { "line": 158, "column": 55 }
      },
      "53": {
        "start": { "line": 159, "column": 26 },
        "end": { "line": 159, "column": 53 }
      },
      "54": {
        "start": { "line": 160, "column": 23 },
        "end": { "line": 160, "column": 36 }
      },
      "55": {
        "start": { "line": 164, "column": 19 },
        "end": { "line": 164, "column": 40 }
      },
      "56": {
        "start": { "line": 165, "column": 25 },
        "end": { "line": 165, "column": 42 }
      },
      "57": {
        "start": { "line": 166, "column": 32 },
        "end": { "line": 166, "column": 86 }
      },
      "58": {
        "start": { "line": 167, "column": 25 },
        "end": { "line": 167, "column": 52 }
      },
      "59": {
        "start": { "line": 169, "column": 46 },
        "end": { "line": 169, "column": 75 }
      },
      "60": {
        "start": { "line": 170, "column": 42 },
        "end": { "line": 170, "column": 71 }
      },
      "61": {
        "start": { "line": 171, "column": 48 },
        "end": { "line": 171, "column": 67 }
      },
      "62": {
        "start": { "line": 172, "column": 48 },
        "end": { "line": 172, "column": 63 }
      },
      "63": {
        "start": { "line": 173, "column": 28 },
        "end": { "line": 173, "column": 51 }
      },
      "64": {
        "start": { "line": 176, "column": 2 },
        "end": { "line": 176, "column": 26 }
      },
      "65": {
        "start": { "line": 177, "column": 2 },
        "end": { "line": 177, "column": 38 }
      },
      "66": {
        "start": { "line": 179, "column": 20 },
        "end": { "line": 179, "column": 48 }
      },
      "67": {
        "start": { "line": 180, "column": 20 },
        "end": { "line": 180, "column": 51 }
      },
      "68": {
        "start": { "line": 181, "column": 16 },
        "end": { "line": 181, "column": 43 }
      },
      "69": {
        "start": { "line": 186, "column": 2 },
        "end": { "line": 204, "column": 61 }
      },
      "70": {
        "start": { "line": 188, "column": 25 },
        "end": { "line": 188, "column": 73 }
      },
      "71": {
        "start": { "line": 189, "column": 4 },
        "end": { "line": 189, "column": 50 }
      },
      "72": {
        "start": { "line": 193, "column": 4 },
        "end": { "line": 197, "column": 5 }
      },
      "73": {
        "start": { "line": 194, "column": 6 },
        "end": { "line": 194, "column": 87 }
      },
      "74": {
        "start": { "line": 196, "column": 6 },
        "end": { "line": 196, "column": 35 }
      },
      "75": {
        "start": { "line": 199, "column": 4 },
        "end": { "line": 199, "column": 29 }
      },
      "76": {
        "start": { "line": 200, "column": 4 },
        "end": { "line": 200, "column": 29 }
      },
      "77": {
        "start": { "line": 201, "column": 4 },
        "end": { "line": 201, "column": 16 }
      },
      "78": {
        "start": { "line": 202, "column": 4 },
        "end": { "line": 202, "column": 21 }
      },
      "79": {
        "start": { "line": 203, "column": 4 },
        "end": { "line": 203, "column": 46 }
      },
      "80": {
        "start": { "line": 203, "column": 33 },
        "end": { "line": 203, "column": 46 }
      },
      "81": {
        "start": { "line": 208, "column": 2 },
        "end": { "line": 224, "column": 84 }
      },
      "82": {
        "start": { "line": 210, "column": 4 },
        "end": { "line": 210, "column": 83 }
      },
      "83": {
        "start": { "line": 210, "column": 77 },
        "end": { "line": 210, "column": 83 }
      },
      "84": {
        "start": { "line": 211, "column": 21 },
        "end": { "line": 211, "column": 89 }
      },
      "85": {
        "start": { "line": 212, "column": 4 },
        "end": { "line": 212, "column": 22 }
      },
      "86": {
        "start": { "line": 213, "column": 4 },
        "end": { "line": 213, "column": 34 }
      },
      "87": {
        "start": { "line": 217, "column": 19 },
        "end": { "line": 217, "column": 41 }
      },
      "88": {
        "start": { "line": 218, "column": 4 },
        "end": { "line": 221, "column": 5 }
      },
      "89": {
        "start": { "line": 219, "column": 25 },
        "end": { "line": 219, "column": 87 }
      },
      "90": {
        "start": { "line": 219, "column": 54 },
        "end": { "line": 219, "column": 86 }
      },
      "91": {
        "start": { "line": 219, "column": 71 },
        "end": { "line": 219, "column": 85 }
      },
      "92": {
        "start": { "line": 220, "column": 6 },
        "end": { "line": 220, "column": 56 }
      },
      "93": {
        "start": { "line": 223, "column": 4 },
        "end": { "line": 223, "column": 17 }
      },
      "94": {
        "start": { "line": 230, "column": 22 },
        "end": { "line": 230, "column": 64 }
      },
      "95": {
        "start": { "line": 231, "column": 24 },
        "end": { "line": 231, "column": 81 }
      },
      "96": {
        "start": { "line": 232, "column": 2 },
        "end": { "line": 232, "column": 69 }
      },
      "97": {
        "start": { "line": 232, "column": 64 },
        "end": { "line": 232, "column": 67 }
      },
      "98": {
        "start": { "line": 235, "column": 4 },
        "end": { "line": 235, "column": 70 }
      },
      "99": {
        "start": { "line": 235, "column": 58 },
        "end": { "line": 235, "column": 70 }
      },
      "100": {
        "start": { "line": 236, "column": 15 },
        "end": { "line": 236, "column": 53 }
      },
      "101": {
        "start": { "line": 237, "column": 15 },
        "end": { "line": 237, "column": 53 }
      },
      "102": {
        "start": { "line": 238, "column": 4 },
        "end": { "line": 238, "column": 43 }
      },
      "103": {
        "start": { "line": 242, "column": 15 },
        "end": { "line": 242, "column": 35 }
      },
      "104": {
        "start": { "line": 243, "column": 15 },
        "end": { "line": 243, "column": 35 }
      },
      "105": {
        "start": { "line": 244, "column": 25 },
        "end": { "line": 244, "column": 88 }
      },
      "106": {
        "start": { "line": 244, "column": 49 },
        "end": { "line": 244, "column": 71 }
      },
      "107": {
        "start": { "line": 244, "column": 84 },
        "end": { "line": 244, "column": 87 }
      },
      "108": {
        "start": { "line": 245, "column": 28 },
        "end": { "line": 251, "column": 22 }
      },
      "109": {
        "start": { "line": 247, "column": 8 },
        "end": { "line": 249, "column": 9 }
      },
      "110": {
        "start": { "line": 248, "column": 17 },
        "end": { "line": 248, "column": 79 }
      },
      "111": {
        "start": { "line": 251, "column": 18 },
        "end": { "line": 251, "column": 21 }
      },
      "112": {
        "start": { "line": 252, "column": 20 },
        "end": { "line": 254, "column": 23 }
      },
      "113": {
        "start": { "line": 253, "column": 21 },
        "end": { "line": 253, "column": 69 }
      },
      "114": {
        "start": { "line": 254, "column": 18 },
        "end": { "line": 254, "column": 22 }
      },
      "115": {
        "start": { "line": 255, "column": 4 },
        "end": { "line": 255, "column": 60 }
      },
      "116": {
        "start": { "line": 258, "column": 14 },
        "end": { "line": 297, "column": 6 }
      },
      "117": {
        "start": { "line": 261, "column": 6 },
        "end": { "line": 261, "column": 34 }
      },
      "118": {
        "start": { "line": 262, "column": 18 },
        "end": { "line": 262, "column": 82 }
      },
      "119": {
        "start": { "line": 263, "column": 6 },
        "end": { "line": 269, "column": 7 }
      },
      "120": {
        "start": { "line": 264, "column": 8 },
        "end": { "line": 264, "column": 62 }
      },
      "121": {
        "start": { "line": 265, "column": 8 },
        "end": { "line": 265, "column": 39 }
      },
      "122": {
        "start": { "line": 266, "column": 8 },
        "end": { "line": 266, "column": 37 }
      },
      "123": {
        "start": { "line": 267, "column": 8 },
        "end": { "line": 267, "column": 30 }
      },
      "124": {
        "start": { "line": 268, "column": 8 },
        "end": { "line": 268, "column": 28 }
      },
      "125": {
        "start": { "line": 272, "column": 18 },
        "end": { "line": 272, "column": 82 }
      },
      "126": {
        "start": { "line": 273, "column": 6 },
        "end": { "line": 276, "column": 7 }
      },
      "127": {
        "start": { "line": 274, "column": 8 },
        "end": { "line": 274, "column": 37 }
      },
      "128": {
        "start": { "line": 275, "column": 8 },
        "end": { "line": 275, "column": 28 }
      },
      "129": {
        "start": { "line": 279, "column": 20 },
        "end": { "line": 279, "column": 45 }
      },
      "130": {
        "start": { "line": 280, "column": 18 },
        "end": { "line": 280, "column": 41 }
      },
      "131": {
        "start": { "line": 281, "column": 6 },
        "end": { "line": 285, "column": 7 }
      },
      "132": {
        "start": { "line": 282, "column": 8 },
        "end": { "line": 282, "column": 62 }
      },
      "133": {
        "start": { "line": 283, "column": 8 },
        "end": { "line": 283, "column": 35 }
      },
      "134": {
        "start": { "line": 284, "column": 8 },
        "end": { "line": 284, "column": 35 }
      },
      "135": {
        "start": { "line": 288, "column": 6 },
        "end": { "line": 292, "column": 7 }
      },
      "136": {
        "start": { "line": 289, "column": 22 },
        "end": { "line": 289, "column": 47 }
      },
      "137": {
        "start": { "line": 290, "column": 20 },
        "end": { "line": 290, "column": 43 }
      },
      "138": {
        "start": { "line": 291, "column": 8 },
        "end": { "line": 291, "column": 71 }
      },
      "139": {
        "start": { "line": 291, "column": 44 },
        "end": { "line": 291, "column": 71 }
      },
      "140": {
        "start": { "line": 293, "column": 6 },
        "end": { "line": 293, "column": 38 }
      },
      "141": {
        "start": { "line": 294, "column": 6 },
        "end": { "line": 294, "column": 36 }
      },
      "142": {
        "start": { "line": 295, "column": 6 },
        "end": { "line": 295, "column": 29 }
      },
      "143": {
        "start": { "line": 296, "column": 6 },
        "end": { "line": 296, "column": 27 }
      },
      "144": {
        "start": { "line": 300, "column": 4 },
        "end": { "line": 300, "column": 51 }
      },
      "145": {
        "start": { "line": 304, "column": 4 },
        "end": { "line": 304, "column": 43 }
      },
      "146": {
        "start": { "line": 308, "column": 4 },
        "end": { "line": 314, "column": 5 }
      },
      "147": {
        "start": { "line": 313, "column": 6 },
        "end": { "line": 313, "column": 30 }
      },
      "148": {
        "start": { "line": 317, "column": 2 },
        "end": { "line": 327, "column": 3 }
      }
    },
    "fnMap": {
      "0": {
        "name": "hitTest",
        "decl": {
          "start": { "line": 14, "column": 16 },
          "end": { "line": 14, "column": 23 }
        },
        "loc": {
          "start": { "line": 19, "column": 17 },
          "end": { "line": 32, "column": 1 }
        },
        "line": 19
      },
      "1": {
        "name": "buildTokenSentenceMap",
        "decl": {
          "start": { "line": 37, "column": 16 },
          "end": { "line": 37, "column": 37 }
        },
        "loc": {
          "start": { "line": 40, "column": 23 },
          "end": { "line": 55, "column": 1 }
        },
        "line": 40
      },
      "2": {
        "name": "buildPages",
        "decl": {
          "start": { "line": 64, "column": 16 },
          "end": { "line": 64, "column": 26 }
        },
        "loc": {
          "start": { "line": 69, "column": 13 },
          "end": { "line": 131, "column": 1 }
        },
        "line": 69
      },
      "3": {
        "name": "useReadingContent",
        "decl": {
          "start": { "line": 145, "column": 16 },
          "end": { "line": 145, "column": 33 }
        },
        "loc": {
          "start": { "line": 145, "column": 61 },
          "end": { "line": 328, "column": 1 }
        },
        "line": 145
      },
      "4": {
        "name": "(anonymous_4)",
        "decl": {
          "start": { "line": 186, "column": 18 },
          "end": { "line": 186, "column": 19 }
        },
        "loc": {
          "start": { "line": 186, "column": 24 },
          "end": { "line": 204, "column": 3 }
        },
        "line": 186
      },
      "5": {
        "name": "(anonymous_5)",
        "decl": {
          "start": { "line": 208, "column": 12 },
          "end": { "line": 208, "column": 13 }
        },
        "loc": {
          "start": { "line": 208, "column": 18 },
          "end": { "line": 224, "column": 3 }
        },
        "line": 208
      },
      "6": {
        "name": "(anonymous_6)",
        "decl": {
          "start": { "line": 219, "column": 44 },
          "end": { "line": 219, "column": 45 }
        },
        "loc": {
          "start": { "line": 219, "column": 54 },
          "end": { "line": 219, "column": 86 }
        },
        "line": 219
      },
      "7": {
        "name": "(anonymous_7)",
        "decl": {
          "start": { "line": 219, "column": 64 },
          "end": { "line": 219, "column": 65 }
        },
        "loc": {
          "start": { "line": 219, "column": 71 },
          "end": { "line": 219, "column": 85 }
        },
        "line": 219
      },
      "8": {
        "name": "(anonymous_8)",
        "decl": {
          "start": { "line": 232, "column": 57 },
          "end": { "line": 232, "column": 58 }
        },
        "loc": {
          "start": { "line": 232, "column": 64 },
          "end": { "line": 232, "column": 67 }
        },
        "line": 232
      },
      "9": {
        "name": "isHighlighted",
        "decl": {
          "start": { "line": 234, "column": 11 },
          "end": { "line": 234, "column": 24 }
        },
        "loc": {
          "start": { "line": 234, "column": 52 },
          "end": { "line": 239, "column": 3 }
        },
        "line": 234
      },
      "10": {
        "name": "commitSelection",
        "decl": {
          "start": { "line": 241, "column": 11 },
          "end": { "line": 241, "column": 26 }
        },
        "loc": {
          "start": { "line": 241, "column": 61 },
          "end": { "line": 256, "column": 3 }
        },
        "line": 241
      },
      "11": {
        "name": "(anonymous_11)",
        "decl": {
          "start": { "line": 244, "column": 42 },
          "end": { "line": 244, "column": 43 }
        },
        "loc": {
          "start": { "line": 244, "column": 49 },
          "end": { "line": 244, "column": 71 }
        },
        "line": 244
      },
      "12": {
        "name": "(anonymous_12)",
        "decl": {
          "start": { "line": 244, "column": 77 },
          "end": { "line": 244, "column": 78 }
        },
        "loc": {
          "start": { "line": 244, "column": 84 },
          "end": { "line": 244, "column": 87 }
        },
        "line": 244
      },
      "13": {
        "name": "(anonymous_13)",
        "decl": {
          "start": { "line": 246, "column": 14 },
          "end": { "line": 246, "column": 15 }
        },
        "loc": {
          "start": { "line": 247, "column": 8 },
          "end": { "line": 249, "column": 9 }
        },
        "line": 247
      },
      "14": {
        "name": "(anonymous_14)",
        "decl": {
          "start": { "line": 248, "column": 10 },
          "end": { "line": 248, "column": 11 }
        },
        "loc": {
          "start": { "line": 248, "column": 17 },
          "end": { "line": 248, "column": 79 }
        },
        "line": 248
      },
      "15": {
        "name": "(anonymous_15)",
        "decl": {
          "start": { "line": 251, "column": 11 },
          "end": { "line": 251, "column": 12 }
        },
        "loc": {
          "start": { "line": 251, "column": 18 },
          "end": { "line": 251, "column": 21 }
        },
        "line": 251
      },
      "16": {
        "name": "(anonymous_16)",
        "decl": {
          "start": { "line": 253, "column": 14 },
          "end": { "line": 253, "column": 15 }
        },
        "loc": {
          "start": { "line": 253, "column": 21 },
          "end": { "line": 253, "column": 69 }
        },
        "line": 253
      },
      "17": {
        "name": "(anonymous_17)",
        "decl": {
          "start": { "line": 254, "column": 11 },
          "end": { "line": 254, "column": 12 }
        },
        "loc": {
          "start": { "line": 254, "column": 18 },
          "end": { "line": 254, "column": 22 }
        },
        "line": 254
      },
      "18": {
        "name": "(anonymous_18)",
        "decl": {
          "start": { "line": 260, "column": 13 },
          "end": { "line": 260, "column": 14 }
        },
        "loc": {
          "start": { "line": 260, "column": 20 },
          "end": { "line": 270, "column": 5 }
        },
        "line": 260
      },
      "19": {
        "name": "(anonymous_19)",
        "decl": {
          "start": { "line": 271, "column": 14 },
          "end": { "line": 271, "column": 15 }
        },
        "loc": {
          "start": { "line": 271, "column": 21 },
          "end": { "line": 277, "column": 5 }
        },
        "line": 271
      },
      "20": {
        "name": "(anonymous_20)",
        "decl": {
          "start": { "line": 278, "column": 11 },
          "end": { "line": 278, "column": 12 }
        },
        "loc": {
          "start": { "line": 278, "column": 17 },
          "end": { "line": 286, "column": 5 }
        },
        "line": 278
      },
      "21": {
        "name": "(anonymous_21)",
        "decl": {
          "start": { "line": 287, "column": 16 },
          "end": { "line": 287, "column": 17 }
        },
        "loc": {
          "start": { "line": 287, "column": 22 },
          "end": { "line": 297, "column": 5 }
        },
        "line": 287
      },
      "22": {
        "name": "onContainerLayout",
        "decl": {
          "start": { "line": 299, "column": 11 },
          "end": { "line": 299, "column": 28 }
        },
        "loc": {
          "start": { "line": 299, "column": 57 },
          "end": { "line": 301, "column": 3 }
        },
        "line": 299
      },
      "23": {
        "name": "onTokenLayout",
        "decl": {
          "start": { "line": 303, "column": 11 },
          "end": { "line": 303, "column": 24 }
        },
        "loc": {
          "start": { "line": 303, "column": 74 },
          "end": { "line": 315, "column": 3 }
        },
        "line": 303
      }
    },
    "branchMap": {
      "0": {
        "loc": {
          "start": { "line": 21, "column": 4 },
          "end": { "line": 21, "column": 43 }
        },
        "type": "if",
        "locations": [
          { "start": { "line": 21, "column": 4 }, "end": { "line": 21, "column": 43 } },
          { "start": {}, "end": {} }
        ],
        "line": 21
      },
      "1": {
        "loc": {
          "start": { "line": 22, "column": 4 },
          "end": { "line": 29, "column": 5 }
        },
        "type": "if",
        "locations": [
          { "start": { "line": 22, "column": 4 }, "end": { "line": 29, "column": 5 } },
          { "start": {}, "end": {} }
        ],
        "line": 22
      },
      "2": {
        "loc": {
          "start": { "line": 23, "column": 6 },
          "end": { "line": 26, "column": 31 }
        },
        "type": "binary-expr",
        "locations": [
          { "start": { "line": 23, "column": 6 }, "end": { "line": 23, "column": 17 } },
          { "start": { "line": 24, "column": 6 }, "end": { "line": 24, "column": 30 } },
          { "start": { "line": 25, "column": 6 }, "end": { "line": 25, "column": 17 } },
          { "start": { "line": 26, "column": 6 }, "end": { "line": 26, "column": 31 } }
        ],
        "line": 23
      },
      "3": {
        "loc": {
          "start": { "line": 45, "column": 11 },
          "end": { "line": 45, "column": 71 }
        },
        "type": "binary-expr",
        "locations": [
          { "start": { "line": 45, "column": 11 }, "end": { "line": 45, "column": 34 } },
          { "start": { "line": 45, "column": 38 }, "end": { "line": 45, "column": 71 } }
        ],
        "line": 45
      },
      "4": {
        "loc": {
          "start": { "line": 46, "column": 4 },
          "end": { "line": 52, "column": 5 }
        },
        "type": "if",
        "locations": [
          { "start": { "line": 46, "column": 4 }, "end": { "line": 52, "column": 5 } },
          { "start": {}, "end": {} }
        ],
        "line": 46
      },
      "5": {
        "loc": {
          "start": { "line": 47, "column": 6 },
          "end": { "line": 49, "column": 38 }
        },
        "type": "binary-expr",
        "locations": [
          { "start": { "line": 47, "column": 6 }, "end": { "line": 47, "column": 29 } },
          { "start": { "line": 48, "column": 6 }, "end": { "line": 48, "column": 42 } },
          { "start": { "line": 49, "column": 6 }, "end": { "line": 49, "column": 38 } }
        ],
        "line": 47
      },
      "6": {
        "loc": {
          "start": { "line": 70, "column": 2 },
          "end": { "line": 70, "column": 55 }
        },
        "type": "if",
        "locations": [
          { "start": { "line": 70, "column": 2 }, "end": { "line": 70, "column": 55 } },
          { "start": {}, "end": {} }
        ],
        "line": 70
      },
      "7": {
        "loc": {
          "start": { "line": 70, "column": 6 },
          "end": { "line": 70, "column": 44 }
        },
        "type": "binary-expr",
        "locations": [
          { "start": { "line": 70, "column": 6 }, "end": { "line": 70, "column": 18 } },
          { "start": { "line": 70, "column": 22 }, "end": { "line": 70, "column": 44 } }
        ],
        "line": 70
      },
      "8": {
        "loc": {
          "start": { "line": 79, "column": 4 },
          "end": { "line": 79, "column": 23 }
        },
        "type": "if",
        "locations": [
          { "start": { "line": 79, "column": 4 }, "end": { "line": 79, "column": 23 } },
          { "start": {}, "end": {} }
        ],
        "line": 79
      },
      "9": {
        "loc": {
          "start": { "line": 81, "column": 4 },
          "end": { "line": 126, "column": 5 }
        },
        "type": "if",
        "locations": [
          { "start": { "line": 81, "column": 4 }, "end": { "line": 126, "column": 5 } },
          { "start": { "line": 83, "column": 11 }, "end": { "line": 126, "column": 5 } }
        ],
        "line": 81
      },
      "10": {
        "loc": {
          "start": { "line": 88, "column": 8 },
          "end": { "line": 90, "column": 21 }
        },
        "type": "cond-expr",
        "locations": [
          { "start": { "line": 89, "column": 12 }, "end": { "line": 89, "column": 66 } },
          { "start": { "line": 90, "column": 12 }, "end": { "line": 90, "column": 21 } }
        ],
        "line": 88
      },
      "11": {
        "loc": {
          "start": { "line": 93, "column": 8 },
          "end": { "line": 93, "column": 75 }
        },
        "type": "binary-expr",
        "locations": [
          { "start": { "line": 93, "column": 8 }, "end": { "line": 93, "column": 38 } },
          { "start": { "line": 93, "column": 42 }, "end": { "line": 93, "column": 75 } }
        ],
        "line": 93
      },
      "12": {
        "loc": {
          "start": { "line": 95, "column": 6 },
          "end": { "line": 125, "column": 7 }
        },
        "type": "if",
        "locations": [
          { "start": { "line": 95, "column": 6 }, "end": { "line": 125, "column": 7 } },
          { "start": { "line": 120, "column": 13 }, "end": { "line": 125, "column": 7 } }
        ],
        "line": 95
      },
      "13": {
        "loc": {
          "start": { "line": 99, "column": 10 },
          "end": { "line": 100, "column": 84 }
        },
        "type": "binary-expr",
        "locations": [
          { "start": { "line": 99, "column": 10 }, "end": { "line": 99, "column": 30 } },
          { "start": { "line": 100, "column": 10 }, "end": { "line": 100, "column": 84 } }
        ],
        "line": 99
      },
      "14": {
        "loc": {
          "start": { "line": 105, "column": 8 },
          "end": { "line": 119, "column": 9 }
        },
        "type": "if",
        "locations": [
          { "start": { "line": 105, "column": 8 }, "end": { "line": 119, "column": 9 } },
          { "start": { "line": 111, "column": 15 }, "end": { "line": 119, "column": 9 } }
        ],
        "line": 105
      },
      "15": {
        "loc": {
          "start": { "line": 117, "column": 23 },
          "end": { "line": 117, "column": 55 }
        },
        "type": "cond-expr",
        "locations": [
          {
            "start": { "line": 117, "column": 35 },
            "end": { "line": 117, "column": 46 }
          },
          { "start": { "line": 117, "column": 49 }, "end": { "line": 117, "column": 55 } }
        ],
        "line": 117
      },
      "16": {
        "loc": {
          "start": { "line": 129, "column": 2 },
          "end": { "line": 129, "column": 51 }
        },
        "type": "if",
        "locations": [
          { "start": { "line": 129, "column": 2 }, "end": { "line": 129, "column": 51 } },
          { "start": {}, "end": {} }
        ],
        "line": 129
      },
      "17": {
        "loc": {
          "start": { "line": 179, "column": 20 },
          "end": { "line": 179, "column": 48 }
        },
        "type": "binary-expr",
        "locations": [
          {
            "start": { "line": 179, "column": 20 },
            "end": { "line": 179, "column": 42 }
          },
          { "start": { "line": 179, "column": 46 }, "end": { "line": 179, "column": 48 } }
        ],
        "line": 179
      },
      "18": {
        "loc": {
          "start": { "line": 180, "column": 20 },
          "end": { "line": 180, "column": 51 }
        },
        "type": "binary-expr",
        "locations": [
          {
            "start": { "line": 180, "column": 20 },
            "end": { "line": 180, "column": 45 }
          },
          { "start": { "line": 180, "column": 49 }, "end": { "line": 180, "column": 51 } }
        ],
        "line": 180
      },
      "19": {
        "loc": {
          "start": { "line": 181, "column": 16 },
          "end": { "line": 181, "column": 43 }
        },
        "type": "binary-expr",
        "locations": [
          {
            "start": { "line": 181, "column": 16 },
            "end": { "line": 181, "column": 37 }
          },
          { "start": { "line": 181, "column": 41 }, "end": { "line": 181, "column": 43 } }
        ],
        "line": 181
      },
      "20": {
        "loc": {
          "start": { "line": 193, "column": 4 },
          "end": { "line": 197, "column": 5 }
        },
        "type": "if",
        "locations": [
          { "start": { "line": 193, "column": 4 }, "end": { "line": 197, "column": 5 } },
          { "start": { "line": 195, "column": 11 }, "end": { "line": 197, "column": 5 } }
        ],
        "line": 193
      },
      "21": {
        "loc": {
          "start": { "line": 193, "column": 8 },
          "end": { "line": 193, "column": 52 }
        },
        "type": "binary-expr",
        "locations": [
          { "start": { "line": 193, "column": 8 }, "end": { "line": 193, "column": 21 } },
          { "start": { "line": 193, "column": 25 }, "end": { "line": 193, "column": 52 } }
        ],
        "line": 193
      },
      "22": {
        "loc": {
          "start": { "line": 194, "column": 31 },
          "end": { "line": 194, "column": 87 }
        },
        "type": "binary-expr",
        "locations": [
          {
            "start": { "line": 194, "column": 31 },
            "end": { "line": 194, "column": 79 }
          },
          { "start": { "line": 194, "column": 83 }, "end": { "line": 194, "column": 87 } }
        ],
        "line": 194
      },
      "23": {
        "loc": {
          "start": { "line": 203, "column": 4 },
          "end": { "line": 203, "column": 46 }
        },
        "type": "if",
        "locations": [
          { "start": { "line": 203, "column": 4 }, "end": { "line": 203, "column": 46 } },
          { "start": {}, "end": {} }
        ],
        "line": 203
      },
      "24": {
        "loc": {
          "start": { "line": 210, "column": 4 },
          "end": { "line": 210, "column": 83 }
        },
        "type": "if",
        "locations": [
          { "start": { "line": 210, "column": 4 }, "end": { "line": 210, "column": 83 } },
          { "start": {}, "end": {} }
        ],
        "line": 210
      },
      "25": {
        "loc": {
          "start": { "line": 210, "column": 8 },
          "end": { "line": 210, "column": 75 }
        },
        "type": "binary-expr",
        "locations": [
          { "start": { "line": 210, "column": 8 }, "end": { "line": 210, "column": 24 } },
          {
            "start": { "line": 210, "column": 28 },
            "end": { "line": 210, "column": 49 }
          },
          { "start": { "line": 210, "column": 53 }, "end": { "line": 210, "column": 75 } }
        ],
        "line": 210
      },
      "26": {
        "loc": {
          "start": { "line": 218, "column": 4 },
          "end": { "line": 221, "column": 5 }
        },
        "type": "if",
        "locations": [
          { "start": { "line": 218, "column": 4 }, "end": { "line": 221, "column": 5 } },
          { "start": {}, "end": {} }
        ],
        "line": 218
      },
      "27": {
        "loc": {
          "start": { "line": 218, "column": 8 },
          "end": { "line": 218, "column": 46 }
        },
        "type": "binary-expr",
        "locations": [
          { "start": { "line": 218, "column": 8 }, "end": { "line": 218, "column": 23 } },
          { "start": { "line": 218, "column": 27 }, "end": { "line": 218, "column": 46 } }
        ],
        "line": 218
      },
      "28": {
        "loc": {
          "start": { "line": 220, "column": 21 },
          "end": { "line": 220, "column": 55 }
        },
        "type": "cond-expr",
        "locations": [
          {
            "start": { "line": 220, "column": 41 },
            "end": { "line": 220, "column": 51 }
          },
          { "start": { "line": 220, "column": 54 }, "end": { "line": 220, "column": 55 } }
        ],
        "line": 220
      },
      "29": {
        "loc": {
          "start": { "line": 230, "column": 22 },
          "end": { "line": 230, "column": 64 }
        },
        "type": "binary-expr",
        "locations": [
          {
            "start": { "line": 230, "column": 22 },
            "end": { "line": 230, "column": 40 }
          },
          { "start": { "line": 230, "column": 44 }, "end": { "line": 230, "column": 64 } }
        ],
        "line": 230
      },
      "30": {
        "loc": {
          "start": { "line": 231, "column": 24 },
          "end": { "line": 231, "column": 81 }
        },
        "type": "cond-expr",
        "locations": [
          {
            "start": { "line": 231, "column": 44 },
            "end": { "line": 231, "column": 68 }
          },
          { "start": { "line": 231, "column": 72 }, "end": { "line": 231, "column": 81 } }
        ],
        "line": 231
      },
      "31": {
        "loc": {
          "start": { "line": 231, "column": 44 },
          "end": { "line": 231, "column": 68 }
        },
        "type": "binary-expr",
        "locations": [
          {
            "start": { "line": 231, "column": 44 },
            "end": { "line": 231, "column": 62 }
          },
          { "start": { "line": 231, "column": 66 }, "end": { "line": 231, "column": 68 } }
        ],
        "line": 231
      },
      "32": {
        "loc": {
          "start": { "line": 235, "column": 4 },
          "end": { "line": 235, "column": 70 }
        },
        "type": "if",
        "locations": [
          { "start": { "line": 235, "column": 4 }, "end": { "line": 235, "column": 70 } },
          { "start": {}, "end": {} }
        ],
        "line": 235
      },
      "33": {
        "loc": {
          "start": { "line": 235, "column": 8 },
          "end": { "line": 235, "column": 56 }
        },
        "type": "binary-expr",
        "locations": [
          { "start": { "line": 235, "column": 8 }, "end": { "line": 235, "column": 31 } },
          { "start": { "line": 235, "column": 35 }, "end": { "line": 235, "column": 56 } }
        ],
        "line": 235
      },
      "34": {
        "loc": {
          "start": { "line": 238, "column": 11 },
          "end": { "line": 238, "column": 43 }
        },
        "type": "binary-expr",
        "locations": [
          {
            "start": { "line": 238, "column": 11 },
            "end": { "line": 238, "column": 25 }
          },
          { "start": { "line": 238, "column": 29 }, "end": { "line": 238, "column": 43 } }
        ],
        "line": 238
      },
      "35": {
        "loc": {
          "start": { "line": 244, "column": 49 },
          "end": { "line": 244, "column": 71 }
        },
        "type": "binary-expr",
        "locations": [
          {
            "start": { "line": 244, "column": 49 },
            "end": { "line": 244, "column": 58 }
          },
          { "start": { "line": 244, "column": 62 }, "end": { "line": 244, "column": 71 } }
        ],
        "line": 244
      },
      "36": {
        "loc": {
          "start": { "line": 248, "column": 17 },
          "end": { "line": 248, "column": 79 }
        },
        "type": "binary-expr",
        "locations": [
          {
            "start": { "line": 248, "column": 17 },
            "end": { "line": 248, "column": 26 }
          },
          {
            "start": { "line": 248, "column": 30 },
            "end": { "line": 248, "column": 39 }
          },
          {
            "start": { "line": 248, "column": 43 },
            "end": { "line": 248, "column": 61 }
          },
          { "start": { "line": 248, "column": 65 }, "end": { "line": 248, "column": 79 } }
        ],
        "line": 248
      },
      "37": {
        "loc": {
          "start": { "line": 253, "column": 21 },
          "end": { "line": 253, "column": 69 }
        },
        "type": "binary-expr",
        "locations": [
          {
            "start": { "line": 253, "column": 21 },
            "end": { "line": 253, "column": 43 }
          },
          { "start": { "line": 253, "column": 47 }, "end": { "line": 253, "column": 69 } }
        ],
        "line": 253
      },
      "38": {
        "loc": {
          "start": { "line": 263, "column": 6 },
          "end": { "line": 269, "column": 7 }
        },
        "type": "if",
        "locations": [
          { "start": { "line": 263, "column": 6 }, "end": { "line": 269, "column": 7 } },
          { "start": {}, "end": {} }
        ],
        "line": 263
      },
      "39": {
        "loc": {
          "start": { "line": 273, "column": 6 },
          "end": { "line": 276, "column": 7 }
        },
        "type": "if",
        "locations": [
          { "start": { "line": 273, "column": 6 }, "end": { "line": 276, "column": 7 } },
          { "start": {}, "end": {} }
        ],
        "line": 273
      },
      "40": {
        "loc": {
          "start": { "line": 281, "column": 6 },
          "end": { "line": 285, "column": 7 }
        },
        "type": "if",
        "locations": [
          { "start": { "line": 281, "column": 6 }, "end": { "line": 285, "column": 7 } },
          { "start": {}, "end": {} }
        ],
        "line": 281
      },
      "41": {
        "loc": {
          "start": { "line": 281, "column": 10 },
          "end": { "line": 281, "column": 40 }
        },
        "type": "binary-expr",
        "locations": [
          {
            "start": { "line": 281, "column": 10 },
            "end": { "line": 281, "column": 24 }
          },
          { "start": { "line": 281, "column": 28 }, "end": { "line": 281, "column": 40 } }
        ],
        "line": 281
      },
      "42": {
        "loc": {
          "start": { "line": 288, "column": 6 },
          "end": { "line": 292, "column": 7 }
        },
        "type": "if",
        "locations": [
          { "start": { "line": 288, "column": 6 }, "end": { "line": 292, "column": 7 } },
          { "start": {}, "end": {} }
        ],
        "line": 288
      },
      "43": {
        "loc": {
          "start": { "line": 291, "column": 8 },
          "end": { "line": 291, "column": 71 }
        },
        "type": "if",
        "locations": [
          { "start": { "line": 291, "column": 8 }, "end": { "line": 291, "column": 71 } },
          { "start": {}, "end": {} }
        ],
        "line": 291
      },
      "44": {
        "loc": {
          "start": { "line": 291, "column": 12 },
          "end": { "line": 291, "column": 42 }
        },
        "type": "binary-expr",
        "locations": [
          {
            "start": { "line": 291, "column": 12 },
            "end": { "line": 291, "column": 26 }
          },
          { "start": { "line": 291, "column": 30 }, "end": { "line": 291, "column": 42 } }
        ],
        "line": 291
      },
      "45": {
        "loc": {
          "start": { "line": 308, "column": 4 },
          "end": { "line": 314, "column": 5 }
        },
        "type": "if",
        "locations": [
          { "start": { "line": 308, "column": 4 }, "end": { "line": 314, "column": 5 } },
          { "start": {}, "end": {} }
        ],
        "line": 308
      },
      "46": {
        "loc": {
          "start": { "line": 309, "column": 6 },
          "end": { "line": 311, "column": 26 }
        },
        "type": "binary-expr",
        "locations": [
          { "start": { "line": 309, "column": 6 }, "end": { "line": 309, "column": 22 } },
          { "start": { "line": 310, "column": 6 }, "end": { "line": 310, "column": 48 } },
          { "start": { "line": 311, "column": 6 }, "end": { "line": 311, "column": 26 } }
        ],
        "line": 309
      }
    },
    "s": {
      "0": 10,
      "1": 12,
      "2": 3,
      "3": 9,
      "4": 6,
      "5": 4,
      "6": 11,
      "7": 11,
      "8": 11,
      "9": 40,
      "10": 6,
      "11": 40,
      "12": 22,
      "13": 11,
      "14": 8,
      "15": 2,
      "16": 6,
      "17": 6,
      "18": 6,
      "19": 6,
      "20": 6,
      "21": 27,
      "22": 27,
      "23": 1,
      "24": 26,
      "25": 19,
      "26": 7,
      "27": 7,
      "28": 7,
      "29": 7,
      "30": 2,
      "31": 2,
      "32": 2,
      "33": 2,
      "34": 1,
      "35": 1,
      "36": 1,
      "37": 1,
      "38": 1,
      "39": 1,
      "40": 1,
      "41": 1,
      "42": 5,
      "43": 5,
      "44": 5,
      "45": 6,
      "46": 6,
      "47": 6,
      "48": 0,
      "49": 0,
      "50": 0,
      "51": 0,
      "52": 0,
      "53": 0,
      "54": 0,
      "55": 0,
      "56": 0,
      "57": 0,
      "58": 0,
      "59": 0,
      "60": 0,
      "61": 0,
      "62": 0,
      "63": 0,
      "64": 0,
      "65": 0,
      "66": 0,
      "67": 0,
      "68": 0,
      "69": 0,
      "70": 0,
      "71": 0,
      "72": 0,
      "73": 0,
      "74": 0,
      "75": 0,
      "76": 0,
      "77": 0,
      "78": 0,
      "79": 0,
      "80": 0,
      "81": 0,
      "82": 0,
      "83": 0,
      "84": 0,
      "85": 0,
      "86": 0,
      "87": 0,
      "88": 0,
      "89": 0,
      "90": 0,
      "91": 0,
      "92": 0,
      "93": 0,
      "94": 0,
      "95": 0,
      "96": 0,
      "97": 0,
      "98": 0,
      "99": 0,
      "100": 0,
      "101": 0,
      "102": 0,
      "103": 0,
      "104": 0,
      "105": 0,
      "106": 0,
      "107": 0,
      "108": 0,
      "109": 0,
      "110": 0,
      "111": 0,
      "112": 0,
      "113": 0,
      "114": 0,
      "115": 0,
      "116": 0,
      "117": 0,
      "118": 0,
      "119": 0,
      "120": 0,
      "121": 0,
      "122": 0,
      "123": 0,
      "124": 0,
      "125": 0,
      "126": 0,
      "127": 0,
      "128": 0,
      "129": 0,
      "130": 0,
      "131": 0,
      "132": 0,
      "133": 0,
      "134": 0,
      "135": 0,
      "136": 0,
      "137": 0,
      "138": 0,
      "139": 0,
      "140": 0,
      "141": 0,
      "142": 0,
      "143": 0,
      "144": 0,
      "145": 0,
      "146": 0,
      "147": 0,
      "148": 0
    },
    "f": {
      "0": 10,
      "1": 11,
      "2": 8,
      "3": 0,
      "4": 0,
      "5": 0,
      "6": 0,
      "7": 0,
      "8": 0,
      "9": 0,
      "10": 0,
      "11": 0,
      "12": 0,
      "13": 0,
      "14": 0,
      "15": 0,
      "16": 0,
      "17": 0,
      "18": 0,
      "19": 0,
      "20": 0,
      "21": 0,
      "22": 0,
      "23": 0
    },
    "b": {
      "0": [3, 9],
      "1": [6, 3],
      "2": [9, 8, 7, 6],
      "3": [46, 29],
      "4": [22, 18],
      "5": [40, 23, 22],
      "6": [2, 6],
      "7": [8, 7],
      "8": [1, 26],
      "9": [19, 7],
      "10": [7, 0],
      "11": [7, 3],
      "12": [2, 5],
      "13": [4, 3],
      "14": [1, 1],
      "15": [1, 0],
      "16": [6, 0],
      "17": [0, 0],
      "18": [0, 0],
      "19": [0, 0],
      "20": [0, 0],
      "21": [0, 0],
      "22": [0, 0],
      "23": [0, 0],
      "24": [0, 0],
      "25": [0, 0, 0],
      "26": [0, 0],
      "27": [0, 0],
      "28": [0, 0],
      "29": [0, 0],
      "30": [0, 0],
      "31": [0, 0],
      "32": [0, 0],
      "33": [0, 0],
      "34": [0, 0],
      "35": [0, 0],
      "36": [0, 0, 0, 0],
      "37": [0, 0],
      "38": [0, 0],
      "39": [0, 0],
      "40": [0, 0],
      "41": [0, 0],
      "42": [0, 0],
      "43": [0, 0],
      "44": [0, 0],
      "45": [0, 0],
      "46": [0, 0, 0]
    },
    "_coverageSchema": "1a1c01bbd47fc00a2c39e90264f33305004495a9",
    "hash": "84fa7a09fca5335740d35f4ecae603a671bff934"
  }
}
