{"C:\\Users\\kent2\\Documents\\Senior Project\\contextdefinitions\\constants\\Themes.ts": {"path":"C:\\Users\\kent2\\Documents\\Senior Project\\contextdefinitions\\constants\\Themes.ts","statementMap":{"0":{"start":{"line":4,"column":16},"end":{"line":40,"column":10}},"1":{"start":{"line":43,"column":23},"end":{"line":53,"column":10}},"2":{"start":{"line":57,"column":26},"end":{"line":85,"column":10}},"3":{"start":{"line":88,"column":21},"end":{"line":98,"column":10}},"4":{"start":{"line":101,"column":23},"end":{"line":133,"column":1}},"5":{"start":{"line":136,"column":22},"end":{"line":209,"column":10}},"6":{"start":{"line":212,"column":21},"end":{"line":218,"column":10}}},"fnMap":{},"branchMap":{},"s":{"0":4,"1":4,"2":4,"3":4,"4":4,"5":4,"6":4},"f":{},"b":{},"_coverageSchema":"1a1c01bbd47fc00a2c39e90264f33305004495a9","hash":"da78c5d93bcc1582a20e55c1eda27967f77d237e"}
,"C:\\Users\\kent2\\Documents\\Senior Project\\contextdefinitions\\hooks\\useFullscreenModal.tsx": {"path":"C:\\Users\\kent2\\Documents\\Senior Project\\contextdefinitions\\hooks\\useFullscreenModal.tsx","statementMap":{"0":{"start":{"line":8,"column":31},"end":{"line":11,"column":2}},"1":{"start":{"line":14,"column":60},"end":{"line":14,"column":81}},"2":{"start":{"line":15,"column":2},"end":{"line":21,"column":3}},"3":{"start":{"line":25,"column":2},"end":{"line":25,"column":49}}},"fnMap":{"0":{"name":"(anonymous_0)","decl":{"start":{"line":10,"column":28},"end":{"line":10,"column":29}},"loc":{"start":{"line":10,"column":34},"end":{"line":10,"column":36}},"line":10},"1":{"name":"FullscreenModalProvider","decl":{"start":{"line":13,"column":16},"end":{"line":13,"column":39}},"loc":{"start":{"line":13,"column":85},"end":{"line":22,"column":1}},"line":13},"2":{"name":"useFullscreenModal","decl":{"start":{"line":24,"column":16},"end":{"line":24,"column":34}},"loc":{"start":{"line":24,"column":37},"end":{"line":26,"column":1}},"line":24}},"branchMap":{},"s":{"0":1,"1":11,"2":11,"3":11},"f":{"0":0,"1":11,"2":11},"b":{},"_coverageSchema":"1a1c01bbd47fc00a2c39e90264f33305004495a9","hash":"9b3f448178b26e84ca58c52ead68c28b484c4d38"}
,"C:\\Users\\kent2\\Documents\\Senior Project\\contextdefinitions\\hooks\\useHome.tsx": {"path":"C:\\Users\\kent2\\Documents\\Senior Project\\contextdefinitions\\hooks\\useHome.tsx","statementMap":{"0":{"start":{"line":27,"column":20},"end":{"line":27,"column":63}},"1":{"start":{"line":30,"column":34},"end":{"line":30,"column":65}},"2":{"start":{"line":31,"column":48},"end":{"line":31,"column":64}},"3":{"start":{"line":32,"column":44},"end":{"line":32,"column":77}},"4":{"start":{"line":33,"column":42},"end":{"line":33,"column":57}},"5":{"start":{"line":34,"column":39},"end":{"line":34,"column":51}},"6":{"start":{"line":35,"column":34},"end":{"line":35,"column":46}},"7":{"start":{"line":36,"column":17},"end":{"line":36,"column":28}},"8":{"start":{"line":37,"column":23},"end":{"line":37,"column":36}},"9":{"start":{"line":39,"column":26},"end":{"line":57,"column":3}},"10":{"start":{"line":40,"column":4},"end":{"line":40,"column":36}},"11":{"start":{"line":40,"column":30},"end":{"line":40,"column":36}},"12":{"start":{"line":41,"column":4},"end":{"line":41,"column":31}},"13":{"start":{"line":42,"column":15},"end":{"line":42,"column":25}},"14":{"start":{"line":43,"column":4},"end":{"line":43,"column":36}},"15":{"start":{"line":44,"column":4},"end":{"line":44,"column":17}},"16":{"start":{"line":45,"column":20},"end":{"line":45,"column":54}},"17":{"start":{"line":46,"column":4},"end":{"line":48,"column":5}},"18":{"start":{"line":49,"column":4},"end":{"line":55,"column":5}},"19":{"start":{"line":50,"column":6},"end":{"line":50,"column":39}},"20":{"start":{"line":51,"column":6},"end":{"line":51,"column":68}},"21":{"start":{"line":53,"column":6},"end":{"line":53,"column":58}},"22":{"start":{"line":54,"column":6},"end":{"line":54,"column":19}},"23":{"start":{"line":56,"column":4},"end":{"line":56,"column":32}},"24":{"start":{"line":59,"column":20},"end":{"line":62,"column":3}},"25":{"start":{"line":60,"column":17},"end":{"line":60,"column":55}},"26":{"start":{"line":61,"column":4},"end":{"line":61,"column":21}},"27":{"start":{"line":64,"column":23},"end":{"line":67,"column":3}},"28":{"start":{"line":65,"column":17},"end":{"line":65,"column":43}},"29":{"start":{"line":66,"column":4},"end":{"line":66,"column":21}},"30":{"start":{"line":69,"column":26},"end":{"line":81,"column":3}},"31":{"start":{"line":70,"column":4},"end":{"line":70,"column":37}},"32":{"start":{"line":71,"column":4},"end":{"line":80,"column":5}},"33":{"start":{"line":72,"column":6},"end":{"line":76,"column":7}},"34":{"start":{"line":73,"column":8},"end":{"line":73,"column":25}},"35":{"start":{"line":75,"column":8},"end":{"line":75,"column":28}},"36":{"start":{"line":79,"column":6},"end":{"line":79,"column":19}},"37":{"start":{"line":83,"column":22},"end":{"line":94,"column":3}},"38":{"start":{"line":84,"column":4},"end":{"line":84,"column":25}},"39":{"start":{"line":85,"column":4},"end":{"line":93,"column":5}},"40":{"start":{"line":86,"column":6},"end":{"line":90,"column":7}},"41":{"start":{"line":87,"column":8},"end":{"line":87,"column":25}},"42":{"start":{"line":89,"column":8},"end":{"line":89,"column":28}},"43":{"start":{"line":92,"column":6},"end":{"line":92,"column":28}},"44":{"start":{"line":96,"column":23},"end":{"line":111,"column":3}},"45":{"start":{"line":97,"column":4},"end":{"line":104,"column":5}},"46":{"start":{"line":98,"column":6},"end":{"line":102,"column":7}},"47":{"start":{"line":99,"column":8},"end":{"line":99,"column":25}},"48":{"start":{"line":101,"column":8},"end":{"line":101,"column":28}},"49":{"start":{"line":103,"column":6},"end":{"line":103,"column":12}},"50":{"start":{"line":106,"column":20},"end":{"line":109,"column":5}},"51":{"start":{"line":110,"column":4},"end":{"line":110,"column":24}},"52":{"start":{"line":113,"column":2},"end":{"line":115,"column":38}},"53":{"start":{"line":114,"column":4},"end":{"line":114,"column":21}},"54":{"start":{"line":117,"column":2},"end":{"line":134,"column":3}},"55":{"start":{"line":138,"column":18},"end":{"line":138,"column":41}},"56":{"start":{"line":139,"column":2},"end":{"line":141,"column":3}},"57":{"start":{"line":140,"column":4},"end":{"line":140,"column":65}},"58":{"start":{"line":142,"column":2},"end":{"line":142,"column":16}}},"fnMap":{"0":{"name":"HomeProvider","decl":{"start":{"line":29,"column":16},"end":{"line":29,"column":28}},"loc":{"start":{"line":29,"column":74},"end":{"line":135,"column":1}},"line":29},"1":{"name":"(anonymous_1)","decl":{"start":{"line":39,"column":26},"end":{"line":39,"column":27}},"loc":{"start":{"line":39,"column":62},"end":{"line":57,"column":3}},"line":39},"2":{"name":"(anonymous_2)","decl":{"start":{"line":59,"column":20},"end":{"line":59,"column":21}},"loc":{"start":{"line":59,"column":32},"end":{"line":62,"column":3}},"line":59},"3":{"name":"(anonymous_3)","decl":{"start":{"line":64,"column":23},"end":{"line":64,"column":24}},"loc":{"start":{"line":64,"column":35},"end":{"line":67,"column":3}},"line":64},"4":{"name":"(anonymous_4)","decl":{"start":{"line":69,"column":26},"end":{"line":69,"column":27}},"loc":{"start":{"line":69,"column":38},"end":{"line":81,"column":3}},"line":69},"5":{"name":"(anonymous_5)","decl":{"start":{"line":83,"column":22},"end":{"line":83,"column":23}},"loc":{"start":{"line":83,"column":34},"end":{"line":94,"column":3}},"line":83},"6":{"name":"(anonymous_6)","decl":{"start":{"line":96,"column":23},"end":{"line":96,"column":24}},"loc":{"start":{"line":96,"column":48},"end":{"line":111,"column":3}},"line":96},"7":{"name":"(anonymous_7)","decl":{"start":{"line":113,"column":12},"end":{"line":113,"column":13}},"loc":{"start":{"line":113,"column":18},"end":{"line":115,"column":3}},"line":113},"8":{"name":"useHome","decl":{"start":{"line":137,"column":16},"end":{"line":137,"column":23}},"loc":{"start":{"line":137,"column":26},"end":{"line":143,"column":1}},"line":137}},"branchMap":{"0":{"loc":{"start":{"line":40,"column":4},"end":{"line":40,"column":36}},"type":"if","locations":[{"start":{"line":40,"column":4},"end":{"line":40,"column":36}},{"start":{},"end":{}}],"line":40},"1":{"loc":{"start":{"line":49,"column":4},"end":{"line":55,"column":5}},"type":"if","locations":[{"start":{"line":49,"column":4},"end":{"line":55,"column":5}},{"start":{"line":52,"column":11},"end":{"line":55,"column":5}}],"line":49},"2":{"loc":{"start":{"line":72,"column":6},"end":{"line":76,"column":7}},"type":"if","locations":[{"start":{"line":72,"column":6},"end":{"line":76,"column":7}},{"start":{"line":74,"column":13},"end":{"line":76,"column":7}}],"line":72},"3":{"loc":{"start":{"line":86,"column":6},"end":{"line":90,"column":7}},"type":"if","locations":[{"start":{"line":86,"column":6},"end":{"line":90,"column":7}},{"start":{"line":88,"column":13},"end":{"line":90,"column":7}}],"line":86},"4":{"loc":{"start":{"line":97,"column":4},"end":{"line":104,"column":5}},"type":"if","locations":[{"start":{"line":97,"column":4},"end":{"line":104,"column":5}},{"start":{},"end":{}}],"line":97},"5":{"loc":{"start":{"line":98,"column":6},"end":{"line":102,"column":7}},"type":"if","locations":[{"start":{"line":98,"column":6},"end":{"line":102,"column":7}},{"start":{"line":100,"column":13},"end":{"line":102,"column":7}}],"line":98},"6":{"loc":{"start":{"line":108,"column":6},"end":{"line":108,"column":56}},"type":"cond-expr","locations":[{"start":{"line":108,"column":38},"end":{"line":108,"column":47}},{"start":{"line":108,"column":50},"end":{"line":108,"column":56}}],"line":108},"7":{"loc":{"start":{"line":139,"column":2},"end":{"line":141,"column":3}},"type":"if","locations":[{"start":{"line":139,"column":2},"end":{"line":141,"column":3}},{"start":{},"end":{}}],"line":139}},"s":{"0":1,"1":35,"2":35,"3":35,"4":35,"5":35,"6":35,"7":35,"8":35,"9":35,"10":2,"11":0,"12":2,"13":2,"14":2,"15":2,"16":2,"17":2,"18":2,"19":1,"20":1,"21":1,"22":1,"23":2,"24":35,"25":14,"26":14,"27":35,"28":4,"29":4,"30":35,"31":14,"32":14,"33":14,"34":11,"35":3,"36":14,"37":35,"38":3,"39":3,"40":3,"41":2,"42":1,"43":3,"44":35,"45":3,"46":1,"47":1,"48":0,"49":1,"50":2,"51":2,"52":35,"53":14,"54":35,"55":32,"56":32,"57":0,"58":32},"f":{"0":35,"1":2,"2":14,"3":4,"4":14,"5":3,"6":3,"7":14,"8":32},"b":{"0":[0,2],"1":[1,1],"2":[11,3],"3":[2,1],"4":[1,2],"5":[1,0],"6":[1,1],"7":[0,32]},"_coverageSchema":"1a1c01bbd47fc00a2c39e90264f33305004495a9","hash":"c2c7ad0c7402440dbb933d435c246e119865c1e3"}
,"C:\\Users\\kent2\\Documents\\Senior Project\\contextdefinitions\\hooks\\useOnboarding.tsx": {"path":"C:\\Users\\kent2\\Documents\\Senior Project\\contextdefinitions\\hooks\\useOnboarding.tsx","statementMap":{"0":{"start":{"line":25,"column":26},"end":{"line":25,"column":75}},"1":{"start":{"line":28,"column":28},"end":{"line":28,"column":40}},"2":{"start":{"line":29,"column":34},"end":{"line":29,"column":46}},"3":{"start":{"line":30,"column":34},"end":{"line":30,"column":46}},"4":{"start":{"line":31,"column":34},"end":{"line":31,"column":46}},"5":{"start":{"line":32,"column":46},"end":{"line":32,"column":74}},"6":{"start":{"line":33,"column":46},"end":{"line":33,"column":74}},"7":{"start":{"line":35,"column":26},"end":{"line":42,"column":3}},"8":{"start":{"line":36,"column":4},"end":{"line":36,"column":16}},"9":{"start":{"line":37,"column":4},"end":{"line":37,"column":19}},"10":{"start":{"line":38,"column":4},"end":{"line":38,"column":19}},"11":{"start":{"line":39,"column":4},"end":{"line":39,"column":19}},"12":{"start":{"line":40,"column":4},"end":{"line":40,"column":27}},"13":{"start":{"line":41,"column":4},"end":{"line":41,"column":27}},"14":{"start":{"line":44,"column":2},"end":{"line":64,"column":3}},"15":{"start":{"line":68,"column":18},"end":{"line":68,"column":47}},"16":{"start":{"line":69,"column":2},"end":{"line":71,"column":3}},"17":{"start":{"line":70,"column":4},"end":{"line":70,"column":78}},"18":{"start":{"line":72,"column":2},"end":{"line":72,"column":16}}},"fnMap":{"0":{"name":"OnboardingProvider","decl":{"start":{"line":27,"column":16},"end":{"line":27,"column":34}},"loc":{"start":{"line":27,"column":80},"end":{"line":65,"column":1}},"line":27},"1":{"name":"(anonymous_1)","decl":{"start":{"line":35,"column":26},"end":{"line":35,"column":27}},"loc":{"start":{"line":35,"column":32},"end":{"line":42,"column":3}},"line":35},"2":{"name":"useOnboarding","decl":{"start":{"line":67,"column":16},"end":{"line":67,"column":29}},"loc":{"start":{"line":67,"column":32},"end":{"line":73,"column":1}},"line":67}},"branchMap":{"0":{"loc":{"start":{"line":69,"column":2},"end":{"line":71,"column":3}},"type":"if","locations":[{"start":{"line":69,"column":2},"end":{"line":71,"column":3}},{"start":{},"end":{}}],"line":69}},"s":{"0":1,"1":19,"2":19,"3":19,"4":19,"5":19,"6":19,"7":19,"8":1,"9":1,"10":1,"11":1,"12":1,"13":1,"14":19,"15":19,"16":19,"17":0,"18":19},"f":{"0":19,"1":1,"2":19},"b":{"0":[0,19]},"_coverageSchema":"1a1c01bbd47fc00a2c39e90264f33305004495a9","hash":"b474b02a732df6fc0771229ea7ab1c25b577c8cd"}
,"C:\\Users\\kent2\\Documents\\Senior Project\\contextdefinitions\\hooks\\useProfile.tsx": {"path":"C:\\Users\\kent2\\Documents\\Senior Project\\contextdefinitions\\hooks\\useProfile.tsx","statementMap":{"0":{"start":{"line":13,"column":23},"end":{"line":17,"column":2}},"1":{"start":{"line":20,"column":22},"end":{"line":20,"column":34}},"2":{"start":{"line":21,"column":32},"end":{"line":21,"column":62}},"3":{"start":{"line":22,"column":36},"end":{"line":22,"column":50}},"4":{"start":{"line":24,"column":23},"end":{"line":38,"column":25}},"5":{"start":{"line":25,"column":4},"end":{"line":29,"column":5}},"6":{"start":{"line":26,"column":6},"end":{"line":26,"column":22}},"7":{"start":{"line":27,"column":6},"end":{"line":27,"column":25}},"8":{"start":{"line":28,"column":6},"end":{"line":28,"column":12}},"9":{"start":{"line":31,"column":28},"end":{"line":31,"column":67}},"10":{"start":{"line":33,"column":4},"end":{"line":35,"column":5}},"11":{"start":{"line":34,"column":6},"end":{"line":34,"column":22}},"12":{"start":{"line":36,"column":4},"end":{"line":36,"column":69}},"13":{"start":{"line":37,"column":4},"end":{"line":37,"column":23}},"14":{"start":{"line":40,"column":2},"end":{"line":42,"column":20}},"15":{"start":{"line":41,"column":4},"end":{"line":41,"column":18}},"16":{"start":{"line":44,"column":2},"end":{"line":48,"column":3}},"17":{"start":{"line":52,"column":18},"end":{"line":52,"column":44}},"18":{"start":{"line":53,"column":2},"end":{"line":55,"column":3}},"19":{"start":{"line":54,"column":4},"end":{"line":54,"column":71}},"20":{"start":{"line":56,"column":2},"end":{"line":56,"column":16}}},"fnMap":{"0":{"name":"(anonymous_0)","decl":{"start":{"line":16,"column":18},"end":{"line":16,"column":19}},"loc":{"start":{"line":16,"column":30},"end":{"line":16,"column":32}},"line":16},"1":{"name":"ProfileProvider","decl":{"start":{"line":19,"column":16},"end":{"line":19,"column":31}},"loc":{"start":{"line":19,"column":77},"end":{"line":49,"column":1}},"line":19},"2":{"name":"(anonymous_2)","decl":{"start":{"line":24,"column":35},"end":{"line":24,"column":36}},"loc":{"start":{"line":24,"column":47},"end":{"line":38,"column":3}},"line":24},"3":{"name":"(anonymous_3)","decl":{"start":{"line":40,"column":12},"end":{"line":40,"column":13}},"loc":{"start":{"line":40,"column":18},"end":{"line":42,"column":3}},"line":40},"4":{"name":"useProfile","decl":{"start":{"line":51,"column":16},"end":{"line":51,"column":26}},"loc":{"start":{"line":51,"column":29},"end":{"line":57,"column":1}},"line":51}},"branchMap":{"0":{"loc":{"start":{"line":25,"column":4},"end":{"line":29,"column":5}},"type":"if","locations":[{"start":{"line":25,"column":4},"end":{"line":29,"column":5}},{"start":{},"end":{}}],"line":25},"1":{"loc":{"start":{"line":33,"column":4},"end":{"line":35,"column":5}},"type":"if","locations":[{"start":{"line":33,"column":4},"end":{"line":35,"column":5}},{"start":{},"end":{}}],"line":33},"2":{"loc":{"start":{"line":33,"column":8},"end":{"line":33,"column":22}},"type":"binary-expr","locations":[{"start":{"line":33,"column":8},"end":{"line":33,"column":14}},{"start":{"line":33,"column":18},"end":{"line":33,"column":22}}],"line":33},"3":{"loc":{"start":{"line":53,"column":2},"end":{"line":55,"column":3}},"type":"if","locations":[{"start":{"line":53,"column":2},"end":{"line":55,"column":3}},{"start":{},"end":{}}],"line":53}},"s":{"0":1,"1":13,"2":13,"3":13,"4":13,"5":7,"6":1,"7":1,"8":1,"9":6,"10":6,"11":4,"12":6,"13":6,"14":13,"15":6,"16":13,"17":13,"18":13,"19":0,"20":13},"f":{"0":0,"1":13,"2":7,"3":6,"4":13},"b":{"0":[1,6],"1":[4,2],"2":[6,5],"3":[0,13]},"_coverageSchema":"1a1c01bbd47fc00a2c39e90264f33305004495a9","hash":"4ef2418b4be0cc8140c75adacc73649470cd3245"}
,"C:\\Users\\kent2\\Documents\\Senior Project\\contextdefinitions\\hooks\\useSession.tsx": {"path":"C:\\Users\\kent2\\Documents\\Senior Project\\contextdefinitions\\hooks\\useSession.tsx","statementMap":{"0":{"start":{"line":10,"column":23},"end":{"line":13,"column":2}},"1":{"start":{"line":16,"column":32},"end":{"line":16,"column":62}},"2":{"start":{"line":17,"column":36},"end":{"line":17,"column":50}},"3":{"start":{"line":19,"column":2},"end":{"line":34,"column":8}},"4":{"start":{"line":21,"column":4},"end":{"line":24,"column":6}},"5":{"start":{"line":22,"column":6},"end":{"line":22,"column":25}},"6":{"start":{"line":23,"column":6},"end":{"line":23,"column":25}},"7":{"start":{"line":29,"column":8},"end":{"line":31,"column":6}},"8":{"start":{"line":30,"column":6},"end":{"line":30,"column":25}},"9":{"start":{"line":33,"column":4},"end":{"line":33,"column":43}},"10":{"start":{"line":33,"column":17},"end":{"line":33,"column":43}},"11":{"start":{"line":36,"column":2},"end":{"line":40,"column":3}},"12":{"start":{"line":44,"column":18},"end":{"line":44,"column":44}},"13":{"start":{"line":45,"column":2},"end":{"line":47,"column":3}},"14":{"start":{"line":46,"column":4},"end":{"line":46,"column":71}},"15":{"start":{"line":48,"column":2},"end":{"line":48,"column":16}}},"fnMap":{"0":{"name":"SessionProvider","decl":{"start":{"line":15,"column":16},"end":{"line":15,"column":31}},"loc":{"start":{"line":15,"column":77},"end":{"line":41,"column":1}},"line":15},"1":{"name":"(anonymous_1)","decl":{"start":{"line":19,"column":12},"end":{"line":19,"column":13}},"loc":{"start":{"line":19,"column":18},"end":{"line":34,"column":3}},"line":19},"2":{"name":"(anonymous_2)","decl":{"start":{"line":21,"column":36},"end":{"line":21,"column":37}},"loc":{"start":{"line":21,"column":63},"end":{"line":24,"column":5}},"line":21},"3":{"name":"(anonymous_3)","decl":{"start":{"line":29,"column":40},"end":{"line":29,"column":41}},"loc":{"start":{"line":29,"column":61},"end":{"line":31,"column":5}},"line":29},"4":{"name":"(anonymous_4)","decl":{"start":{"line":33,"column":11},"end":{"line":33,"column":12}},"loc":{"start":{"line":33,"column":17},"end":{"line":33,"column":43}},"line":33},"5":{"name":"useSession","decl":{"start":{"line":43,"column":16},"end":{"line":43,"column":26}},"loc":{"start":{"line":43,"column":29},"end":{"line":49,"column":1}},"line":43}},"branchMap":{"0":{"loc":{"start":{"line":45,"column":2},"end":{"line":47,"column":3}},"type":"if","locations":[{"start":{"line":45,"column":2},"end":{"line":47,"column":3}},{"start":{},"end":{}}],"line":45}},"s":{"0":1,"1":15,"2":15,"3":15,"4":7,"5":6,"6":6,"7":7,"8":2,"9":7,"10":7,"11":15,"12":15,"13":15,"14":0,"15":15},"f":{"0":15,"1":7,"2":6,"3":2,"4":7,"5":15},"b":{"0":[0,15]},"_coverageSchema":"1a1c01bbd47fc00a2c39e90264f33305004495a9","hash":"1ef83811c2c22ec5d65604ac0f97fdf4aef07cbd"}
,"C:\\Users\\kent2\\Documents\\Senior Project\\contextdefinitions\\hooks\\useThemeColor.tsx": {"path":"C:\\Users\\kent2\\Documents\\Senior Project\\contextdefinitions\\hooks\\useThemeColor.tsx","statementMap":{"0":{"start":{"line":31,"column":40},"end":{"line":31,"column":86}},"1":{"start":{"line":32,"column":25},"end":{"line":32,"column":43}},"2":{"start":{"line":34,"column":2},"end":{"line":38,"column":3}},"3":{"start":{"line":35,"column":4},"end":{"line":35,"column":25}},"4":{"start":{"line":37,"column":4},"end":{"line":37,"column":41}}},"fnMap":{"0":{"name":"useThemeColor","decl":{"start":{"line":30,"column":16},"end":{"line":30,"column":29}},"loc":{"start":{"line":30,"column":73},"end":{"line":39,"column":1}},"line":30}},"branchMap":{"0":{"loc":{"start":{"line":31,"column":40},"end":{"line":31,"column":86}},"type":"cond-expr","locations":[{"start":{"line":31,"column":70},"end":{"line":31,"column":76}},{"start":{"line":31,"column":79},"end":{"line":31,"column":86}}],"line":31},"1":{"loc":{"start":{"line":34,"column":2},"end":{"line":38,"column":3}},"type":"if","locations":[{"start":{"line":34,"column":2},"end":{"line":38,"column":3}},{"start":{"line":36,"column":9},"end":{"line":38,"column":3}}],"line":34}},"s":{"0":7,"1":7,"2":7,"3":2,"4":5},"f":{"0":7},"b":{"0":[3,4],"1":[2,5]},"_coverageSchema":"1a1c01bbd47fc00a2c39e90264f33305004495a9","hash":"4a63fc2c1ee71502955020c88cc1e9456ee92f4b"}
,"C:\\Users\\kent2\\Documents\\Senior Project\\contextdefinitions\\hooks\\useUpload.tsx": {"path":"C:\\Users\\kent2\\Documents\\Senior Project\\contextdefinitions\\hooks\\useUpload.tsx","statementMap":{"0":{"start":{"line":42,"column":36},"end":{"line":46,"column":1}},"1":{"start":{"line":48,"column":22},"end":{"line":48,"column":67}},"2":{"start":{"line":51,"column":30},"end":{"line":51,"column":67}},"3":{"start":{"line":52,"column":34},"end":{"line":52,"column":71}},"4":{"start":{"line":53,"column":59},"end":{"line":53,"column":74}},"5":{"start":{"line":54,"column":64},"end":{"line":54,"column":79}},"6":{"start":{"line":55,"column":61},"end":{"line":55,"column":76}},"7":{"start":{"line":56,"column":61},"end":{"line":56,"column":76}},"8":{"start":{"line":57,"column":39},"end":{"line":57,"column":51}},"9":{"start":{"line":58,"column":30},"end":{"line":58,"column":39}},"10":{"start":{"line":60,"column":20},"end":{"line":63,"column":3}},"11":{"start":{"line":61,"column":4},"end":{"line":61,"column":55}},"12":{"start":{"line":62,"column":4},"end":{"line":62,"column":21}},"13":{"start":{"line":65,"column":18},"end":{"line":68,"column":3}},"14":{"start":{"line":66,"column":4},"end":{"line":66,"column":47}},"15":{"start":{"line":67,"column":4},"end":{"line":67,"column":21}},"16":{"start":{"line":70,"column":18},"end":{"line":93,"column":3}},"17":{"start":{"line":77,"column":4},"end":{"line":77,"column":56}},"18":{"start":{"line":78,"column":4},"end":{"line":78,"column":42}},"19":{"start":{"line":79,"column":4},"end":{"line":92,"column":5}},"20":{"start":{"line":80,"column":6},"end":{"line":80,"column":49}},"21":{"start":{"line":81,"column":22},"end":{"line":81,"column":83}},"22":{"start":{"line":82,"column":6},"end":{"line":82,"column":19}},"23":{"start":{"line":83,"column":6},"end":{"line":88,"column":7}},"24":{"start":{"line":84,"column":8},"end":{"line":84,"column":53}},"25":{"start":{"line":85,"column":8},"end":{"line":85,"column":25}},"26":{"start":{"line":87,"column":8},"end":{"line":87,"column":80}},"27":{"start":{"line":90,"column":6},"end":{"line":90,"column":19}},"28":{"start":{"line":91,"column":6},"end":{"line":91,"column":78}},"29":{"start":{"line":95,"column":24},"end":{"line":109,"column":3}},"30":{"start":{"line":96,"column":4},"end":{"line":96,"column":49}},"31":{"start":{"line":97,"column":4},"end":{"line":108,"column":5}},"32":{"start":{"line":98,"column":17},"end":{"line":98,"column":19}},"33":{"start":{"line":99,"column":6},"end":{"line":103,"column":7}},"34":{"start":{"line":100,"column":8},"end":{"line":100,"column":52}},"35":{"start":{"line":101,"column":13},"end":{"line":103,"column":7}},"36":{"start":{"line":102,"column":8},"end":{"line":102,"column":56}},"37":{"start":{"line":104,"column":6},"end":{"line":104,"column":46}},"38":{"start":{"line":104,"column":27},"end":{"line":104,"column":44}},"39":{"start":{"line":105,"column":6},"end":{"line":105,"column":31}},"40":{"start":{"line":107,"column":6},"end":{"line":107,"column":19}},"41":{"start":{"line":111,"column":22},"end":{"line":114,"column":3}},"42":{"start":{"line":112,"column":4},"end":{"line":112,"column":28}},"43":{"start":{"line":113,"column":4},"end":{"line":113,"column":21}},"44":{"start":{"line":116,"column":2},"end":{"line":148,"column":3}},"45":{"start":{"line":127,"column":36},"end":{"line":127,"column":61}},"46":{"start":{"line":128,"column":36},"end":{"line":128,"column":62}},"47":{"start":{"line":130,"column":37},"end":{"line":130,"column":66}},"48":{"start":{"line":131,"column":37},"end":{"line":131,"column":67}},"49":{"start":{"line":133,"column":36},"end":{"line":133,"column":63}},"50":{"start":{"line":134,"column":36},"end":{"line":134,"column":64}},"51":{"start":{"line":137,"column":10},"end":{"line":142,"column":41}},"52":{"start":{"line":143,"column":36},"end":{"line":143,"column":64}},"53":{"start":{"line":152,"column":18},"end":{"line":152,"column":43}},"54":{"start":{"line":153,"column":2},"end":{"line":155,"column":3}},"55":{"start":{"line":154,"column":4},"end":{"line":154,"column":70}},"56":{"start":{"line":156,"column":2},"end":{"line":156,"column":16}}},"fnMap":{"0":{"name":"UploadProvider","decl":{"start":{"line":50,"column":16},"end":{"line":50,"column":30}},"loc":{"start":{"line":50,"column":76},"end":{"line":149,"column":1}},"line":50},"1":{"name":"(anonymous_1)","decl":{"start":{"line":60,"column":20},"end":{"line":60,"column":21}},"loc":{"start":{"line":60,"column":40},"end":{"line":63,"column":3}},"line":60},"2":{"name":"(anonymous_2)","decl":{"start":{"line":65,"column":18},"end":{"line":65,"column":19}},"loc":{"start":{"line":65,"column":59},"end":{"line":68,"column":3}},"line":65},"3":{"name":"(anonymous_3)","decl":{"start":{"line":70,"column":18},"end":{"line":70,"column":19}},"loc":{"start":{"line":76,"column":7},"end":{"line":93,"column":3}},"line":76},"4":{"name":"(anonymous_4)","decl":{"start":{"line":95,"column":24},"end":{"line":95,"column":25}},"loc":{"start":{"line":95,"column":36},"end":{"line":109,"column":3}},"line":95},"5":{"name":"(anonymous_5)","decl":{"start":{"line":104,"column":16},"end":{"line":104,"column":17}},"loc":{"start":{"line":104,"column":27},"end":{"line":104,"column":44}},"line":104},"6":{"name":"(anonymous_6)","decl":{"start":{"line":111,"column":22},"end":{"line":111,"column":23}},"loc":{"start":{"line":111,"column":28},"end":{"line":114,"column":3}},"line":111},"7":{"name":"(anonymous_7)","decl":{"start":{"line":127,"column":30},"end":{"line":127,"column":31}},"loc":{"start":{"line":127,"column":36},"end":{"line":127,"column":61}},"line":127},"8":{"name":"(anonymous_8)","decl":{"start":{"line":128,"column":30},"end":{"line":128,"column":31}},"loc":{"start":{"line":128,"column":36},"end":{"line":128,"column":62}},"line":128},"9":{"name":"(anonymous_9)","decl":{"start":{"line":130,"column":31},"end":{"line":130,"column":32}},"loc":{"start":{"line":130,"column":37},"end":{"line":130,"column":66}},"line":130},"10":{"name":"(anonymous_10)","decl":{"start":{"line":131,"column":31},"end":{"line":131,"column":32}},"loc":{"start":{"line":131,"column":37},"end":{"line":131,"column":67}},"line":131},"11":{"name":"(anonymous_11)","decl":{"start":{"line":133,"column":30},"end":{"line":133,"column":31}},"loc":{"start":{"line":133,"column":36},"end":{"line":133,"column":63}},"line":133},"12":{"name":"(anonymous_12)","decl":{"start":{"line":134,"column":30},"end":{"line":134,"column":31}},"loc":{"start":{"line":134,"column":36},"end":{"line":134,"column":64}},"line":134},"13":{"name":"(anonymous_13)","decl":{"start":{"line":136,"column":30},"end":{"line":136,"column":31}},"loc":{"start":{"line":137,"column":10},"end":{"line":142,"column":41}},"line":137},"14":{"name":"(anonymous_14)","decl":{"start":{"line":143,"column":30},"end":{"line":143,"column":31}},"loc":{"start":{"line":143,"column":36},"end":{"line":143,"column":64}},"line":143},"15":{"name":"useUpload","decl":{"start":{"line":151,"column":16},"end":{"line":151,"column":25}},"loc":{"start":{"line":151,"column":28},"end":{"line":157,"column":1}},"line":151}},"branchMap":{"0":{"loc":{"start":{"line":83,"column":6},"end":{"line":88,"column":7}},"type":"if","locations":[{"start":{"line":83,"column":6},"end":{"line":88,"column":7}},{"start":{"line":86,"column":13},"end":{"line":88,"column":7}}],"line":83},"1":{"loc":{"start":{"line":99,"column":6},"end":{"line":103,"column":7}},"type":"if","locations":[{"start":{"line":99,"column":6},"end":{"line":103,"column":7}},{"start":{"line":101,"column":13},"end":{"line":103,"column":7}}],"line":99},"2":{"loc":{"start":{"line":101,"column":13},"end":{"line":103,"column":7}},"type":"if","locations":[{"start":{"line":101,"column":13},"end":{"line":103,"column":7}},{"start":{},"end":{}}],"line":101},"3":{"loc":{"start":{"line":137,"column":10},"end":{"line":142,"column":41}},"type":"cond-expr","locations":[{"start":{"line":138,"column":14},"end":{"line":141,"column":15}},{"start":{"line":142,"column":14},"end":{"line":142,"column":41}}],"line":137},"4":{"loc":{"start":{"line":153,"column":2},"end":{"line":155,"column":3}},"type":"if","locations":[{"start":{"line":153,"column":2},"end":{"line":155,"column":3}},{"start":{},"end":{}}],"line":153}},"s":{"0":1,"1":1,"2":36,"3":36,"4":36,"5":36,"6":36,"7":36,"8":36,"9":36,"10":36,"11":5,"12":5,"13":36,"14":2,"15":2,"16":36,"17":0,"18":0,"19":0,"20":0,"21":0,"22":0,"23":0,"24":0,"25":0,"26":0,"27":0,"28":0,"29":36,"30":4,"31":4,"32":4,"33":4,"34":3,"35":1,"36":1,"37":3,"38":3,"39":3,"40":4,"41":36,"42":1,"43":1,"44":36,"45":1,"46":1,"47":2,"48":1,"49":1,"50":1,"51":3,"52":1,"53":36,"54":36,"55":0,"56":36},"f":{"0":36,"1":5,"2":2,"3":0,"4":4,"5":3,"6":1,"7":1,"8":1,"9":2,"10":1,"11":1,"12":1,"13":3,"14":1,"15":36},"b":{"0":[0,0],"1":[3,1],"2":[1,0],"3":[1,2],"4":[0,36]},"_coverageSchema":"1a1c01bbd47fc00a2c39e90264f33305004495a9","hash":"574da7819fed706d4caad32bbad09dd36bb3eb37"}
,"C:\\Users\\kent2\\Documents\\Senior Project\\contextdefinitions\\screens\\ReadingScreen\\hooks\\useReadingContent.tsx": {"path":"C:\\Users\\kent2\\Documents\\Senior Project\\contextdefinitions\\screens\\ReadingScreen\\hooks\\useReadingContent.tsx","statementMap":{"0":{"start":{"line":26,"column":2},"end":{"line":36,"column":3}},"1":{"start":{"line":27,"column":4},"end":{"line":27,"column":43}},"2":{"start":{"line":27,"column":35},"end":{"line":27,"column":43}},"3":{"start":{"line":28,"column":4},"end":{"line":35,"column":5}},"4":{"start":{"line":34,"column":6},"end":{"line":34,"column":21}},"5":{"start":{"line":37,"column":2},"end":{"line":37,"column":13}},"6":{"start":{"line":47,"column":14},"end":{"line":47,"column":39}},"7":{"start":{"line":48,"column":13},"end":{"line":48,"column":14}},"8":{"start":{"line":49,"column":2},"end":{"line":59,"column":3}},"9":{"start":{"line":51,"column":4},"end":{"line":51,"column":79}},"10":{"start":{"line":51,"column":73},"end":{"line":51,"column":79}},"11":{"start":{"line":52,"column":4},"end":{"line":58,"column":5}},"12":{"start":{"line":57,"column":6},"end":{"line":57,"column":41}},"13":{"start":{"line":60,"column":2},"end":{"line":60,"column":12}},"14":{"start":{"line":76,"column":2},"end":{"line":76,"column":55}},"15":{"start":{"line":76,"column":46},"end":{"line":76,"column":55}},"16":{"start":{"line":78,"column":24},"end":{"line":78,"column":67}},"17":{"start":{"line":79,"column":27},"end":{"line":79,"column":29}},"18":{"start":{"line":80,"column":28},"end":{"line":80,"column":30}},"19":{"start":{"line":81,"column":19},"end":{"line":81,"column":20}},"20":{"start":{"line":83,"column":2},"end":{"line":133,"column":3}},"21":{"start":{"line":84,"column":17},"end":{"line":84,"column":33}},"22":{"start":{"line":85,"column":4},"end":{"line":85,"column":23}},"23":{"start":{"line":85,"column":15},"end":{"line":85,"column":23}},"24":{"start":{"line":87,"column":4},"end":{"line":132,"column":5}},"25":{"start":{"line":88,"column":6},"end":{"line":88,"column":28}},"26":{"start":{"line":92,"column":31},"end":{"line":92,"column":57}},"27":{"start":{"line":94,"column":8},"end":{"line":96,"column":21}},"28":{"start":{"line":99,"column":8},"end":{"line":99,"column":75}},"29":{"start":{"line":101,"column":6},"end":{"line":131,"column":7}},"30":{"start":{"line":103,"column":31},"end":{"line":103,"column":52}},"31":{"start":{"line":104,"column":8},"end":{"line":109,"column":9}},"32":{"start":{"line":108,"column":10},"end":{"line":108,"column":28}},"33":{"start":{"line":111,"column":8},"end":{"line":125,"column":9}},"34":{"start":{"line":114,"column":10},"end":{"line":114,"column":32}},"35":{"start":{"line":115,"column":10},"end":{"line":115,"column":30}},"36":{"start":{"line":116,"column":10},"end":{"line":116,"column":29}},"37":{"start":{"line":119,"column":28},"end":{"line":119,"column":63}},"38":{"start":{"line":120,"column":10},"end":{"line":120,"column":32}},"39":{"start":{"line":122,"column":28},"end":{"line":122,"column":51}},"40":{"start":{"line":123,"column":10},"end":{"line":123,"column":55}},"41":{"start":{"line":124,"column":10},"end":{"line":124,"column":44}},"42":{"start":{"line":128,"column":8},"end":{"line":128,"column":30}},"43":{"start":{"line":129,"column":8},"end":{"line":129,"column":28}},"44":{"start":{"line":130,"column":8},"end":{"line":130,"column":27}},"45":{"start":{"line":135,"column":2},"end":{"line":135,"column":51}},"46":{"start":{"line":135,"column":29},"end":{"line":135,"column":51}},"47":{"start":{"line":136,"column":2},"end":{"line":136,"column":14}},"48":{"start":{"line":163,"column":6},"end":{"line":163,"column":18}},"49":{"start":{"line":164,"column":39},"end":{"line":164,"column":58}},"50":{"start":{"line":166,"column":20},"end":{"line":166,"column":48}},"51":{"start":{"line":167,"column":29},"end":{"line":167,"column":59}},"52":{"start":{"line":168,"column":28},"end":{"line":168,"column":55}},"53":{"start":{"line":169,"column":26},"end":{"line":169,"column":53}},"54":{"start":{"line":170,"column":23},"end":{"line":170,"column":36}},"55":{"start":{"line":172,"column":19},"end":{"line":172,"column":40}},"56":{"start":{"line":173,"column":25},"end":{"line":173,"column":42}},"57":{"start":{"line":174,"column":32},"end":{"line":174,"column":86}},"58":{"start":{"line":175,"column":25},"end":{"line":175,"column":52}},"59":{"start":{"line":178,"column":25},"end":{"line":178,"column":44}},"60":{"start":{"line":179,"column":25},"end":{"line":179,"column":44}},"61":{"start":{"line":180,"column":2},"end":{"line":180,"column":38}},"62":{"start":{"line":181,"column":2},"end":{"line":181,"column":38}},"63":{"start":{"line":183,"column":46},"end":{"line":183,"column":75}},"64":{"start":{"line":184,"column":42},"end":{"line":184,"column":71}},"65":{"start":{"line":185,"column":46},"end":{"line":185,"column":65}},"66":{"start":{"line":186,"column":48},"end":{"line":186,"column":67}},"67":{"start":{"line":187,"column":28},"end":{"line":187,"column":51}},"68":{"start":{"line":188,"column":38},"end":{"line":188,"column":62}},"69":{"start":{"line":191,"column":44},"end":{"line":191,"column":55}},"70":{"start":{"line":192,"column":28},"end":{"line":192,"column":77}},"71":{"start":{"line":195,"column":2},"end":{"line":195,"column":26}},"72":{"start":{"line":196,"column":2},"end":{"line":196,"column":38}},"73":{"start":{"line":198,"column":20},"end":{"line":198,"column":48}},"74":{"start":{"line":199,"column":20},"end":{"line":199,"column":51}},"75":{"start":{"line":200,"column":16},"end":{"line":200,"column":43}},"76":{"start":{"line":201,"column":17},"end":{"line":201,"column":45}},"77":{"start":{"line":203,"column":23},"end":{"line":203,"column":65}},"78":{"start":{"line":203,"column":41},"end":{"line":203,"column":60}},"79":{"start":{"line":207,"column":2},"end":{"line":225,"column":48}},"80":{"start":{"line":208,"column":25},"end":{"line":208,"column":73}},"81":{"start":{"line":209,"column":4},"end":{"line":209,"column":50}},"82":{"start":{"line":213,"column":4},"end":{"line":217,"column":5}},"83":{"start":{"line":214,"column":6},"end":{"line":214,"column":87}},"84":{"start":{"line":216,"column":6},"end":{"line":216,"column":35}},"85":{"start":{"line":219,"column":4},"end":{"line":219,"column":16}},"86":{"start":{"line":220,"column":4},"end":{"line":220,"column":21}},"87":{"start":{"line":222,"column":4},"end":{"line":224,"column":5}},"88":{"start":{"line":223,"column":6},"end":{"line":223,"column":30}},"89":{"start":{"line":232,"column":2},"end":{"line":256,"column":60}},"90":{"start":{"line":233,"column":4},"end":{"line":233,"column":70}},"91":{"start":{"line":233,"column":64},"end":{"line":233,"column":70}},"92":{"start":{"line":235,"column":19},"end":{"line":235,"column":40}},"93":{"start":{"line":236,"column":17},"end":{"line":236,"column":38}},"94":{"start":{"line":237,"column":4},"end":{"line":237,"column":35}},"95":{"start":{"line":237,"column":29},"end":{"line":237,"column":35}},"96":{"start":{"line":239,"column":23},"end":{"line":239,"column":75}},"97":{"start":{"line":240,"column":28},"end":{"line":240,"column":64}},"98":{"start":{"line":241,"column":21},"end":{"line":249,"column":6}},"99":{"start":{"line":251,"column":4},"end":{"line":251,"column":40}},"100":{"start":{"line":253,"column":4},"end":{"line":253,"column":33}},"101":{"start":{"line":255,"column":4},"end":{"line":255,"column":34}},"102":{"start":{"line":255,"column":28},"end":{"line":255,"column":33}},"103":{"start":{"line":260,"column":2},"end":{"line":279,"column":85}},"104":{"start":{"line":261,"column":4},"end":{"line":261,"column":86}},"105":{"start":{"line":261,"column":80},"end":{"line":261,"column":86}},"106":{"start":{"line":263,"column":19},"end":{"line":263,"column":40}},"107":{"start":{"line":264,"column":18},"end":{"line":264,"column":42}},"108":{"start":{"line":265,"column":21},"end":{"line":265,"column":46}},"109":{"start":{"line":267,"column":21},"end":{"line":267,"column":73}},"110":{"start":{"line":268,"column":4},"end":{"line":268,"column":22}},"111":{"start":{"line":269,"column":4},"end":{"line":269,"column":34}},"112":{"start":{"line":272,"column":19},"end":{"line":272,"column":41}},"113":{"start":{"line":273,"column":4},"end":{"line":276,"column":5}},"114":{"start":{"line":274,"column":25},"end":{"line":274,"column":87}},"115":{"start":{"line":274,"column":54},"end":{"line":274,"column":86}},"116":{"start":{"line":274,"column":71},"end":{"line":274,"column":85}},"117":{"start":{"line":275,"column":6},"end":{"line":275,"column":56}},"118":{"start":{"line":278,"column":4},"end":{"line":278,"column":28}},"119":{"start":{"line":281,"column":2},"end":{"line":301,"column":17}},"120":{"start":{"line":282,"column":4},"end":{"line":286,"column":5}},"121":{"start":{"line":283,"column":6},"end":{"line":283,"column":29}},"122":{"start":{"line":284,"column":6},"end":{"line":284,"column":27}},"123":{"start":{"line":285,"column":6},"end":{"line":285,"column":12}},"124":{"start":{"line":288,"column":29},"end":{"line":288,"column":38}},"125":{"start":{"line":289,"column":4},"end":{"line":289,"column":41}},"126":{"start":{"line":289,"column":35},"end":{"line":289,"column":41}},"127":{"start":{"line":291,"column":15},"end":{"line":291,"column":40}},"128":{"start":{"line":292,"column":15},"end":{"line":292,"column":40}},"129":{"start":{"line":294,"column":4},"end":{"line":294,"column":25}},"130":{"start":{"line":295,"column":4},"end":{"line":295,"column":23}},"131":{"start":{"line":297,"column":25},"end":{"line":297,"column":41}},"132":{"start":{"line":298,"column":4},"end":{"line":298,"column":41}},"133":{"start":{"line":298,"column":35},"end":{"line":298,"column":41}},"134":{"start":{"line":299,"column":23},"end":{"line":299,"column":85}},"135":{"start":{"line":299,"column":56},"end":{"line":299,"column":84}},"136":{"start":{"line":299,"column":73},"end":{"line":299,"column":83}},"137":{"start":{"line":300,"column":4},"end":{"line":300,"column":53}},"138":{"start":{"line":300,"column":27},"end":{"line":300,"column":53}},"139":{"start":{"line":304,"column":24},"end":{"line":304,"column":74}},"140":{"start":{"line":305,"column":2},"end":{"line":305,"column":69}},"141":{"start":{"line":305,"column":64},"end":{"line":305,"column":67}},"142":{"start":{"line":308,"column":4},"end":{"line":308,"column":70}},"143":{"start":{"line":308,"column":58},"end":{"line":308,"column":70}},"144":{"start":{"line":309,"column":15},"end":{"line":309,"column":53}},"145":{"start":{"line":310,"column":15},"end":{"line":310,"column":53}},"146":{"start":{"line":311,"column":4},"end":{"line":311,"column":43}},"147":{"start":{"line":315,"column":15},"end":{"line":315,"column":35}},"148":{"start":{"line":316,"column":15},"end":{"line":316,"column":35}},"149":{"start":{"line":317,"column":25},"end":{"line":317,"column":88}},"150":{"start":{"line":317,"column":49},"end":{"line":317,"column":71}},"151":{"start":{"line":317,"column":84},"end":{"line":317,"column":87}},"152":{"start":{"line":318,"column":28},"end":{"line":324,"column":22}},"153":{"start":{"line":320,"column":8},"end":{"line":322,"column":9}},"154":{"start":{"line":321,"column":17},"end":{"line":321,"column":79}},"155":{"start":{"line":324,"column":18},"end":{"line":324,"column":21}},"156":{"start":{"line":325,"column":20},"end":{"line":327,"column":23}},"157":{"start":{"line":326,"column":21},"end":{"line":326,"column":69}},"158":{"start":{"line":327,"column":18},"end":{"line":327,"column":22}},"159":{"start":{"line":328,"column":4},"end":{"line":328,"column":60}},"160":{"start":{"line":331,"column":14},"end":{"line":374,"column":6}},"161":{"start":{"line":334,"column":6},"end":{"line":334,"column":34}},"162":{"start":{"line":336,"column":18},"end":{"line":336,"column":82}},"163":{"start":{"line":338,"column":6},"end":{"line":344,"column":7}},"164":{"start":{"line":339,"column":8},"end":{"line":339,"column":62}},"165":{"start":{"line":340,"column":8},"end":{"line":340,"column":39}},"166":{"start":{"line":341,"column":8},"end":{"line":341,"column":37}},"167":{"start":{"line":342,"column":8},"end":{"line":342,"column":30}},"168":{"start":{"line":343,"column":8},"end":{"line":343,"column":28}},"169":{"start":{"line":347,"column":18},"end":{"line":347,"column":82}},"170":{"start":{"line":348,"column":6},"end":{"line":351,"column":7}},"171":{"start":{"line":349,"column":8},"end":{"line":349,"column":37}},"172":{"start":{"line":350,"column":8},"end":{"line":350,"column":28}},"173":{"start":{"line":354,"column":20},"end":{"line":354,"column":45}},"174":{"start":{"line":355,"column":18},"end":{"line":355,"column":41}},"175":{"start":{"line":356,"column":6},"end":{"line":360,"column":7}},"176":{"start":{"line":357,"column":8},"end":{"line":357,"column":62}},"177":{"start":{"line":358,"column":8},"end":{"line":358,"column":35}},"178":{"start":{"line":359,"column":8},"end":{"line":359,"column":35}},"179":{"start":{"line":363,"column":6},"end":{"line":371,"column":7}},"180":{"start":{"line":364,"column":22},"end":{"line":364,"column":47}},"181":{"start":{"line":365,"column":20},"end":{"line":365,"column":43}},"182":{"start":{"line":366,"column":8},"end":{"line":370,"column":9}},"183":{"start":{"line":366,"column":44},"end":{"line":366,"column":71}},"184":{"start":{"line":368,"column":10},"end":{"line":368,"column":33}},"185":{"start":{"line":369,"column":10},"end":{"line":369,"column":31}},"186":{"start":{"line":372,"column":6},"end":{"line":372,"column":38}},"187":{"start":{"line":373,"column":6},"end":{"line":373,"column":36}},"188":{"start":{"line":377,"column":14},"end":{"line":377,"column":41}},"189":{"start":{"line":378,"column":4},"end":{"line":378,"column":65}},"190":{"start":{"line":378,"column":44},"end":{"line":378,"column":65}},"191":{"start":{"line":383,"column":14},"end":{"line":383,"column":40}},"192":{"start":{"line":384,"column":4},"end":{"line":384,"column":63}},"193":{"start":{"line":384,"column":43},"end":{"line":384,"column":63}},"194":{"start":{"line":389,"column":4},"end":{"line":389,"column":43}},"195":{"start":{"line":393,"column":2},"end":{"line":406,"column":3}}},"fnMap":{"0":{"name":"hitTest","decl":{"start":{"line":20,"column":16},"end":{"line":20,"column":23}},"loc":{"start":{"line":25,"column":17},"end":{"line":38,"column":1}},"line":25},"1":{"name":"buildTokenSentenceMap","decl":{"start":{"line":43,"column":16},"end":{"line":43,"column":37}},"loc":{"start":{"line":46,"column":23},"end":{"line":61,"column":1}},"line":46},"2":{"name":"buildPages","decl":{"start":{"line":70,"column":16},"end":{"line":70,"column":26}},"loc":{"start":{"line":75,"column":13},"end":{"line":137,"column":1}},"line":75},"3":{"name":"useReadingContent","decl":{"start":{"line":154,"column":16},"end":{"line":154,"column":33}},"loc":{"start":{"line":154,"column":61},"end":{"line":407,"column":1}},"line":154},"4":{"name":"(anonymous_4)","decl":{"start":{"line":203,"column":35},"end":{"line":203,"column":36}},"loc":{"start":{"line":203,"column":41},"end":{"line":203,"column":60}},"line":203},"5":{"name":"(anonymous_5)","decl":{"start":{"line":207,"column":18},"end":{"line":207,"column":19}},"loc":{"start":{"line":207,"column":24},"end":{"line":225,"column":3}},"line":207},"6":{"name":"(anonymous_6)","decl":{"start":{"line":232,"column":12},"end":{"line":232,"column":13}},"loc":{"start":{"line":232,"column":18},"end":{"line":256,"column":3}},"line":232},"7":{"name":"(anonymous_7)","decl":{"start":{"line":255,"column":21},"end":{"line":255,"column":22}},"loc":{"start":{"line":255,"column":28},"end":{"line":255,"column":33}},"line":255},"8":{"name":"(anonymous_8)","decl":{"start":{"line":260,"column":12},"end":{"line":260,"column":13}},"loc":{"start":{"line":260,"column":18},"end":{"line":279,"column":3}},"line":260},"9":{"name":"(anonymous_9)","decl":{"start":{"line":274,"column":44},"end":{"line":274,"column":45}},"loc":{"start":{"line":274,"column":54},"end":{"line":274,"column":86}},"line":274},"10":{"name":"(anonymous_10)","decl":{"start":{"line":274,"column":64},"end":{"line":274,"column":65}},"loc":{"start":{"line":274,"column":71},"end":{"line":274,"column":85}},"line":274},"11":{"name":"(anonymous_11)","decl":{"start":{"line":281,"column":12},"end":{"line":281,"column":13}},"loc":{"start":{"line":281,"column":18},"end":{"line":301,"column":3}},"line":281},"12":{"name":"(anonymous_12)","decl":{"start":{"line":299,"column":46},"end":{"line":299,"column":47}},"loc":{"start":{"line":299,"column":56},"end":{"line":299,"column":84}},"line":299},"13":{"name":"(anonymous_13)","decl":{"start":{"line":299,"column":66},"end":{"line":299,"column":67}},"loc":{"start":{"line":299,"column":73},"end":{"line":299,"column":83}},"line":299},"14":{"name":"(anonymous_14)","decl":{"start":{"line":305,"column":57},"end":{"line":305,"column":58}},"loc":{"start":{"line":305,"column":64},"end":{"line":305,"column":67}},"line":305},"15":{"name":"isHighlighted","decl":{"start":{"line":307,"column":11},"end":{"line":307,"column":24}},"loc":{"start":{"line":307,"column":52},"end":{"line":312,"column":3}},"line":307},"16":{"name":"commitSelection","decl":{"start":{"line":314,"column":11},"end":{"line":314,"column":26}},"loc":{"start":{"line":314,"column":61},"end":{"line":329,"column":3}},"line":314},"17":{"name":"(anonymous_17)","decl":{"start":{"line":317,"column":42},"end":{"line":317,"column":43}},"loc":{"start":{"line":317,"column":49},"end":{"line":317,"column":71}},"line":317},"18":{"name":"(anonymous_18)","decl":{"start":{"line":317,"column":77},"end":{"line":317,"column":78}},"loc":{"start":{"line":317,"column":84},"end":{"line":317,"column":87}},"line":317},"19":{"name":"(anonymous_19)","decl":{"start":{"line":319,"column":14},"end":{"line":319,"column":15}},"loc":{"start":{"line":320,"column":8},"end":{"line":322,"column":9}},"line":320},"20":{"name":"(anonymous_20)","decl":{"start":{"line":321,"column":10},"end":{"line":321,"column":11}},"loc":{"start":{"line":321,"column":17},"end":{"line":321,"column":79}},"line":321},"21":{"name":"(anonymous_21)","decl":{"start":{"line":324,"column":11},"end":{"line":324,"column":12}},"loc":{"start":{"line":324,"column":18},"end":{"line":324,"column":21}},"line":324},"22":{"name":"(anonymous_22)","decl":{"start":{"line":326,"column":14},"end":{"line":326,"column":15}},"loc":{"start":{"line":326,"column":21},"end":{"line":326,"column":69}},"line":326},"23":{"name":"(anonymous_23)","decl":{"start":{"line":327,"column":11},"end":{"line":327,"column":12}},"loc":{"start":{"line":327,"column":18},"end":{"line":327,"column":22}},"line":327},"24":{"name":"(anonymous_24)","decl":{"start":{"line":333,"column":13},"end":{"line":333,"column":14}},"loc":{"start":{"line":333,"column":20},"end":{"line":345,"column":5}},"line":333},"25":{"name":"(anonymous_25)","decl":{"start":{"line":346,"column":14},"end":{"line":346,"column":15}},"loc":{"start":{"line":346,"column":21},"end":{"line":352,"column":5}},"line":346},"26":{"name":"(anonymous_26)","decl":{"start":{"line":353,"column":11},"end":{"line":353,"column":12}},"loc":{"start":{"line":353,"column":17},"end":{"line":361,"column":5}},"line":353},"27":{"name":"(anonymous_27)","decl":{"start":{"line":362,"column":16},"end":{"line":362,"column":17}},"loc":{"start":{"line":362,"column":22},"end":{"line":374,"column":5}},"line":362},"28":{"name":"onContainerLayout","decl":{"start":{"line":376,"column":11},"end":{"line":376,"column":28}},"loc":{"start":{"line":376,"column":57},"end":{"line":379,"column":3}},"line":376},"29":{"name":"onTokenContainerLayout","decl":{"start":{"line":382,"column":11},"end":{"line":382,"column":33}},"loc":{"start":{"line":382,"column":62},"end":{"line":385,"column":3}},"line":382},"30":{"name":"onTokenLayout","decl":{"start":{"line":388,"column":11},"end":{"line":388,"column":24}},"loc":{"start":{"line":388,"column":74},"end":{"line":391,"column":3}},"line":388}},"branchMap":{"0":{"loc":{"start":{"line":27,"column":4},"end":{"line":27,"column":43}},"type":"if","locations":[{"start":{"line":27,"column":4},"end":{"line":27,"column":43}},{"start":{},"end":{}}],"line":27},"1":{"loc":{"start":{"line":28,"column":4},"end":{"line":35,"column":5}},"type":"if","locations":[{"start":{"line":28,"column":4},"end":{"line":35,"column":5}},{"start":{},"end":{}}],"line":28},"2":{"loc":{"start":{"line":29,"column":6},"end":{"line":32,"column":31}},"type":"binary-expr","locations":[{"start":{"line":29,"column":6},"end":{"line":29,"column":17}},{"start":{"line":30,"column":6},"end":{"line":30,"column":30}},{"start":{"line":31,"column":6},"end":{"line":31,"column":17}},{"start":{"line":32,"column":6},"end":{"line":32,"column":31}}],"line":29},"3":{"loc":{"start":{"line":51,"column":11},"end":{"line":51,"column":71}},"type":"binary-expr","locations":[{"start":{"line":51,"column":11},"end":{"line":51,"column":34}},{"start":{"line":51,"column":38},"end":{"line":51,"column":71}}],"line":51},"4":{"loc":{"start":{"line":52,"column":4},"end":{"line":58,"column":5}},"type":"if","locations":[{"start":{"line":52,"column":4},"end":{"line":58,"column":5}},{"start":{},"end":{}}],"line":52},"5":{"loc":{"start":{"line":53,"column":6},"end":{"line":55,"column":38}},"type":"binary-expr","locations":[{"start":{"line":53,"column":6},"end":{"line":53,"column":29}},{"start":{"line":54,"column":6},"end":{"line":54,"column":42}},{"start":{"line":55,"column":6},"end":{"line":55,"column":38}}],"line":53},"6":{"loc":{"start":{"line":76,"column":2},"end":{"line":76,"column":55}},"type":"if","locations":[{"start":{"line":76,"column":2},"end":{"line":76,"column":55}},{"start":{},"end":{}}],"line":76},"7":{"loc":{"start":{"line":76,"column":6},"end":{"line":76,"column":44}},"type":"binary-expr","locations":[{"start":{"line":76,"column":6},"end":{"line":76,"column":18}},{"start":{"line":76,"column":22},"end":{"line":76,"column":44}}],"line":76},"8":{"loc":{"start":{"line":85,"column":4},"end":{"line":85,"column":23}},"type":"if","locations":[{"start":{"line":85,"column":4},"end":{"line":85,"column":23}},{"start":{},"end":{}}],"line":85},"9":{"loc":{"start":{"line":87,"column":4},"end":{"line":132,"column":5}},"type":"if","locations":[{"start":{"line":87,"column":4},"end":{"line":132,"column":5}},{"start":{"line":89,"column":11},"end":{"line":132,"column":5}}],"line":87},"10":{"loc":{"start":{"line":94,"column":8},"end":{"line":96,"column":21}},"type":"cond-expr","locations":[{"start":{"line":95,"column":12},"end":{"line":95,"column":66}},{"start":{"line":96,"column":12},"end":{"line":96,"column":21}}],"line":94},"11":{"loc":{"start":{"line":99,"column":8},"end":{"line":99,"column":75}},"type":"binary-expr","locations":[{"start":{"line":99,"column":8},"end":{"line":99,"column":38}},{"start":{"line":99,"column":42},"end":{"line":99,"column":75}}],"line":99},"12":{"loc":{"start":{"line":101,"column":6},"end":{"line":131,"column":7}},"type":"if","locations":[{"start":{"line":101,"column":6},"end":{"line":131,"column":7}},{"start":{"line":126,"column":13},"end":{"line":131,"column":7}}],"line":101},"13":{"loc":{"start":{"line":105,"column":10},"end":{"line":106,"column":84}},"type":"binary-expr","locations":[{"start":{"line":105,"column":10},"end":{"line":105,"column":30}},{"start":{"line":106,"column":10},"end":{"line":106,"column":84}}],"line":105},"14":{"loc":{"start":{"line":111,"column":8},"end":{"line":125,"column":9}},"type":"if","locations":[{"start":{"line":111,"column":8},"end":{"line":125,"column":9}},{"start":{"line":117,"column":15},"end":{"line":125,"column":9}}],"line":111},"15":{"loc":{"start":{"line":123,"column":23},"end":{"line":123,"column":55}},"type":"cond-expr","locations":[{"start":{"line":123,"column":35},"end":{"line":123,"column":46}},{"start":{"line":123,"column":49},"end":{"line":123,"column":55}}],"line":123},"16":{"loc":{"start":{"line":135,"column":2},"end":{"line":135,"column":51}},"type":"if","locations":[{"start":{"line":135,"column":2},"end":{"line":135,"column":51}},{"start":{},"end":{}}],"line":135},"17":{"loc":{"start":{"line":198,"column":20},"end":{"line":198,"column":48}},"type":"binary-expr","locations":[{"start":{"line":198,"column":20},"end":{"line":198,"column":42}},{"start":{"line":198,"column":46},"end":{"line":198,"column":48}}],"line":198},"18":{"loc":{"start":{"line":199,"column":20},"end":{"line":199,"column":51}},"type":"binary-expr","locations":[{"start":{"line":199,"column":20},"end":{"line":199,"column":45}},{"start":{"line":199,"column":49},"end":{"line":199,"column":51}}],"line":199},"19":{"loc":{"start":{"line":200,"column":16},"end":{"line":200,"column":43}},"type":"binary-expr","locations":[{"start":{"line":200,"column":16},"end":{"line":200,"column":37}},{"start":{"line":200,"column":41},"end":{"line":200,"column":43}}],"line":200},"20":{"loc":{"start":{"line":201,"column":17},"end":{"line":201,"column":45}},"type":"binary-expr","locations":[{"start":{"line":201,"column":17},"end":{"line":201,"column":39}},{"start":{"line":201,"column":43},"end":{"line":201,"column":45}}],"line":201},"21":{"loc":{"start":{"line":213,"column":4},"end":{"line":217,"column":5}},"type":"if","locations":[{"start":{"line":213,"column":4},"end":{"line":217,"column":5}},{"start":{"line":215,"column":11},"end":{"line":217,"column":5}}],"line":213},"22":{"loc":{"start":{"line":213,"column":8},"end":{"line":213,"column":52}},"type":"binary-expr","locations":[{"start":{"line":213,"column":8},"end":{"line":213,"column":21}},{"start":{"line":213,"column":25},"end":{"line":213,"column":52}}],"line":213},"23":{"loc":{"start":{"line":214,"column":31},"end":{"line":214,"column":87}},"type":"binary-expr","locations":[{"start":{"line":214,"column":31},"end":{"line":214,"column":79}},{"start":{"line":214,"column":83},"end":{"line":214,"column":87}}],"line":214},"24":{"loc":{"start":{"line":222,"column":4},"end":{"line":224,"column":5}},"type":"if","locations":[{"start":{"line":222,"column":4},"end":{"line":224,"column":5}},{"start":{},"end":{}}],"line":222},"25":{"loc":{"start":{"line":222,"column":8},"end":{"line":222,"column":50}},"type":"binary-expr","locations":[{"start":{"line":222,"column":8},"end":{"line":222,"column":31}},{"start":{"line":222,"column":35},"end":{"line":222,"column":50}}],"line":222},"26":{"loc":{"start":{"line":233,"column":4},"end":{"line":233,"column":70}},"type":"if","locations":[{"start":{"line":233,"column":4},"end":{"line":233,"column":70}},{"start":{},"end":{}}],"line":233},"27":{"loc":{"start":{"line":233,"column":8},"end":{"line":233,"column":62}},"type":"binary-expr","locations":[{"start":{"line":233,"column":8},"end":{"line":233,"column":23}},{"start":{"line":233,"column":27},"end":{"line":233,"column":38}},{"start":{"line":233,"column":42},"end":{"line":233,"column":62}}],"line":233},"28":{"loc":{"start":{"line":237,"column":4},"end":{"line":237,"column":35}},"type":"if","locations":[{"start":{"line":237,"column":4},"end":{"line":237,"column":35}},{"start":{},"end":{}}],"line":237},"29":{"loc":{"start":{"line":261,"column":4},"end":{"line":261,"column":86}},"type":"if","locations":[{"start":{"line":261,"column":4},"end":{"line":261,"column":86}},{"start":{},"end":{}}],"line":261},"30":{"loc":{"start":{"line":261,"column":8},"end":{"line":261,"column":78}},"type":"binary-expr","locations":[{"start":{"line":261,"column":8},"end":{"line":261,"column":23}},{"start":{"line":261,"column":27},"end":{"line":261,"column":53}},{"start":{"line":261,"column":57},"end":{"line":261,"column":78}}],"line":261},"31":{"loc":{"start":{"line":273,"column":4},"end":{"line":276,"column":5}},"type":"if","locations":[{"start":{"line":273,"column":4},"end":{"line":276,"column":5}},{"start":{},"end":{}}],"line":273},"32":{"loc":{"start":{"line":273,"column":8},"end":{"line":273,"column":46}},"type":"binary-expr","locations":[{"start":{"line":273,"column":8},"end":{"line":273,"column":23}},{"start":{"line":273,"column":27},"end":{"line":273,"column":46}}],"line":273},"33":{"loc":{"start":{"line":275,"column":21},"end":{"line":275,"column":55}},"type":"cond-expr","locations":[{"start":{"line":275,"column":41},"end":{"line":275,"column":51}},{"start":{"line":275,"column":54},"end":{"line":275,"column":55}}],"line":275},"34":{"loc":{"start":{"line":282,"column":4},"end":{"line":286,"column":5}},"type":"if","locations":[{"start":{"line":282,"column":4},"end":{"line":286,"column":5}},{"start":{},"end":{}}],"line":282},"35":{"loc":{"start":{"line":289,"column":4},"end":{"line":289,"column":41}},"type":"if","locations":[{"start":{"line":289,"column":4},"end":{"line":289,"column":41}},{"start":{},"end":{}}],"line":289},"36":{"loc":{"start":{"line":298,"column":4},"end":{"line":298,"column":41}},"type":"if","locations":[{"start":{"line":298,"column":4},"end":{"line":298,"column":41}},{"start":{},"end":{}}],"line":298},"37":{"loc":{"start":{"line":300,"column":4},"end":{"line":300,"column":53}},"type":"if","locations":[{"start":{"line":300,"column":4},"end":{"line":300,"column":53}},{"start":{},"end":{}}],"line":300},"38":{"loc":{"start":{"line":304,"column":24},"end":{"line":304,"column":74}},"type":"cond-expr","locations":[{"start":{"line":304,"column":44},"end":{"line":304,"column":68}},{"start":{"line":304,"column":72},"end":{"line":304,"column":74}}],"line":304},"39":{"loc":{"start":{"line":304,"column":44},"end":{"line":304,"column":68}},"type":"binary-expr","locations":[{"start":{"line":304,"column":44},"end":{"line":304,"column":62}},{"start":{"line":304,"column":66},"end":{"line":304,"column":68}}],"line":304},"40":{"loc":{"start":{"line":308,"column":4},"end":{"line":308,"column":70}},"type":"if","locations":[{"start":{"line":308,"column":4},"end":{"line":308,"column":70}},{"start":{},"end":{}}],"line":308},"41":{"loc":{"start":{"line":308,"column":8},"end":{"line":308,"column":56}},"type":"binary-expr","locations":[{"start":{"line":308,"column":8},"end":{"line":308,"column":31}},{"start":{"line":308,"column":35},"end":{"line":308,"column":56}}],"line":308},"42":{"loc":{"start":{"line":311,"column":11},"end":{"line":311,"column":43}},"type":"binary-expr","locations":[{"start":{"line":311,"column":11},"end":{"line":311,"column":25}},{"start":{"line":311,"column":29},"end":{"line":311,"column":43}}],"line":311},"43":{"loc":{"start":{"line":317,"column":49},"end":{"line":317,"column":71}},"type":"binary-expr","locations":[{"start":{"line":317,"column":49},"end":{"line":317,"column":58}},{"start":{"line":317,"column":62},"end":{"line":317,"column":71}}],"line":317},"44":{"loc":{"start":{"line":321,"column":17},"end":{"line":321,"column":79}},"type":"binary-expr","locations":[{"start":{"line":321,"column":17},"end":{"line":321,"column":26}},{"start":{"line":321,"column":30},"end":{"line":321,"column":39}},{"start":{"line":321,"column":43},"end":{"line":321,"column":61}},{"start":{"line":321,"column":65},"end":{"line":321,"column":79}}],"line":321},"45":{"loc":{"start":{"line":326,"column":21},"end":{"line":326,"column":69}},"type":"binary-expr","locations":[{"start":{"line":326,"column":21},"end":{"line":326,"column":43}},{"start":{"line":326,"column":47},"end":{"line":326,"column":69}}],"line":326},"46":{"loc":{"start":{"line":338,"column":6},"end":{"line":344,"column":7}},"type":"if","locations":[{"start":{"line":338,"column":6},"end":{"line":344,"column":7}},{"start":{},"end":{}}],"line":338},"47":{"loc":{"start":{"line":348,"column":6},"end":{"line":351,"column":7}},"type":"if","locations":[{"start":{"line":348,"column":6},"end":{"line":351,"column":7}},{"start":{},"end":{}}],"line":348},"48":{"loc":{"start":{"line":356,"column":6},"end":{"line":360,"column":7}},"type":"if","locations":[{"start":{"line":356,"column":6},"end":{"line":360,"column":7}},{"start":{},"end":{}}],"line":356},"49":{"loc":{"start":{"line":356,"column":10},"end":{"line":356,"column":40}},"type":"binary-expr","locations":[{"start":{"line":356,"column":10},"end":{"line":356,"column":24}},{"start":{"line":356,"column":28},"end":{"line":356,"column":40}}],"line":356},"50":{"loc":{"start":{"line":363,"column":6},"end":{"line":371,"column":7}},"type":"if","locations":[{"start":{"line":363,"column":6},"end":{"line":371,"column":7}},{"start":{},"end":{}}],"line":363},"51":{"loc":{"start":{"line":366,"column":8},"end":{"line":370,"column":9}},"type":"if","locations":[{"start":{"line":366,"column":8},"end":{"line":370,"column":9}},{"start":{"line":367,"column":13},"end":{"line":370,"column":9}}],"line":366},"52":{"loc":{"start":{"line":366,"column":12},"end":{"line":366,"column":42}},"type":"binary-expr","locations":[{"start":{"line":366,"column":12},"end":{"line":366,"column":26}},{"start":{"line":366,"column":30},"end":{"line":366,"column":42}}],"line":366},"53":{"loc":{"start":{"line":378,"column":4},"end":{"line":378,"column":65}},"type":"if","locations":[{"start":{"line":378,"column":4},"end":{"line":378,"column":65}},{"start":{},"end":{}}],"line":378},"54":{"loc":{"start":{"line":384,"column":4},"end":{"line":384,"column":63}},"type":"if","locations":[{"start":{"line":384,"column":4},"end":{"line":384,"column":63}},{"start":{},"end":{}}],"line":384}},"s":{"0":10,"1":12,"2":3,"3":9,"4":6,"5":4,"6":13,"7":13,"8":13,"9":42,"10":6,"11":42,"12":22,"13":13,"14":10,"15":2,"16":8,"17":8,"18":8,"19":8,"20":8,"21":29,"22":29,"23":1,"24":28,"25":21,"26":7,"27":7,"28":7,"29":7,"30":2,"31":2,"32":2,"33":2,"34":1,"35":1,"36":1,"37":1,"38":1,"39":1,"40":1,"41":1,"42":5,"43":5,"44":5,"45":8,"46":8,"47":8,"48":55,"49":55,"50":55,"51":55,"52":55,"53":55,"54":55,"55":55,"56":55,"57":55,"58":55,"59":55,"60":55,"61":55,"62":55,"63":55,"64":55,"65":55,"66":55,"67":55,"68":55,"69":55,"70":55,"71":55,"72":55,"73":55,"74":55,"75":55,"76":55,"77":55,"78":1,"79":55,"80":20,"81":20,"82":20,"83":0,"84":20,"85":20,"86":20,"87":20,"88":1,"89":55,"90":24,"91":22,"92":2,"93":2,"94":2,"95":0,"96":2,"97":2,"98":2,"99":2,"100":2,"101":2,"102":2,"103":55,"104":26,"105":24,"106":2,"107":2,"108":2,"109":2,"110":2,"111":2,"112":2,"113":2,"114":0,"115":0,"116":0,"117":0,"118":2,"119":55,"120":21,"121":17,"122":17,"123":17,"124":4,"125":4,"126":0,"127":4,"128":4,"129":4,"130":4,"131":4,"132":4,"133":4,"134":0,"135":0,"136":0,"137":0,"138":0,"139":55,"140":55,"141":2,"142":11,"143":3,"144":8,"145":8,"146":8,"147":0,"148":0,"149":0,"150":0,"151":0,"152":0,"153":0,"154":0,"155":0,"156":0,"157":0,"158":0,"159":0,"160":55,"161":0,"162":0,"163":0,"164":0,"165":0,"166":0,"167":0,"168":0,"169":0,"170":0,"171":0,"172":0,"173":0,"174":0,"175":0,"176":0,"177":0,"178":0,"179":0,"180":0,"181":0,"182":0,"183":0,"184":0,"185":0,"186":0,"187":0,"188":5,"189":5,"190":4,"191":3,"192":3,"193":3,"194":1,"195":55},"f":{"0":10,"1":13,"2":10,"3":55,"4":1,"5":20,"6":24,"7":2,"8":26,"9":0,"10":0,"11":21,"12":0,"13":0,"14":2,"15":11,"16":0,"17":0,"18":0,"19":0,"20":0,"21":0,"22":0,"23":0,"24":0,"25":0,"26":0,"27":0,"28":5,"29":3,"30":1},"b":{"0":[3,9],"1":[6,3],"2":[9,8,7,6],"3":[48,29],"4":[22,20],"5":[42,23,22],"6":[2,8],"7":[10,9],"8":[1,28],"9":[21,7],"10":[7,0],"11":[7,3],"12":[2,5],"13":[4,3],"14":[1,1],"15":[1,0],"16":[8,0],"17":[55,39],"18":[55,39],"19":[55,39],"20":[55,39],"21":[0,20],"22":[20,0],"23":[0,0],"24":[1,19],"25":[20,4],"26":[22,2],"27":[24,6,5],"28":[0,2],"29":[24,2],"30":[26,8,4],"31":[0,2],"32":[2,0],"33":[0,0],"34":[17,4],"35":[0,4],"36":[4,0],"37":[0,0],"38":[2,53],"39":[2,0],"40":[3,8],"41":[11,8],"42":[8,7],"43":[0,0],"44":[0,0,0,0],"45":[0,0],"46":[0,0],"47":[0,0],"48":[0,0],"49":[0,0],"50":[0,0],"51":[0,0],"52":[0,0],"53":[4,1],"54":[3,0]},"_coverageSchema":"1a1c01bbd47fc00a2c39e90264f33305004495a9","hash":"dafa55ed018aacde0d24fbc3fba98e19e61e14e8"}
,"C:\\Users\\kent2\\Documents\\Senior Project\\contextdefinitions\\screens\\ReadingScreen\\utils\\fontMetrics.tsx": {"path":"C:\\Users\\kent2\\Documents\\Senior Project\\contextdefinitions\\screens\\ReadingScreen\\utils\\fontMetrics.tsx","statementMap":{"0":{"start":{"line":8,"column":2},"end":{"line":10,"column":90}},"1":{"start":{"line":12,"column":28},"end":{"line":12,"column":30}},"2":{"start":{"line":16,"column":24},"end":{"line":16,"column":49}},"3":{"start":{"line":17,"column":19},"end":{"line":17,"column":23}},"4":{"start":{"line":18,"column":18},"end":{"line":18,"column":23}},"5":{"start":{"line":21,"column":2},"end":{"line":21,"column":20}},"6":{"start":{"line":26,"column":23},"end":{"line":26,"column":26}},"7":{"start":{"line":34,"column":14},"end":{"line":34,"column":15}},"8":{"start":{"line":35,"column":2},"end":{"line":37,"column":3}},"9":{"start":{"line":36,"column":4},"end":{"line":36,"column":67}},"10":{"start":{"line":38,"column":2},"end":{"line":38,"column":31}},"11":{"start":{"line":42,"column":12},"end":{"line":42,"column":13}},"12":{"start":{"line":43,"column":2},"end":{"line":47,"column":3}},"13":{"start":{"line":44,"column":18},"end":{"line":44,"column":45}},"14":{"start":{"line":45,"column":4},"end":{"line":45,"column":36}},"15":{"start":{"line":46,"column":4},"end":{"line":46,"column":16}},"16":{"start":{"line":48,"column":2},"end":{"line":50,"column":3}},"17":{"start":{"line":49,"column":4},"end":{"line":49,"column":40}},"18":{"start":{"line":51,"column":2},"end":{"line":51,"column":20}},"19":{"start":{"line":59,"column":17},"end":{"line":59,"column":50}},"20":{"start":{"line":60,"column":16},"end":{"line":60,"column":25}},"21":{"start":{"line":61,"column":15},"end":{"line":61,"column":28}},"22":{"start":{"line":62,"column":16},"end":{"line":62,"column":45}},"23":{"start":{"line":63,"column":16},"end":{"line":63,"column":28}},"24":{"start":{"line":65,"column":23},"end":{"line":77,"column":3}},"25":{"start":{"line":67,"column":6},"end":{"line":67,"column":30}},"26":{"start":{"line":67,"column":24},"end":{"line":67,"column":30}},"27":{"start":{"line":68,"column":6},"end":{"line":68,"column":58}},"28":{"start":{"line":69,"column":6},"end":{"line":69,"column":21}},"29":{"start":{"line":70,"column":6},"end":{"line":74,"column":7}},"30":{"start":{"line":71,"column":8},"end":{"line":71,"column":27}},"31":{"start":{"line":72,"column":8},"end":{"line":72,"column":33}},"32":{"start":{"line":73,"column":8},"end":{"line":73,"column":17}},"33":{"start":{"line":79,"column":2},"end":{"line":91,"column":3}},"34":{"start":{"line":82,"column":8},"end":{"line":88,"column":15}},"35":{"start":{"line":85,"column":27},"end":{"line":85,"column":48}},"36":{"start":{"line":94,"column":21},"end":{"line":102,"column":2}}},"fnMap":{"0":{"name":"isCalibrated","decl":{"start":{"line":20,"column":16},"end":{"line":20,"column":28}},"loc":{"start":{"line":20,"column":40},"end":{"line":22,"column":1}},"line":20},"1":{"name":"estimateTokenWidth","decl":{"start":{"line":33,"column":16},"end":{"line":33,"column":34}},"loc":{"start":{"line":33,"column":78},"end":{"line":39,"column":1}},"line":33},"2":{"name":"calibrate","decl":{"start":{"line":41,"column":9},"end":{"line":41,"column":18}},"loc":{"start":{"line":41,"column":58},"end":{"line":52,"column":1}},"line":41},"3":{"name":"FontMeasurer","decl":{"start":{"line":58,"column":16},"end":{"line":58,"column":28}},"loc":{"start":{"line":58,"column":67},"end":{"line":92,"column":1}},"line":58},"4":{"name":"(anonymous_4)","decl":{"start":{"line":66,"column":4},"end":{"line":66,"column":5}},"loc":{"start":{"line":66,"column":44},"end":{"line":75,"column":5}},"line":66},"5":{"name":"(anonymous_5)","decl":{"start":{"line":81,"column":17},"end":{"line":81,"column":18}},"loc":{"start":{"line":82,"column":8},"end":{"line":88,"column":15}},"line":82},"6":{"name":"(anonymous_6)","decl":{"start":{"line":85,"column":20},"end":{"line":85,"column":21}},"loc":{"start":{"line":85,"column":27},"end":{"line":85,"column":48}},"line":85}},"branchMap":{"0":{"loc":{"start":{"line":36,"column":14},"end":{"line":36,"column":55}},"type":"binary-expr","locations":[{"start":{"line":36,"column":14},"end":{"line":36,"column":39}},{"start":{"line":36,"column":43},"end":{"line":36,"column":55}}],"line":36},"1":{"loc":{"start":{"line":48,"column":2},"end":{"line":50,"column":3}},"type":"if","locations":[{"start":{"line":48,"column":2},"end":{"line":50,"column":3}},{"start":{},"end":{}}],"line":48},"2":{"loc":{"start":{"line":67,"column":6},"end":{"line":67,"column":30}},"type":"if","locations":[{"start":{"line":67,"column":6},"end":{"line":67,"column":30}},{"start":{},"end":{}}],"line":67},"3":{"loc":{"start":{"line":70,"column":6},"end":{"line":74,"column":7}},"type":"if","locations":[{"start":{"line":70,"column":6},"end":{"line":74,"column":7}},{"start":{},"end":{}}],"line":70}},"s":{"0":2,"1":2,"2":2,"3":2,"4":2,"5":2,"6":2,"7":7,"8":7,"9":16,"10":7,"11":3,"12":3,"13":318,"14":318,"15":318,"16":3,"17":3,"18":3,"19":5,"20":5,"21":5,"22":5,"23":5,"24":5,"25":529,"26":106,"27":423,"28":423,"29":423,"30":3,"31":3,"32":3,"33":5,"34":530,"35":529,"36":2},"f":{"0":2,"1":7,"2":3,"3":5,"4":529,"5":530,"6":529},"b":{"0":[16,16],"1":[3,0],"2":[106,423],"3":[3,420]},"_coverageSchema":"1a1c01bbd47fc00a2c39e90264f33305004495a9","hash":"3b4835d53c9e46ff4ae3eda41d247a32c3ab8ec6"}
,"C:\\Users\\kent2\\Documents\\Senior Project\\contextdefinitions\\screens\\ReadingScreen\\utils\\layoutEngine.ts": {"path":"C:\\Users\\kent2\\Documents\\Senior Project\\contextdefinitions\\screens\\ReadingScreen\\utils\\layoutEngine.ts","statementMap":{"0":{"start":{"line":10,"column":14},"end":{"line":10,"column":31}},"1":{"start":{"line":11,"column":2},"end":{"line":14,"column":3}},"2":{"start":{"line":12,"column":18},"end":{"line":12,"column":84}},"3":{"start":{"line":12,"column":37},"end":{"line":12,"column":83}},"4":{"start":{"line":13,"column":4},"end":{"line":13,"column":31}},"5":{"start":{"line":13,"column":15},"end":{"line":13,"column":31}},"6":{"start":{"line":15,"column":2},"end":{"line":15,"column":12}},"7":{"start":{"line":46,"column":6},"end":{"line":46,"column":12}},"8":{"start":{"line":47,"column":20},"end":{"line":47,"column":54}},"9":{"start":{"line":48,"column":16},"end":{"line":48,"column":17}},"10":{"start":{"line":49,"column":16},"end":{"line":49,"column":17}},"11":{"start":{"line":51,"column":2},"end":{"line":87,"column":3}},"12":{"start":{"line":51,"column":17},"end":{"line":51,"column":18}},"13":{"start":{"line":52,"column":18},"end":{"line":52,"column":29}},"14":{"start":{"line":53,"column":17},"end":{"line":53,"column":49}},"15":{"start":{"line":54,"column":24},"end":{"line":54,"column":52}},"16":{"start":{"line":55,"column":28},"end":{"line":55,"column":83}},"17":{"start":{"line":58,"column":4},"end":{"line":63,"column":5}},"18":{"start":{"line":59,"column":6},"end":{"line":62,"column":7}},"19":{"start":{"line":60,"column":8},"end":{"line":60,"column":29}},"20":{"start":{"line":61,"column":8},"end":{"line":61,"column":19}},"21":{"start":{"line":66,"column":4},"end":{"line":68,"column":5}},"22":{"start":{"line":67,"column":6},"end":{"line":67,"column":27}},"23":{"start":{"line":70,"column":19},"end":{"line":70,"column":53}},"24":{"start":{"line":71,"column":23},"end":{"line":71,"column":66}},"25":{"start":{"line":74,"column":4},"end":{"line":77,"column":5}},"26":{"start":{"line":75,"column":6},"end":{"line":75,"column":27}},"27":{"start":{"line":76,"column":6},"end":{"line":76,"column":17}},"28":{"start":{"line":79,"column":19},"end":{"line":79,"column":35}},"29":{"start":{"line":80,"column":4},"end":{"line":85,"column":6}},"30":{"start":{"line":86,"column":4},"end":{"line":86,"column":33}},"31":{"start":{"line":89,"column":2},"end":{"line":89,"column":18}}},"fnMap":{"0":{"name":"computeParagraphStarts","decl":{"start":{"line":9,"column":16},"end":{"line":9,"column":38}},"loc":{"start":{"line":9,"column":86},"end":{"line":16,"column":1}},"line":9},"1":{"name":"(anonymous_1)","decl":{"start":{"line":12,"column":30},"end":{"line":12,"column":31}},"loc":{"start":{"line":12,"column":37},"end":{"line":12,"column":83}},"line":12},"2":{"name":"computeLayout","decl":{"start":{"line":37,"column":16},"end":{"line":37,"column":29}},"loc":{"start":{"line":37,"column":82},"end":{"line":90,"column":1}},"line":37}},"branchMap":{"0":{"loc":{"start":{"line":12,"column":37},"end":{"line":12,"column":83}},"type":"binary-expr","locations":[{"start":{"line":12,"column":37},"end":{"line":12,"column":59}},{"start":{"line":12,"column":63},"end":{"line":12,"column":83}}],"line":12},"1":{"loc":{"start":{"line":13,"column":4},"end":{"line":13,"column":31}},"type":"if","locations":[{"start":{"line":13,"column":4},"end":{"line":13,"column":31}},{"start":{},"end":{}}],"line":13},"2":{"loc":{"start":{"line":53,"column":17},"end":{"line":53,"column":49}},"type":"cond-expr","locations":[{"start":{"line":53,"column":27},"end":{"line":53,"column":42}},{"start":{"line":53,"column":45},"end":{"line":53,"column":49}}],"line":53},"3":{"loc":{"start":{"line":55,"column":28},"end":{"line":55,"column":83}},"type":"binary-expr","locations":[{"start":{"line":55,"column":28},"end":{"line":55,"column":40}},{"start":{"line":55,"column":44},"end":{"line":55,"column":57}},{"start":{"line":55,"column":61},"end":{"line":55,"column":83}}],"line":55},"4":{"loc":{"start":{"line":58,"column":4},"end":{"line":63,"column":5}},"type":"if","locations":[{"start":{"line":58,"column":4},"end":{"line":63,"column":5}},{"start":{},"end":{}}],"line":58},"5":{"loc":{"start":{"line":58,"column":8},"end":{"line":58,"column":30}},"type":"binary-expr","locations":[{"start":{"line":58,"column":8},"end":{"line":58,"column":19}},{"start":{"line":58,"column":23},"end":{"line":58,"column":30}}],"line":58},"6":{"loc":{"start":{"line":59,"column":6},"end":{"line":62,"column":7}},"type":"if","locations":[{"start":{"line":59,"column":6},"end":{"line":62,"column":7}},{"start":{},"end":{}}],"line":59},"7":{"loc":{"start":{"line":66,"column":4},"end":{"line":68,"column":5}},"type":"if","locations":[{"start":{"line":66,"column":4},"end":{"line":68,"column":5}},{"start":{},"end":{}}],"line":66},"8":{"loc":{"start":{"line":70,"column":19},"end":{"line":70,"column":53}},"type":"cond-expr","locations":[{"start":{"line":70,"column":37},"end":{"line":70,"column":49}},{"start":{"line":70,"column":52},"end":{"line":70,"column":53}}],"line":70},"9":{"loc":{"start":{"line":74,"column":4},"end":{"line":77,"column":5}},"type":"if","locations":[{"start":{"line":74,"column":4},"end":{"line":77,"column":5}},{"start":{},"end":{}}],"line":74},"10":{"loc":{"start":{"line":74,"column":8},"end":{"line":74,"column":69}},"type":"binary-expr","locations":[{"start":{"line":74,"column":8},"end":{"line":74,"column":54}},{"start":{"line":74,"column":58},"end":{"line":74,"column":69}}],"line":74}},"s":{"0":6,"1":6,"2":6,"3":7,"4":6,"5":4,"6":6,"7":12,"8":12,"9":12,"10":12,"11":12,"12":12,"13":20,"14":20,"15":20,"16":20,"17":20,"18":2,"19":2,"20":2,"21":20,"22":3,"23":20,"24":20,"25":20,"26":1,"27":1,"28":20,"29":20,"30":20,"31":12},"f":{"0":6,"1":7,"2":12},"b":{"0":[7,5],"1":[4,2],"2":[9,11],"3":[20,17,7],"4":[2,18],"5":[20,3],"6":[2,0],"7":[3,17],"8":[1,19],"9":[1,19],"10":[20,1]},"_coverageSchema":"1a1c01bbd47fc00a2c39e90264f33305004495a9","hash":"3b5feed9a5f5491cae8bb362df3b476a2019cb49"}
,"C:\\Users\\kent2\\Documents\\Senior Project\\contextdefinitions\\services\\ankiExport.ts": {"path":"C:\\Users\\kent2\\Documents\\Senior Project\\contextdefinitions\\services\\ankiExport.ts","statementMap":{"0":{"start":{"line":7,"column":2},"end":{"line":7,"column":42}},"1":{"start":{"line":7,"column":14},"end":{"line":7,"column":42}},"2":{"start":{"line":8,"column":15},"end":{"line":11,"column":26}},"3":{"start":{"line":12,"column":2},"end":{"line":12,"column":27}},"4":{"start":{"line":20,"column":2},"end":{"line":20,"column":56}},"5":{"start":{"line":24,"column":26},"end":{"line":24,"column":28}},"6":{"start":{"line":26,"column":2},"end":{"line":26,"column":55}},"7":{"start":{"line":27,"column":2},"end":{"line":27,"column":24}},"8":{"start":{"line":28,"column":2},"end":{"line":28,"column":42}},"9":{"start":{"line":30,"column":2},"end":{"line":32,"column":3}},"10":{"start":{"line":31,"column":4},"end":{"line":31,"column":70}},"11":{"start":{"line":34,"column":2},"end":{"line":36,"column":3}},"12":{"start":{"line":35,"column":4},"end":{"line":35,"column":80}},"13":{"start":{"line":38,"column":2},"end":{"line":38,"column":23}},"14":{"start":{"line":48,"column":17},"end":{"line":48,"column":68}},"15":{"start":{"line":49,"column":15},"end":{"line":49,"column":83}},"16":{"start":{"line":49,"column":35},"end":{"line":49,"column":82}},"17":{"start":{"line":50,"column":2},"end":{"line":50,"column":40}},"18":{"start":{"line":54,"column":18},"end":{"line":54,"column":41}},"19":{"start":{"line":55,"column":19},"end":{"line":55,"column":39}},"20":{"start":{"line":58,"column":2},"end":{"line":67,"column":3}},"21":{"start":{"line":59,"column":17},"end":{"line":59,"column":74}},"22":{"start":{"line":60,"column":16},"end":{"line":60,"column":41}},"23":{"start":{"line":61,"column":19},"end":{"line":61,"column":46}},"24":{"start":{"line":62,"column":4},"end":{"line":62,"column":21}},"25":{"start":{"line":63,"column":4},"end":{"line":63,"column":30}},"26":{"start":{"line":64,"column":4},"end":{"line":64,"column":18}},"27":{"start":{"line":65,"column":4},"end":{"line":65,"column":28}},"28":{"start":{"line":66,"column":4},"end":{"line":66,"column":10}},"29":{"start":{"line":70,"column":15},"end":{"line":70,"column":59}},"30":{"start":{"line":71,"column":2},"end":{"line":71,"column":54}},"31":{"start":{"line":73,"column":2},"end":{"line":77,"column":3}},"32":{"start":{"line":74,"column":4},"end":{"line":74,"column":43}},"33":{"start":{"line":76,"column":4},"end":{"line":76,"column":65}}},"fnMap":{"0":{"name":"buildFileName","decl":{"start":{"line":6,"column":9},"end":{"line":6,"column":22}},"loc":{"start":{"line":6,"column":47},"end":{"line":13,"column":1}},"line":6},"1":{"name":"escapeField","decl":{"start":{"line":19,"column":9},"end":{"line":19,"column":20}},"loc":{"start":{"line":19,"column":43},"end":{"line":21,"column":1}},"line":19},"2":{"name":"buildBack","decl":{"start":{"line":23,"column":9},"end":{"line":23,"column":18}},"loc":{"start":{"line":23,"column":44},"end":{"line":39,"column":1}},"line":23},"3":{"name":"buildAnkiContent"
[...]
{"line":198,"column":2},"end":{"line":200,"column":3}},{"start":{},"end":{}}],"line":198},"40":{"loc":{"start":{"line":209,"column":2},"end":{"line":213,"column":3}},"type":"if","locations":[{"start":{"line":209,"column":2},"end":{"line":213,"column":3}},{"start":{"line":211,"column":9},"end":{"line":213,"column":3}}],"line":209},"41":{"loc":{"start":{"line":210,"column":37},"end":{"line":210,"column":52}},"type":"binary-expr","locations":[{"start":{"line":210,"column":37},"end":{"line":210,"column":45}},{"start":{"line":210,"column":49},"end":{"line":210,"column":52}}],"line":210},"42":{"loc":{"start":{"line":210,"column":67},"end":{"line":210,"column":82}},"type":"binary-expr","locations":[{"start":{"line":210,"column":67},"end":{"line":210,"column":75}},{"start":{"line":210,"column":79},"end":{"line":210,"column":82}}],"line":210},"43":{"loc":{"start":{"line":211,"column":9},"end":{"line":213,"column":3}},"type":"if","locations":[{"start":{"line":211,"column":9},"end":{"line":213,"column":3}},{"start":{},"end":{}}],"line":211},"44":{"loc":{"start":{"line":212,"column":37},"end":{"line":212,"column":52}},"type":"binary-expr","locations":[{"start":{"line":212,"column":37},"end":{"line":212,"column":45}},{"start":{"line":212,"column":49},"end":{"line":212,"column":52}}],"line":212},"45":{"loc":{"start":{"line":212,"column":67},"end":{"line":212,"column":82}},"type":"binary-expr","locations":[{"start":{"line":212,"column":67},"end":{"line":212,"column":75}},{"start":{"line":212,"column":79},"end":{"line":212,"column":82}}],"line":212},"46":{"loc":{"start":{"line":220,"column":2},"end":{"line":220,"column":36}},"type":"default-arg","locations":[{"start":{"line":220,"column":30},"end":{"line":220,"column":36}}],"line":220},"47":{"loc":{"start":{"line":221,"column":2},"end":{"line":221,"column":12}},"type":"default-arg","locations":[{"start":{"line":221,"column":10},"end":{"line":221,"column":12}}],"line":221},"48":{"loc":{"start":{"line":222,"column":2},"end":{"line":222,"column":12}},"type":"default-arg","locations":[{"start":{"line":222,"column":11},"end":{"line":222,"column":12}}],"line":222},"49":{"loc":{"start":{"line":226,"column":2},"end":{"line":263,"column":3}},"type":"if","locations":[{"start":{"line":226,"column":2},"end":{"line":263,"column":3}},{"start":{},"end":{}}],"line":226},"50":{"loc":{"start":{"line":229,"column":4},"end":{"line":232,"column":5}},"type":"if","locations":[{"start":{"line":229,"column":4},"end":{"line":232,"column":5}},{"start":{},"end":{}}],"line":229},"51":{"loc":{"start":{"line":229,"column":8},"end":{"line":229,"column":26}},"type":"binary-expr","locations":[{"start":{"line":229,"column":8},"end":{"line":229,"column":15}},{"start":{"line":229,"column":19},"end":{"line":229,"column":26}}],"line":229},"52":{"loc":{"start":{"line":230,"column":48},"end":{"line":230,"column":77}},"type":"binary-expr","locations":[{"start":{"line":230,"column":48},"end":{"line":230,"column":64}},{"start":{"line":230,"column":68},"end":{"line":230,"column":77}}],"line":230},"53":{"loc":{"start":{"line":249,"column":4},"end":{"line":252,"column":5}},"type":"if","locations":[{"start":{"line":249,"column":4},"end":{"line":252,"column":5}},{"start":{},"end":{}}],"line":249},"54":{"loc":{"start":{"line":254,"column":12},"end":{"line":254,"column":22}},"type":"binary-expr","locations":[{"start":{"line":254,"column":12},"end":{"line":254,"column":16}},{"start":{"line":254,"column":20},"end":{"line":254,"column":22}}],"line":254},"55":{"loc":{"start":{"line":257,"column":22},"end":{"line":257,"column":35}},"type":"binary-expr","locations":[{"start":{"line":257,"column":22},"end":{"line":257,"column":29}},{"start":{"line":257,"column":33},"end":{"line":257,"column":35}}],"line":257},"56":{"loc":{"start":{"line":258,"column":22},"end":{"line":258,"column":35}},"type":"binary-expr","locations":[{"start":{"line":258,"column":22},"end":{"line":258,"column":29}},{"start":{"line":258,"column":33},"end":{"line":258,"column":35}}],"line":258},"57":{"loc":{"start":{"line":259,"column":23},"end":{"line":259,"column":41}},"type":"binary-expr","locations":[{"start":{"line":259,"column":23},"end":{"line":259,"column":35}},{"start":{"line":259,"column":39},"end":{"line":259,"column":41}}],"line":259},"58":{"loc":{"start":{"line":260,"column":21},"end":{"line":260,"column":44}},"type":"binary-expr","locations":[{"start":{"line":260,"column":21},"end":{"line":260,"column":38}},{"start":{"line":260,"column":42},"end":{"line":260,"column":44}}],"line":260},"59":{"loc":{"start":{"line":273,"column":13},"end":{"line":273,"column":79}},"type":"binary-expr","locations":[{"start":{"line":273,"column":13},"end":{"line":273,"column":44}},{"start":{"line":273,"column":48},"end":{"line":273,"column":79}}],"line":273},"60":{"loc":{"start":{"line":281,"column":2},"end":{"line":281,"column":27}},"type":"if","locations":[{"start":{"line":281,"column":2},"end":{"line":281,"column":27}},{"start":{},"end":{}}],"line":281},"61":{"loc":{"start":{"line":290,"column":2},"end":{"line":293,"column":3}},"type":"if","locations":[{"start":{"line":290,"column":2},"end":{"line":293,"column":3}},{"start":{},"end":{}}],"line":290},"62":{"loc":{"start":{"line":300,"column":2},"end":{"line":300,"column":27}},"type":"if","locations":[{"start":{"line":300,"column":2},"end":{"line":300,"column":27}},{"start":{},"end":{}}],"line":300},"63":{"loc":{"start":{"line":308,"column":2},"end":{"line":311,"column":3}},"type":"if","locations":[{"start":{"line":308,"column":2},"end":{"line":311,"column":3}},{"start":{},"end":{}}],"line":308},"64":{"loc":{"start":{"line":320,"column":2},"end":{"line":323,"column":3}},"type":"if","locations":[{"start":{"line":320,"column":2},"end":{"line":323,"column":3}},{"start":{},"end":{}}],"line":320},"65":{"loc":{"start":{"line":335,"column":2},"end":{"line":338,"column":3}},"type":"if","locations":[{"start":{"line":335,"column":2},"end":{"line":338,"column":3}},{"start":{},"end":{}}],"line":335},"66":{"loc":{"start":{"line":340,"column":2},"end":{"line":343,"column":3}},"type":"if","locations":[{"start":{"line":340,"column":2},"end":{"line":343,"column":3}},{"start":{},"end":{}}],"line":340},"67":{"loc":{"start":{"line":351,"column":2},"end":{"line":354,"column":3}},"type":"if","locations":[{"start":{"line":351,"column":2},"end":{"line":354,"column":3}},{"start":{},"end":{}}],"line":351}},"s":{"0":3,"1":3,"2":3,"3":3,"4":3,"5":3,"6":2,"7":2,"8":2,"9":1,"10":1,"11":1,"12":1,"13":0,"14":0,"15":1,"16":0,"17":0,"18":1,"19":1,"20":10,"21":10,"22":10,"23":1,"24":1,"25":9,"26":9,"27":1,"28":1,"29":8,"30":9,"31":8,"32":8,"33":11,"34":3,"35":3,"36":1,"37":1,"38":2,"39":2,"40":2,"41":2,"42":8,"43":8,"44":8,"45":1,"46":1,"47":7,"48":7,"49":7,"50":7,"51":1,"52":1,"53":6,"54":6,"55":3,"56":1,"57":2,"58":2,"59":2,"60":4,"61":2,"62":2,"63":1,"64":1,"65":1,"66":0,"67":0,"68":2,"69":6,"70":6,"71":3,"72":3,"73":3,"74":1,"75":1,"76":2,"77":2,"78":1,"79":1,"80":1,"81":1,"82":3,"83":3,"84":4,"85":4,"86":4,"87":3,"88":3,"89":3,"90":1,"91":2,"92":2,"93":1,"94":1,"95":1,"96":3,"97":3,"98":3,"99":1,"100":2,"101":2,"102":1,"103":1,"104":1,"105":0,"106":0,"107":0,"108":0,"109":0,"110":5,"111":5,"112":5,"113":5,"114":5,"115":1,"116":1,"117":4,"118":1,"119":1,"120":3,"121":3,"122":3,"123":3,"124":3,"125":1,"126":1,"127":2,"128":2},"f":{"0":3,"1":3,"2":3,"3":2,"4":10,"5":9,"6":8,"7":11,"8":2,"9":6,"10":3,"11":1,"12":0,"13":6,"14":1,"15":4,"16":3,"17":3,"18":0,"19":5},"b":{"0":[0,2],"1":[1,1],"2":[0,1],"3":[0,1],"4":[1,9],"5":[10,9],"6":[1,0],"7":[1,8],"8":[8,0],"9":[8,0],"10":[8,0],"11":[8,0],"12":[8,0],"13":[8,0],"14":[1,7],"15":[0],"16":[3,8],"17":[1,2],"18":[2,0],"19":[0,0],"20":[2,0],"21":[2,0],"22":[2,0],"23":[2,0],"24":[2,0],"25":[1,7],"26":[8,7],"27":[1,0],"28":[3,4],"29":[7,5],"30":[1,6],"31":[6,0],"32":[6,0],"33":[6,0],"34":[6,0],"35":[6,0],"36":[6,0],"37":[0,6],"38":[0],"39":[1,2],"40":[1,1],"41":[1,0],"42":[1,0],"43":[0,1],"44":[0,0],"45":[0,0],"46":[0],"47":[6],"48":[6],"49":[3,3],"50":[1,2],"51":[3,2],"52":[1,0],"53":[1,1],"54":[1,0],"55":[1,0],"56":[1,0],"57":[1,0],"58":[1,0],"59":[4,3],"60":[1,2],"61":[1,1],"62":[1,2],"63":[1,1],"64":[0,0],"65":[1,4],"66":[1,3],"67":[1,2]},"_coverageSchema":"1a1c01bbd47fc00a2c39e90264f33305004495a9","hash":"920c0ecf6d08fc59cfe83af7cfb03087cfae06d3"}
,"C:\\Users\\kent2\\Documents\\Senior Project\\contextdefinitions\\services\\words.ts": {"path":"C:\\Users\\kent2\\Documents\\Senior Project\\contextdefinitions\\services\\words.ts","statementMap":{"0":{"start":{"line":18,"column":26},"end":{"line":24,"column":42}},"1":{"start":{"line":26,"column":2},"end":{"line":29,"column":3}},"2":{"start":{"line":27,"column":4},"end":{"line":27,"column":49}},"3":{"start":{"line":28,"column":4},"end":{"line":28,"column":13}},"4":{"start":{"line":30,"column":2},"end":{"line":30,"column":19}},"5":{"start":{"line":38,"column":26},"end":{"line":45,"column":42}},"6":{"start":{"line":47,"column":2},"end":{"line":50,"column":3}},"7":{"start":{"line":48,"column":4},"end":{"line":48,"column":48}},"8":{"start":{"line":49,"column":4},"end":{"line":49,"column":13}},"9":{"start":{"line":51,"column":2},"end":{"line":51,"column":19}},"10":{"start":{"line":67,"column":26},"end":{"line":86,"column":13}},"11":{"start":{"line":88,"column":2},"end":{"line":88,"column":24}},"12":{"start":{"line":88,"column":13},"end":{"line":88,"column":24}},"13":{"start":{"line":89,"column":2},"end":{"line":89,"column":24}},"14":{"start":{"line":96,"column":20},"end":{"line":96,"column":83}},"15":{"start":{"line":98,"column":2},"end":{"line":98,"column":24}},"16":{"start":{"line":98,"column":13},"end":{"line":98,"column":24}},"17":{"start":{"line":102,"column":20},"end":{"line":102,"column":76}},"18":{"start":{"line":104,"column":2},"end":{"line":104,"column":24}},"19":{"start":{"line":104,"column":13},"end":{"line":104,"column":24}},"20":{"start":{"line":108,"column":2},"end":{"line":110,"column":3}},"21":{"start":{"line":109,"column":4},"end":{"line":109,"column":54}},"22":{"start":{"line":109,"column":34},"end":{"line":109,"column":42}},"23":{"start":{"line":111,"column":2},"end":{"line":118,"column":3}},"24":{"start":{"line":112,"column":19},"end":{"line":112,"column":34}},"25":{"start":{"line":113,"column":4},"end":{"line":115,"column":5}},"26":{"start":{"line":114,"column":6},"end":{"line":114,"column":59}},"27":{"start":{"line":114,"column":39},"end":{"line":114,"column":47}},"28":{"start":{"line":119,"column":2},"end":{"line":119,"column":12}},"29":{"start":{"line":123,"column":16},"end":{"line":126,"column":20}},"30":{"start":{"line":125,"column":19},"end":{"line":125,"column":51}},"31":{"start":{"line":127,"column":2},"end":{"line":127,"column":30}},"32":{"start":{"line":131,"column":2},"end":{"line":135,"column":3}},"33":{"start":{"line":132,"column":4},"end":{"line":132,"column":43}},"34":{"start":{"line":134,"column":4},"end":{"line":134,"column":13}},"35":{"start":{"line":139,"column":2},"end":{"line":139,"column":33}},"36":{"start":{"line":150,"column":26},"end":{"line":152,"column":4}},"37":{"start":{"line":154,"column":2},"end":{"line":167,"column":3}},"38":{"start":{"line":155,"column":4},"end":{"line":166,"column":5}},"39":{"start":{"line":156,"column":27},"end":{"line":156,"column":71}},"40":{"start":{"line":156,"column":66},"end":{"line":156,"column":70}},"41":{"start":{"line":157,"column":6},"end":{"line":157,"column":71}},"42":{"start":{"line":158,"column":21},"end":{"line":158,"column":76}},"43":{"start":{"line":159,"column":6},"end":{"line":159,"column":70}},"44":{"start":{"line":160,"column":11},"end":{"line":166,"column":5}},"45":{"start":{"line":161,"column":6},"end":{"line":161,"column":17}},"46":{"start":{"line":162,"column":11},"end":{"line":166,"column":5}},"47":{"start":{"line":163,"column":6},"end":{"line":163,"column":17}},"48":{"start":{"line":165,"column":6},"end":{"line":165,"column":17}},"49":{"start":{"line":169,"column":21},"end":{"line":169,"column":60}},"50":{"start":{"line":170,"column":30},"end":{"line":170,"column":53}},"51":{"start":{"line":171,"column":40},"end":{"line":171,"column":68}},"52":{"start":{"line":172,"column":34},"end":{"line":172,"column":84}},"53":{"start":{"line":174,"column":2},"end":{"line":174,"column":62}}},"fnMap":{"0":{"name":"getCachedWords","decl":{"start":{"line":14,"column":22},"end":{"line":14,"column":36}},"loc":{"start":{"line":17,"column":25},"end":{"line":31,"column":1}},"line":17},"1":{"name":"getSavedWords","decl":{"start":{"line":33,"column":22},"end":{"line":33,"column":35}},"loc":{"start":{"line":37,"column":27},"end":{"line":52,"column":1}},"line":37},"2":{"name":"addSavedWord","decl":{"start":{"line":54,"column":22},"end":{"line":54,"column":34}},"loc":{"start":{"line":66,"column":28},"end":{"line":90,"column":1}},"line":66},"3":{"name":"updateSavedWord","decl":{"start":{"line":92,"column":22},"end":{"line":92,"column":37}},"loc":{"start":{"line":95,"column":17},"end":{"line":99,"column":1}},"line":95},"4":{"name":"removeSavedWord","decl":{"start":{"line":101,"column":22},"end":{"line":101,"column":37}},"loc":{"start":{"line":101,"column":65},"end":{"line":105,"column":1}},"line":101},"5":{"name":"parseDefinition","decl":{"start":{"line":107,"column":16},"end":{"line":107,"column":31}},"loc":{"start":{"line":107,"column":64},"end":{"line":120,"column":1}},"line":107},"6":{"name":"(anonymous_6)","decl":{"start":{"line":109,"column":19},"end":{"line":109,"column":20}},"loc":{"start":{"line":109,"column":34},"end":{"line":109,"column":42}},"line":109},"7":{"name":"(anonymous_7)","decl":{"start":{"line":114,"column":24},"end":{"line":114,"column":25}},"loc":{"start":{"line":114,"column":39},"end":{"line":114,"column":47}},"line":114},"8":{"name":"serializeDefinition","decl":{"start":{"line":122,"column":16},"end":{"line":122,"column":35}},"loc":{"start":{"line":122,"column":61},"end":{"line":128,"column":1}},"line":122},"9":{"name":"(anonymous_9)","decl":{"start":{"line":125,"column":9},"end":{"line":125,"column":10}},"loc":{"start":{"line":125,"column":19},"end":{"line":125,"column":51}},"line":125},"10":{"name":"parseExamples","decl":{"start":{"line":130,"column":16},"end":{"line":130,"column":29}},"loc":{"start":{"line":130,"column":58},"end":{"line":136,"column":1}},"line":130},"11":{"name":"serializeExamples","decl":{"start":{"line":138,"column":16},"end":{"line":138,"column":33}},"loc":{"start":{"line":138,"column":67},"end":{"line":140,"column":1}},"line":138},"12":{"name":"getDefinitionAndTranslation","decl":{"start":{"line":142,"column":22},"end":{"line":142,"column":49}},"loc":{"start":{"line":149,"column":3},"end":{"line":175,"column":1}},"line":149},"13":{"name":"(anonymous_13)","decl":{"start":{"line":156,"column":60},"end":{"line":156,"column":61}},"loc":{"start":{"line":156,"column":66},"end":{"line":156,"column":70}},"line":156}},"branchMap":{"0":{"loc":{"start":{"line":26,"column":2},"end":{"line":29,"column":3}},"type":"if","locations":[{"start":{"line":26,"column":2},"end":{"line":29,"column":3}},{"start":{},"end":{}}],"line":26},"1":{"loc":{"start":{"line":30,"column":9},"end":{"line":30,"column":19}},"type":"binary-expr","locations":[{"start":{"line":30,"column":9},"end":{"line":30,"column":13}},{"start":{"line":30,"column":17},"end":{"line":30,"column":19}}],"line":30},"2":{"loc":{"start":{"line":47,"column":2},"end":{"line":50,"column":3}},"type":"if","locations":[{"start":{"line":47,"column":2},"end":{"line":50,"column":3}},{"start":{},"end":{}}],"line":47},"3":{"loc":{"start":{"line":51,"column":9},"end":{"line":51,"column":19}},"type":"binary-expr","locations":[{"start":{"line":51,"column":9},"end":{"line":51,"column":13}},{"start":{"line":51,"column":17},"end":{"line":51,"column":19}}],"line":51},"4":{"loc":{"start":{"line":88,"column":2},"end":{"line":88,"column":24}},"type":"if","locations":[{"start":{"line":88,"column":2},"end":{"line":88,"column":24}},{"start":{},"end":{}}],"line":88},"5":{"loc":{"start":{"line":98,"column":2},"end":{"line":98,"column":24}},"type":"if","locations":[{"start":{"line":98,"column":2},"end":{"line":98,"column":24}},{"start":{},"end":{}}],"line":98},"6":{"loc":{"start":{"line":104,"column":2},"end":{"line":104,"column":24}},"type":"if","locations":[{"start":{"line":104,"column":2},"end":{"line":104,"column":24}},{"start":{},"end":{}}],"line":104},"7":{"loc":{"start":{"line":108,"column":2},"end":{"line":110,"column":3}},"type":"if","locations":[{"start":{"line":108,"column":2},"end":{"line":110,"column":3}},{"start":{},"end":{}}],"line":108},"8":{"loc":{"start":{"line":113,"column":4},"end":{"line":115,"column":5}},"type":"if","locations":[{"start":{"line":113,"column":4},"end":{"line":115,"column":5}},{"start":{},"end":{}}],"line":113},"9":{"loc":{"start":{"line":154,"column":2},"end":{"line":167,"column":3}},"type":"if","locations":[{"start":{"line":154,"column":2},"end":{"line":167,"column":3}},{"start":{},"end":{}}],"line":154},"10":{"loc":{"start":{"line":155,"column":4},"end":{"line":166,"column":5}},"type":"if","locations":[{"start":{"line":155,"column":4},"end":{"line":166,"column":5}},{"start":{"line":160,"column":11},"end":{"line":166,"column":5}}],"line":155},"11":{"loc":{"start":{"line":158,"column":21},"end":{"line":158,"column":76}},"type":"cond-expr","locations":[{"start":{"line":158,"column":44},"end":{"line":158,"column":71}},{"start":{"line":158,"column":74},"end":{"line":158,"column":76}}],"line":158},"12":{"loc":{"start":{"line":159,"column":23},"end":{"line":159,"column":59}},"type":"binary-expr","locations":[{"start":{"line":159,"column":23},"end":{"line":159,"column":42}},{"start":{"line":159,"column":46},"end":{"line":159,"column":59}}],"line":159},"13":{"loc":{"start":{"line":160,"column":11},"end":{"line":166,"column":5}},"type":"if","locations":[{"start":{"line":160,"column":11},"end":{"line":166,"column":5}},{"start":{"line":162,"column":11},"end":{"line":166,"column":5}}],"line":160},"14":{"loc":{"start":{"line":162,"column":11},"end":{"line":166,"column":5}},"type":"if","locations":[{"start":{"line":162,"column":11},"end":{"line":166,"column":5}},{"start":{"line":164,"column":11},"end":{"line":166,"column":5}}],"line":162},"15":{"loc":{"start":{"line":169,"column":37},"end":{"line":169,"column":59}},"type":"binary-expr","locations":[{"start":{"line":169,"column":37},"end":{"line":169,"column":53}},{"start":{"line":169,"column":57},"end":{"line":169,"column":59}}],"line":169},"16":{"loc":{"start":{"line":170,"column":30},"end":{"line":170,"column":53}},"type":"binary-expr","locations":[{"start":{"line":170,"column":30},"end":{"line":170,"column":47}},{"start":{"line":170,"column":51},"end":{"line":170,"column":53}}],"line":170},"17":{"loc":{"start":{"line":171,"column":40},"end":{"line":171,"column":68}},"type":"binary-expr","locations":[{"start":{"line":171,"column":40},"end":{"line":171,"column":60}},{"start":{"line":171,"column":64},"end":{"line":171,"column":68}}],"line":171},"18":{"loc":{"start":{"line":172,"column":34},"end":{"line":172,"column":84}},"type":"cond-expr","locations":[{"start":{"line":172,"column":66},"end":{"line":172,"column":79}},{"start":{"line":172,"column":82},"end":{"line":172,"column":84}}],"line":172}},"s":{"0":3,"1":3,"2":1,"3":1,"4":2,"5":2,"6":2,"7":1,"8":1,"9":1,"10":2,"11":2,"12":1,"13":1,"14":2,"15":2,"16":1,"17":2,"18":2,"19":1,"20":9,"21":4,"22":5,"23":5,"24":5,"25":3,"26":2,"27":3,"28":3,"29":4,"30":8,"31":4,"32":4,"33":4,"34":2,"35":3,"36":5,"37":5,"38":3,"39":1,"40":0,"41":1,"42":1,"43":1,"44":2,"45":1,"46":1,"47":1,"48":0,"49":2,"50":2,"51":2,"52":2,"53":2},"f":{"0":3,"1":2,"2":2,"3":2,"4":2,"5":9,"6":5,"7":3,"8":4,"9":8,"10":4,"11":3,"12":5,"13":0},"b":{"0":[1,2],"1":[2,1],"2":[1,1],"3":[1,0],"4":[1,1],"5":[1,1],"6":[1,1],"7":[4,5],"8":[2,1],"9":[3,2],"10":[1,2],"11":[1,0],"12":[1,0],"13":[1,1],"14":[1,0],"15":[2,1],"16":[2,1],"17":[2,1],"18":[1,1]},"_coverageSchema":"1a1c01bbd47fc00a2c39e90264f33305004495a9","hash":"3a35bcc0602ab75d7e162f03abe328a42115efb1"}
}
