TN:
SF:constants\Themes.ts
FNF:0
FNH:0
DA:4,4
DA:43,4
DA:57,4
DA:88,4
DA:101,4
DA:136,4
DA:212,4
LF:7
LH:7
BRF:0
BRH:0
end_of_record
TN:
SF:hooks\useFullscreenModal.tsx
FN:10,(anonymous_0)
FN:13,FullscreenModalProvider
FN:24,useFullscreenModal
FNF:3
FNH:2
FNDA:0,(anonymous_0)
FNDA:11,FullscreenModalProvider
FNDA:11,useFullscreenModal
DA:8,1
DA:14,11
DA:15,11
DA:25,11
LF:4
LH:4
BRF:0
BRH:0
end_of_record
TN:
SF:hooks\useHome.tsx
FN:29,HomeProvider
FN:39,(anonymous_1)
FN:59,(anonymous_2)
FN:64,(anonymous_3)
FN:69,(anonymous_4)
FN:83,(anonymous_5)
FN:96,(anonymous_6)
FN:113,(anonymous_7)
FN:137,useHome
FNF:9
FNH:9
FNDA:35,HomeProvider
FNDA:2,(anonymous_1)
FNDA:14,(anonymous_2)
FNDA:4,(anonymous_3)
FNDA:14,(anonymous_4)
FNDA:3,(anonymous_5)
FNDA:3,(anonymous_6)
FNDA:14,(anonymous_7)
FNDA:32,useHome
DA:27,1
DA:30,35
DA:31,35
DA:32,35
DA:33,35
DA:34,35
DA:35,35
DA:36,35
DA:37,35
DA:39,35
DA:40,2
DA:41,2
DA:42,2
DA:43,2
DA:44,2
DA:45,2
DA:46,2
DA:49,2
DA:50,1
DA:51,1
DA:53,1
DA:54,1
DA:56,2
DA:59,35
DA:60,14
DA:61,14
DA:64,35
DA:65,4
DA:66,4
DA:69,35
DA:70,14
DA:71,14
DA:72,14
DA:73,11
DA:75,3
DA:79,14
DA:83,35
DA:84,3
DA:85,3
DA:86,3
DA:87,2
DA:89,1
DA:92,3
DA:96,35
DA:97,3
DA:98,1
DA:99,1
DA:101,0
DA:103,1
DA:106,2
DA:110,2
DA:113,35
DA:114,14
DA:117,35
DA:138,32
DA:139,32
DA:140,0
DA:142,32
LF:58
LH:56
BRDA:40,0,0,0
BRDA:40,0,1,2
BRDA:49,1,0,1
BRDA:49,1,1,1
BRDA:72,2,0,11
BRDA:72,2,1,3
BRDA:86,3,0,2
BRDA:86,3,1,1
BRDA:97,4,0,1
BRDA:97,4,1,2
BRDA:98,5,0,1
BRDA:98,5,1,0
BRDA:108,6,0,1
BRDA:108,6,1,1
BRDA:139,7,0,0
BRDA:139,7,1,32
BRF:16
BRH:13
end_of_record
TN:
SF:hooks\useOnboarding.tsx
FN:27,OnboardingProvider
FN:35,(anonymous_1)
FN:67,useOnboarding
FNF:3
FNH:3
FNDA:19,OnboardingProvider
FNDA:1,(anonymous_1)
FNDA:19,useOnboarding
DA:25,1
DA:28,19
DA:29,19
DA:30,19
DA:31,19
DA:32,19
DA:33,19
DA:35,19
DA:36,1
DA:37,1
DA:38,1
DA:39,1
DA:40,1
DA:41,1
DA:44,19
DA:68,19
DA:69,19
DA:70,0
DA:72,19
LF:19
LH:18
BRDA:69,0,0,0
BRDA:69,0,1,19
BRF:2
BRH:1
end_of_record
TN:
SF:hooks\useProfile.tsx
FN:16,(anonymous_0)
FN:19,ProfileProvider
FN:24,(anonymous_2)
FN:40,(anonymous_3)
FN:51,useProfile
FNF:5
FNH:4
FNDA:0,(anonymous_0)
FNDA:13,ProfileProvider
FNDA:7,(anonymous_2)
FNDA:6,(anonymous_3)
FNDA:13,useProfile
DA:13,1
DA:20,13
DA:21,13
DA:22,13
DA:24,13
DA:25,7
DA:26,1
DA:27,1
DA:28,1
DA:31,6
DA:33,6
DA:34,4
DA:36,6
DA:37,6
DA:40,13
DA:41,6
DA:44,13
DA:52,13
DA:53,13
DA:54,0
DA:56,13
LF:21
LH:20
BRDA:25,0,0,1
BRDA:25,0,1,6
BRDA:33,1,0,4
BRDA:33,1,1,2
BRDA:33,2,0,6
BRDA:33,2,1,5
BRDA:53,3,0,0
BRDA:53,3,1,13
BRF:8
BRH:7
end_of_record
TN:
SF:hooks\useSession.tsx
FN:15,SessionProvider
FN:19,(anonymous_1)
FN:21,(anonymous_2)
FN:29,(anonymous_3)
FN:33,(anonymous_4)
FN:43,useSession
FNF:6
FNH:6
FNDA:15,SessionProvider
FNDA:7,(anonymous_1)
FNDA:6,(anonymous_2)
FNDA:2,(anonymous_3)
FNDA:7,(anonymous_4)
FNDA:15,useSession
DA:10,1
DA:16,15
DA:17,15
DA:19,15
DA:21,7
DA:22,6
DA:23,6
DA:29,7
DA:30,2
DA:33,7
DA:36,15
DA:44,15
DA:45,15
DA:46,0
DA:48,15
LF:15
LH:14
BRDA:45,0,0,0
BRDA:45,0,1,15
BRF:2
BRH:1
end_of_record
TN:
SF:hooks\useThemeColor.tsx
FN:30,useThemeColor
FNF:1
FNH:1
FNDA:7,useThemeColor
DA:31,7
DA:32,7
DA:34,7
DA:35,2
DA:37,5
LF:5
LH:5
BRDA:31,0,0,3
BRDA:31,0,1,4
BRDA:34,1,0,2
BRDA:34,1,1,5
BRF:4
BRH:4
end_of_record
TN:
SF:hooks\useUpload.tsx
FN:50,UploadProvider
FN:60,(anonymous_1)
FN:65,(anonymous_2)
FN:70,(anonymous_3)
FN:95,(anonymous_4)
FN:104,(anonymous_5)
FN:111,(anonymous_6)
FN:127,(anonymous_7)
FN:128,(anonymous_8)
FN:130,(anonymous_9)
FN:131,(anonymous_10)
FN:133,(anonymous_11)
FN:134,(anonymous_12)
FN:136,(anonymous_13)
FN:143,(anonymous_14)
FN:151,useUpload
FNF:16
FNH:15
FNDA:36,UploadProvider
FNDA:5,(anonymous_1)
FNDA:2,(anonymous_2)
FNDA:0,(anonymous_3)
FNDA:4,(anonymous_4)
FNDA:3,(anonymous_5)
FNDA:1,(anonymous_6)
FNDA:1,(anonymous_7)
FNDA:1,(anonymous_8)
FNDA:2,(anonymous_9)
FNDA:1,(anonymous_10)
FNDA:1,(anonymous_11)
FNDA:1,(anonymous_12)
FNDA:3,(anonymous_13)
FNDA:1,(anonymous_14)
FNDA:36,useUpload
DA:42,1
DA:48,1
DA:51,36
DA:52,36
DA:53,36
DA:54,36
DA:55,36
DA:56,36
DA:57,36
DA:58,36
DA:60,36
DA:61,5
DA:62,5
DA:65,36
DA:66,2
DA:67,2
DA:70,36
DA:77,0
DA:78,0
DA:79,0
DA:80,0
DA:81,0
DA:82,0
DA:83,0
DA:84,0
DA:85,0
DA:87,0
DA:90,0
DA:91,0
DA:95,36
DA:96,4
DA:97,4
DA:98,4
DA:99,4
DA:100,3
DA:101,1
DA:102,1
DA:104,3
DA:105,3
DA:107,4
DA:111,36
DA:112,1
DA:113,1
DA:116,36
DA:127,1
DA:128,1
DA:130,2
DA:131,1
DA:133,1
DA:134,1
DA:137,3
DA:143,1
DA:152,36
DA:153,36
DA:154,0
DA:156,36
LF:56
LH:43
BRDA:83,0,0,0
BRDA:83,0,1,0
BRDA:99,1,0,3
BRDA:99,1,1,1
BRDA:101,2,0,1
BRDA:101,2,1,0
BRDA:137,3,0,1
BRDA:137,3,1,2
BRDA:153,4,0,0
BRDA:153,4,1,36
BRF:10
BRH:6
end_of_record
TN:
SF:screens\ReadingScreen\hooks\useReadingContent.tsx
FN:20,hitTest
FN:43,buildTokenSentenceMap
FN:70,buildPages
FN:154,useReadingContent
FN:203,(anonymous_4)
FN:207,(anonymous_5)
FN:232,(anonymous_6)
FN:255,(anonymous_7)
FN:260,(anonymous_8)
FN:274,(anonymous_9)
FN:274,(anonymous_10)
FN:281,(anonymous_11)
FN:299,(anonymous_12)
FN:299,(anonymous_13)
FN:305,(anonymous_14)
FN:307,isHighlighted
FN:314,commitSelection
FN:317,(anonymous_17)
FN:317,(anonymous_18)
FN:319,(anonymous_19)
FN:321,(anonymous_20)
FN:324,(anonymous_21)
FN:326,(anonymous_22)
FN:327,(anonymous_23)
FN:333,(anonymous_24)
FN:346,(anonymous_25)
FN:353,(anonymous_26)
FN:362,(anonymous_27)
FN:376,onContainerLayout
FN:382,onTokenContainerLayout
FN:388,onTokenLayout
FNF:31
FNH:15
FNDA:10,hitTest
FNDA:13,buildTokenSentenceMap
FNDA:10,buildPages
FNDA:55,useReadingContent
FNDA:1,(anonymous_4)
FNDA:20,(anonymous_5)
FNDA:24,(anonymous_6)
FNDA:2,(anonymous_7)
FNDA:26,(anonymous_8)
FNDA:0,(anonymous_9)
FNDA:0,(anonymous_10)
FNDA:21,(anonymous_11)
FNDA:0,(anonymous_12)
FNDA:0,(anonymous_13)
FNDA:2,(anonymous_14)
FNDA:11,isHighlighted
FNDA:0,commitSelection
FNDA:0,(anonymous_17)
FNDA:0,(anonymous_18)
FNDA:0,(anonymous_19)
FNDA:0,(anonymous_20)
FNDA:0,(anonymous_21)
FNDA:0,(anonymous_22)
FNDA:0,(anonymous_23)
FNDA:0,(anonymous_24)
FNDA:0,(anonymous_25)
FNDA:0,(anonymous_26)
FNDA:0,(anonymous_27)
FNDA:5,onContainerLayout
FNDA:3,onTokenContainerLayout
FNDA:1,onTokenLayout
DA:26,10
DA:27,12
DA:28,9
DA:34,6
DA:37,4
DA:47,13
DA:48,13
DA:49,13
DA:51,42
DA:52,42
DA:57,22
DA:60,13
DA:76,10
DA:78,8
DA:79,8
DA:80,8
DA:81,8
DA:83,8
DA:84,29
DA:85,29
DA:87,28
DA:88,21
DA:92,7
DA:94,7
DA:99,7
DA:101,7
DA:103,2
DA:104,2
DA:108,2
DA:111,2
DA:114,1
DA:115,1
DA:116,1
DA:119,1
DA:120,1
DA:122,1
DA:123,1
DA:124,1
DA:128,5
DA:129,5
DA:130,5
DA:135,8
DA:136,8
DA:163,55
DA:164,55
DA:166,55
DA:167,55
DA:168,55
DA:169,55
DA:170,55
DA:172,55
DA:173,55
DA:174,55
DA:175,55
DA:178,55
DA:179,55
DA:180,55
DA:181,55
DA:183,55
DA:184,55
DA:185,55
DA:186,55
DA:187,55
DA:188,55
DA:191,55
DA:192,55
DA:195,55
DA:196,55
DA:198,55
DA:199,55
DA:200,55
DA:201,55
DA:203,55
DA:207,55
DA:208,20
DA:209,20
DA:213,20
DA:214,0
DA:216,20
DA:219,20
DA:220,20
DA:222,20
DA:223,1
DA:232,55
DA:233,24
DA:235,2
DA:236,2
DA:237,2
DA:239,2
DA:240,2
DA:241,2
DA:251,2
DA:253,2
DA:255,2
DA:260,55
DA:261,26
DA:263,2
DA:264,2
DA:265,2
DA:267,2
DA:268,2
DA:269,2
DA:272,2
DA:273,2
DA:274,0
DA:275,0
DA:278,2
DA:281,55
DA:282,21
DA:283,17
DA:284,17
DA:285,17
DA:288,4
DA:289,4
DA:291,4
DA:292,4
DA:294,4
DA:295,4
DA:297,4
DA:298,4
DA:299,0
DA:300,0
DA:304,55
DA:305,55
DA:308,11
DA:309,8
DA:310,8
DA:311,8
DA:315,0
DA:316,0
DA:317,0
DA:318,0
DA:320,0
DA:321,0
DA:324,0
DA:325,0
DA:326,0
DA:327,0
DA:328,0
DA:331,55
DA:334,0
DA:336,0
DA:338,0
DA:339,0
DA:340,0
DA:341,0
DA:342,0
DA:343,0
DA:347,0
DA:348,0
DA:349,0
DA:350,0
DA:354,0
DA:355,0
DA:356,0
DA:357,0
DA:358,0
DA:359,0
DA:363,0
DA:364,0
DA:365,0
DA:366,0
DA:368,0
DA:369,0
DA:372,0
DA:373,0
DA:377,5
DA:378,5
DA:383,3
DA:384,3
DA:389,1
DA:393,55
LF:172
LH:130
BRDA:27,0,0,3
BRDA:27,0,1,9
BRDA:28,1,0,6
BRDA:28,1,1,3
BRDA:29,2,0,9
BRDA:29,2,1,8
BRDA:29,2,2,7
BRDA:29,2,3,6
BRDA:51,3,0,48
BRDA:51,3,1,29
BRDA:52,4,0,22
BRDA:52,4,1,20
BRDA:53,5,0,42
BRDA:53,5,1,23
BRDA:53,5,2,22
BRDA:76,6,0,2
BRDA:76,6,1,8
BRDA:76,7,0,10
BRDA:76,7,1,9
BRDA:85,8,0,1
BRDA:85,8,1,28
BRDA:87,9,0,21
BRDA:87,9,1,7
BRDA:94,10,0,7
BRDA:94,10,1,0
BRDA:99,11,0,7
BRDA:99,11,1,3
BRDA:101,12,0,2
BRDA:101,12,1,5
BRDA:105,13,0,4
BRDA:105,13,1,3
BRDA:111,14,0,1
BRDA:111,14,1,1
BRDA:123,15,0,1
BRDA:123,15,1,0
BRDA:135,16,0,8
BRDA:135,16,1,0
BRDA:198,17,0,55
BRDA:198,17,1,39
BRDA:199,18,0,55
BRDA:199,18,1,39
BRDA:200,19,0,55
BRDA:200,19,1,39
BRDA:201,20,0,55
BRDA:201,20,1,39
BRDA:213,21,0,0
BRDA:213,21,1,20
BRDA:213,22,0,20
BRDA:213,22,1,0
BRDA:214,23,0,0
BRDA:214,23,1,0
BRDA:222,24,0,1
BRDA:222,24,1,19
BRDA:222,25,0,20
BRDA:222,25,1,4
BRDA:233,26,0,22
BRDA:233,26,1,2
BRDA:233,27,0,24
BRDA:233,27,1,6
BRDA:233,27,2,5
BRDA:237,28,0,0
BRDA:237,28,1,2
BRDA:261,29,0,24
BRDA:261,29,1,2
BRDA:261,30,0,26
BRDA:261,30,1,8
BRDA:261,30,2,4
BRDA:273,31,0,0
BRDA:273,31,1,2
BRDA:273,32,0,2
BRDA:273,32,1,0
BRDA:275,33,0,0
BRDA:275,33,1,0
BRDA:282,34,0,17
BRDA:282,34,1,4
BRDA:289,35,0,0
BRDA:289,35,1,4
BRDA:298,36,0,4
BRDA:298,36,1,0
BRDA:300,37,0,0
BRDA:300,37,1,0
BRDA:304,38,0,2
BRDA:304,38,1,53
BRDA:304,39,0,2
BRDA:304,39,1,0
BRDA:308,40,0,3
BRDA:308,40,1,8
BRDA:308,41,0,11
BRDA:308,41,1,8
BRDA:311,42,0,8
BRDA:311,42,1,7
BRDA:317,43,0,0
BRDA:317,43,1,0
BRDA:321,44,0,0
BRDA:321,44,1,0
BRDA:321,44,2,0
BRDA:321,44,3,0
BRDA:326,45,0,0
BRDA:326,45,1,0
BRDA:338,46,0,0
BRDA:338,46,1,0
BRDA:348,47,0,0
BRDA:348,47,1,0
BRDA:356,48,0,0
BRDA:356,48,1,0
BRDA:356,49,0,0
BRDA:356,49,1,0
BRDA:363,50,0,0
BRDA:363,50,1,0
BRDA:366,51,0,0
BRDA:366,51,1,0
BRDA:366,52,0,0
BRDA:366,52,1,0
BRDA:378,53,0,4
BRDA:378,53,1,1
BRDA:384,54,0,3
BRDA:384,54,1,0
BRF:117
BRH:77
end_of_record
TN:
SF:screens\ReadingScreen\utils\fontMetrics.tsx
FN:20,isCalibrated
FN:33,estimateTokenWidth
FN:41,calibrate
FN:58,FontMeasurer
FN:66,(anonymous_4)
FN:81,(anonymous_5)
FN:85,(anonymous_6)
FNF:7
FNH:7
FNDA:2,isCalibrated
FNDA:7,estimateTokenWidth
FNDA:3,calibrate
FNDA:5,FontMeasurer
FNDA:529,(anonymous_4)
FNDA:530,(anonymous_5)
FNDA:529,(anonymous_6)
DA:8,2
DA:12,2
DA:16,2
DA:17,2
DA:18,2
DA:21,2
DA:26,2
DA:34,7
DA:35,7
DA:36,16
DA:38,7
DA:42,3
DA:43,3
DA:44,318
DA:45,318
DA:46,318
DA:48,3
DA:49,3
DA:51,3
DA:59,5
DA:60,5
DA:61,5
DA:62,5
DA:63,5
DA:65,5
DA:67,529
DA:68,423
DA:69,423
DA:70,423
DA:71,3
DA:72,3
DA:73,3
DA:79,5
DA:82,530
DA:85,529
DA:94,2
LF:36
LH:36
BRDA:36,0,0,16
BRDA:36,0,1,16
BRDA:48,1,0,3
BRDA:48,1,1,0
BRDA:67,2,0,106
BRDA:67,2,1,423
BRDA:70,3,0,3
BRDA:70,3,1,420
BRF:8
BRH:7
end_of_record
TN:
SF:screens\ReadingScreen\utils\layoutEngine.ts
FN:9,computeParagraphStarts
FN:12,(anonymous_1)
FN:37,computeLayout
FNF:3
FNH:3
FNDA:6,computeParagraphStarts
FNDA:7,(anonymous_1)
FNDA:12,computeLayout
DA:10,6
DA:11,6
DA:12,7
DA:13,6
DA:15,6
DA:46,12
DA:47,12
DA:48,12
DA:49,12
DA:51,12
DA:52,20
DA:53,20
DA:54,20
DA:55,20
DA:58,20
DA:59,2
DA:60,2
DA:61,2
DA:66,20
DA:67,3
DA:70,20
DA:71,20
DA:74,20
DA:75,1
DA:76,1
DA:79,20
DA:80,20
DA:86,20
DA:89,12
LF:29
LH:29
BRDA:12,0,0,7
BRDA:12,0,1,5
BRDA:13,1,0,4
BRDA:13,1,1,2
BRDA:53,2,0,9
BRDA:53,2,1,11
BRDA:55,3,0,20
BRDA:55,3,1,17
BRDA:55,3,2,7
BRDA:58,4,0,2
BRDA:58,4,1,18
BRDA:58,5,0,20
BRDA:58,5,1,3
BRDA:59,6,0,2
BRDA:59,6,1,0
BRDA:66,7,0,3
BRDA:66,7,1,17
BRDA:70,8,0,1
BRDA:70,8,1,19
BRDA:74,9,0,1
BRDA:74,9,1,19
BRDA:74,10,0,20
BRDA:74,10,1,1
BRF:23
BRH:22
end_of_record
TN:
SF:services\ankiExport.ts
FN:6,buildFileName
FN:19,escapeField
FN:23,buildBack
FN:47,buildAnkiContent
FN:49,(anonymous_4)
FN:53,exportToAnki
FNF:6
FNH:6
FNDA:25,buildFileName
FNDA:123,escapeField
FNDA:25,buildBack
FNDA:25,buildAnkiContent
FNDA:25,(anonymous_4)
FNDA:25,exportToAnki
DA:7,25
DA:8,1
DA:12,1
DA:20,123
DA:24,25
DA:26,25
DA:27,25
DA:28,25
DA:30,25
DA:31,24
DA:34,25
DA:35,24
DA:38,25
DA:48,25
DA:49,25
DA:50,25
DA:54,25
DA:55,25
DA:58,25
DA:59,3
DA:60,3
DA:61,3
DA:62,3
DA:63,3
DA:64,3
DA:65,3
DA:66,3
DA:70,22
DA:71,22
DA:73,22
DA:74,19
DA:76,3
LF:32
LH:32
BRDA:7,0,0,24
BRDA:7,0,1,1
BRDA:30,1,0,24
BRDA:30,1,1,1
BRDA:34,2,0,24
BRDA:34,2,1,1
BRDA:58,3,0,3
BRDA:58,3,1,22
BRDA:73,4,0,19
BRDA:73,4,1,3
BRF:10
BRH:10
end_of_record
TN:
SF:services\auth.ts
FN:4,signInWithEmail
FN:12,signUpWithEmail
FN:33,verifyOtp
FN:42,resendSignUpOtp
FN:50,updateProfile
FN:68,checkEmailAvailable
FN:76,signOut
FNF:7
FNH:7
FNDA:2,signInWithEmail
FNDA:3,signUpWithEmail
FNDA:2,verifyOtp
FNDA:1,resendSignUpOtp
FNDA:1,updateProfile
FNDA:3,checkEmailAvailable
FNDA:2,signOut
DA:5,2
DA:9,2
DA:16,3
DA:30,3
DA:34,2
DA:39,2
DA:43,1
DA:47,1
DA:51,1
DA:61,1
DA:69,3
DA:73,3
DA:77,2
DA:78,2
LF:14
LH:14
BRDA:19,0,0,3
BRDA:19,0,1,1
BRF:2
BRH:2
end_of_record
TN:
SF:services\ocr.ts
FN:11,ocrExtract
FN:32,(anonymous_1)
FNF:2
FNH:1
FNDA:12,ocrExtract
FNDA:0,(anonymous_1)
DA:12,12
DA:13,12
DA:15,12
DA:16,13
DA:17,13
DA:18,4
DA:19,4
DA:20,4
DA:22,9
DA:26,12
DA:30,12
DA:31,4
DA:32,1
DA:33,1
DA:34,1
DA:35,3
DA:36,1
DA:37,1
DA:38,2
DA:39,1
DA:40,1
DA:42,1
DA:46,8
DA:47,8
DA:48,1
DA:51,7
LF:26
LH:26
BRDA:16,0,0,13
BRDA:16,0,1,0
BRDA:17,1,0,4
BRDA:17,1,1,9
BRDA:30,2,0,4
BRDA:30,2,1,8
BRDA:31,3,0,1
BRDA:31,3,1,3
BRDA:34,4,0,1
BRDA:34,4,1,0
BRDA:34,4,2,0
BRDA:35,5,0,1
BRDA:35,5,1,2
BRDA:38,6,0,1
BRDA:38,6,1,1
BRDA:47,7,0,1
BRDA:47,7,1,7
BRF:17
BRH:14
end_of_record
TN:
SF:services\profile.ts
FN:4,fetchProfileById
FN:14,uploadAvatar
FN:34,updateProfileAvatarUrl
FNF:3
FNH:3
FNDA:2,fetchProfileById
FNDA:4,uploadAvatar
FNDA:2,updateProfileAvatarUrl
DA:5,2
DA:11,2
DA:15,4
DA:17,4
DA:18,4
DA:19,4
DA:20,12
DA:23,4
DA:27,4
DA:29,3
DA:30,3
DA:31,3
DA:35,2
DA:39,2
LF:14
LH:14
BRDA:27,0,0,1
BRDA:27,0,1,3
BRF:2
BRH:2
end_of_record
TN:
SF:services\readingCache.ts
FN:12,(anonymous_0)
FN:44,(anonymous_1)
FN:58,(anonymous_2)
FN:71,(anonymous_3)
FN:88,(anonymous_4)
FN:104,(anonymous_5)
FN:122,(anonymous_6)
FN:137,(anonymous_7)
FN:151,(anonymous_8)
FN:156,(anonymous_9)
FN:161,(anonymous_10)
FN:173,(anonymous_11)
FNF:12
FNH:12
FNDA:24,(anonymous_0)
FNDA:5,(anonymous_1)
FNDA:4,(anonymous_2)
FNDA:4,(anonymous_3)
FNDA:2,(anonymous_4)
FNDA:3,(anonymous_5)
FNDA:2,(anonymous_6)
FNDA:1,(anonymous_7)
FNDA:3,(anonymous_8)
FNDA:2,(anonymous_9)
FNDA:3,(anonymous_10)
FNDA:1,(anonymous_11)
DA:7,1
DA:10,1
DA:13,24
DA:14,17
DA:15,17
DA:45,5
DA:46,4
DA:50,4
DA:51,2
DA:55,2
DA:59,4
DA:60,3
DA:61,3
DA:66,3
DA:75,4
DA:76,3
DA:80,3
DA:81,2
DA:85,2
DA:93,2
DA:94,1
DA:95,1
DA:109,3
DA:110,2
DA:114,2
DA:115,1
DA:119,1
DA:128,2
DA:129,1
DA:130,1
DA:142,1
DA:143,1
DA:152,3
DA:153,2
DA:156,2
DA:162,3
DA:163,3
DA:166,3
DA:168,1
DA:171,1
DA:173,1
DA:174,1
DA:178,1
DA:181,1
DA:188,1
LF:45
LH:45
BRDA:13,0,0,7
BRDA:13,0,1,17
BRDA:45,1,0,1
BRDA:45,1,1,4
BRDA:50,2,0,2
BRDA:50,2,1,2
BRDA:59,3,0,1
BRDA:59,3,1,3
BRDA:75,4,0,1
BRDA:75,4,1,3
BRDA:80,5,0,1
BRDA:80,5,1,2
BRDA:93,6,0,1
BRDA:93,6,1,1
BRDA:109,7,0,1
BRDA:109,7,1,2
BRDA:114,8,0,1
BRDA:114,8,1,1
BRDA:128,9,0,1
BRDA:128,9,1,1
BRDA:142,10,0,0
BRDA:142,10,1,1
BRDA:152,11,0,1
BRDA:152,11,1,2
BRDA:162,12,0,0
BRDA:162,12,1,3
BRDA:166,13,0,2
BRDA:166,13,1,1
BRDA:166,14,0,3
BRDA:166,14,1,3
BRDA:171,15,0,0
BRDA:171,15,1,1
BRF:32
BRH:29
end_of_record
TN:
SF:services\readings.ts
FN:10,blobToText
FN:11,(anonymous_1)
FN:13,(anonymous_2)
FN:19,uploadReading
FN:53,fetchSavedReadings
FN:87,(anonymous_5)
FN:89,(anonymous_6)
FN:111,fetchFeedReadings
FN:128,(anonymous_8)
FN:182,(anonymous_9)
FN:195,fetchAllAvailableReadings
FN:210,(anonymous_11)
FN:212,(anonymous_12)
FN:218,searchReadings
FN:255,(anonymous_14)
FN:270,(anonymous_15)
FN:278,addToLibrary
FN:297,removeFromLibrary
FN:315,deleteReading
FN:327,getReadingStructure
FNF:20
FNH:18
FNDA:3,blobToText
FNDA:3,(anonymous_1)
FNDA:3,(anonymous_2)
FNDA:2,uploadReading
FNDA:10,fetchSavedReadings
FNDA:9,(anonymous_5)
FNDA:8,(anonymous_6)
FNDA:11,fetchFeedReadings
FNDA:2,(anonymous_8)
FNDA:6,(anonymous_9)
FNDA:3,fetchAllAvailableReadings
FNDA:1,(anonymous_11)
FNDA:0,(anonymous_12)
FNDA:6,searchReadings
FNDA:1,(anonymous_14)
FNDA:4,(anonymous_15)
FNDA:3,addToLibrary
FNDA:3,removeFromLibrary
FNDA:0,deleteReading
FNDA:5,getReadingStructure
DA:11,3
DA:12,3
DA:13,3
DA:14,3
DA:15,3
DA:26,2
DA:34,2
DA:37,2
DA:38,1
DA:39,1
DA:40,1
DA:41,1
DA:42,0
DA:43,0
DA:44,1
DA:45,0
DA:46,0
DA:48,1
DA:49,1
DA:54,10
DA:55,10
DA:57,10
DA:58,1
DA:59,1
DA:62,9
DA:81,9
DA:82,1
DA:83,1
DA:86,8
DA:87,9
DA:90,8
DA:98,8
DA:114,11
DA:115,3
DA:121,3
DA:122,1
DA:123,1
DA:125,2
DA:126,2
DA:127,2
DA:128,2
DA:141,8
DA:142,8
DA:144,8
DA:145,1
DA:146,1
DA:150,7
DA:151,7
DA:153,7
DA:176,7
DA:177,1
DA:178,1
DA:181,6
DA:182,6
DA:198,3
DA:199,1
DA:202,2
DA:204,2
DA:205,4
DA:207,2
DA:209,2
DA:210,1
DA:211,1
DA:212,0
DA:215,2
DA:224,6
DA:226,6
DA:227,3
DA:228,3
DA:229,3
DA:230,1
DA:231,1
DA:234,2
DA:249,2
DA:250,1
DA:251,1
DA:254,1
DA:255,1
DA:267,3
DA:269,3
DA:271,4
DA:272,4
DA:273,4
DA:279,3
DA:280,3
DA:281,3
DA:283,2
DA:290,2
DA:291,1
DA:292,1
DA:294,1
DA:298,3
DA:299,3
DA:300,3
DA:302,2
DA:308,2
DA:309,1
DA:310,1
DA:312,1
DA:316,0
DA:320,0
DA:321,0
DA:322,0
DA:324,0
DA:330,5
DA:331,5
DA:332,5
DA:333,5
DA:335,5
DA:336,1
DA:337,1
DA:340,4
DA:341,1
DA:342,1
DA:344,3
DA:346,3
DA:347,3
DA:350,3
DA:351,3
DA:352,1
DA:353,1
DA:355,2
DA:356,2
LF:123
LH:113
BRDA:30,0,0,0
BRDA:30,0,1,2
BRDA:37,1,0,1
BRDA:37,1,1,1
BRDA:41,2,0,0
BRDA:41,2,1,1
BRDA:44,3,0,0
BRDA:44,3,1,1
BRDA:57,4,0,1
BRDA:57,4,1,9
BRDA:57,5,0,10
BRDA:57,5,1,9
BRDA:58,6,0,1
BRDA:58,6,1,0
BRDA:81,7,0,1
BRDA:81,7,1,8
BRDA:86,8,0,8
BRDA:86,8,1,0
BRDA:100,9,0,8
BRDA:100,9,1,0
BRDA:101,10,0,8
BRDA:101,10,1,0
BRDA:102,11,0,8
BRDA:102,11,1,0
BRDA:103,12,0,8
BRDA:103,12,1,0
BRDA:104,13,0,8
BRDA:104,13,1,0
BRDA:105,14,0,1
BRDA:105,14,1,7
BRDA:112,15,0,0
BRDA:114,16,0,3
BRDA:114,16,1,8
BRDA:121,17,0,1
BRDA:121,17,1,2
BRDA:126,18,0,2
BRDA:126,18,1,0
BRDA:126,19,0,0
BRDA:126,19,1,0
BRDA:130,20,0,2
BRDA:130,20,1,0
BRDA:131,21,0,2
BRDA:131,21,1,0
BRDA:132,22,0,2
BRDA:132,22,1,0
BRDA:133,23,0,2
BRDA:133,23,1,0
BRDA:134,24,0,2
BRDA:134,24,1,0
BRDA:144,25,0,1
BRDA:144,25,1,7
BRDA:144,26,0,8
BRDA:144,26,1,7
BRDA:145,27,0,1
BRDA:145,27,1,0
BRDA:150,28,0,3
BRDA:150,28,1,4
BRDA:150,29,0,7
BRDA:150,29,1,5
BRDA:176,30,0,1
BRDA:176,30,1,6
BRDA:181,31,0,6
BRDA:181,31,1,0
BRDA:184,32,0,6
BRDA:184,32,1,0
BRDA:185,33,0,6
BRDA:185,33,1,0
BRDA:186,34,0,6
BRDA:186,34,1,0
BRDA:187,35,0,6
BRDA:187,35,1,0
BRDA:188,36,0,6
BRDA:188,36,1,0
BRDA:189,37,0,0
BRDA:189,37,1,6
BRDA:196,38,0,0
BRDA:198,39,0,1
BRDA:198,39,1,2
BRDA:209,40,0,1
BRDA:209,40,1,1
BRDA:210,41,0,1
BRDA:210,41,1,0
BRDA:210,42,0,1
BRDA:210,42,1,0
BRDA:211,43,0,0
BRDA:211,43,1,1
BRDA:212,44,0,0
BRDA:212,44,1,0
BRDA:212,45,0,0
BRDA:212,45,1,0
BRDA:220,46,0,0
BRDA:221,47,0,6
BRDA:222,48,0,6
BRDA:226,49,0,3
BRDA:226,49,1,3
BRDA:229,50,0,1
BRDA:229,50,1,2
BRDA:229,51,0,3
BRDA:229,51,1,2
BRDA:230,52,0,1
BRDA:230,52,1,0
BRDA:249,53,0,1
BRDA:249,53,1,1
BRDA:254,54,0,1
BRDA:254,54,1,0
BRDA:257,55,0,1
BRDA:257,55,1,0
BRDA:258,56,0,1
BRDA:258,56,1,0
BRDA:259,57,0,1
BRDA:259,57,1,0
BRDA:260,58,0,1
BRDA:260,58,1,0
BRDA:273,59,0,4
BRDA:273,59,1,3
BRDA:281,60,0,1
BRDA:281,60,1,2
BRDA:290,61,0,1
BRDA:290,61,1,1
BRDA:300,62,0,1
BRDA:300,62,1,2
BRDA:308,63,0,1
BRDA:308,63,1,1
BRDA:320,64,0,0
BRDA:320,64,1,0
BRDA:335,65,0,1
BRDA:335,65,1,4
BRDA:340,66,0,1
BRDA:340,66,1,3
BRDA:351,67,0,1
BRDA:351,67,1,2
BRF:131
BRH:87
end_of_record
TN:
SF:services\words.ts
FN:14,getCachedWords
FN:33,getSavedWords
FN:54,addSavedWord
FN:92,updateSavedWord
FN:101,removeSavedWord
FN:107,parseDefinition
FN:109,(anonymous_6)
FN:114,(anonymous_7)
FN:122,serializeDefinition
FN:125,(anonymous_9)
FN:130,parseExamples
FN:138,serializeExamples
FN:142,getDefinitionAndTranslation
FN:156,(anonymous_13)
FNF:14
FNH:13
FNDA:3,getCachedWords
FNDA:2,getSavedWords
FNDA:2,addSavedWord
FNDA:2,updateSavedWord
FNDA:2,removeSavedWord
FNDA:9,parseDefinition
FNDA:5,(anonymous_6)
FNDA:3,(anonymous_7)
FNDA:4,serializeDefinition
FNDA:8,(anonymous_9)
FNDA:4,parseExamples
FNDA:3,serializeExamples
FNDA:5,getDefinitionAndTranslation
FNDA:0,(anonymous_13)
DA:18,3
DA:26,3
DA:27,1
DA:28,1
DA:30,2
DA:38,2
DA:47,2
DA:48,1
DA:49,1
DA:51,1
DA:67,2
DA:88,2
DA:89,1
DA:96,2
DA:98,2
DA:102,2
DA:104,2
DA:108,9
DA:109,5
DA:111,5
DA:112,5
DA:113,3
DA:114,3
DA:119,3
DA:123,4
DA:125,8
DA:127,4
DA:131,4
DA:132,4
DA:134,2
DA:139,3
DA:150,5
DA:154,5
DA:155,3
DA:156,1
DA:157,1
DA:158,1
DA:159,1
DA:160,2
DA:161,1
DA:162,1
DA:163,1
DA:165,0
DA:169,2
DA:170,2
DA:171,2
DA:172,2
DA:174,2
LF:48
LH:47
BRDA:26,0,0,1
BRDA:26,0,1,2
BRDA:30,1,0,2
BRDA:30,1,1,1
BRDA:47,2,0,1
BRDA:47,2,1,1
BRDA:51,3,0,1
BRDA:51,3,1,0
BRDA:88,4,0,1
BRDA:88,4,1,1
BRDA:98,5,0,1
BRDA:98,5,1,1
BRDA:104,6,0,1
BRDA:104,6,1,1
BRDA:108,7,0,4
BRDA:108,7,1,5
BRDA:113,8,0,2
BRDA:113,8,1,1
BRDA:154,9,0,3
BRDA:154,9,1,2
BRDA:155,10,0,1
BRDA:155,10,1,2
BRDA:158,11,0,1
BRDA:158,11,1,0
BRDA:159,12,0,1
BRDA:159,12,1,0
BRDA:160,13,0,1
BRDA:160,13,1,1
BRDA:162,14,0,1
BRDA:162,14,1,0
BRDA:169,15,0,2
BRDA:169,15,1,1
BRDA:170,16,0,2
BRDA:170,16,1,1
BRDA:171,17,0,2
BRDA:171,17,1,1
BRDA:172,18,0,1
BRDA:172,18,1,1
BRF:38
BRH:34
end_of_record
