TN:
SF:screens\ReadingScreen\hooks\useReadingContent.tsx
FN:14,hitTest
FN:37,buildTokenSentenceMap
FN:64,buildPages
FN:145,useReadingContent
FN:186,(anonymous_4)
FN:208,(anonymous_5)
FN:219,(anonymous_6)
FN:219,(anonymous_7)
FN:232,(anonymous_8)
FN:234,isHighlighted
FN:241,commitSelection
FN:244,(anonymous_11)
FN:244,(anonymous_12)
FN:246,(anonymous_13)
FN:248,(anonymous_14)
FN:251,(anonymous_15)
FN:253,(anonymous_16)
FN:254,(anonymous_17)
FN:260,(anonymous_18)
FN:271,(anonymous_19)
FN:278,(anonymous_20)
FN:287,(anonymous_21)
FN:299,onContainerLayout
FN:303,onTokenLayout
FNF:24
FNH:3
FNDA:10,hitTest
FNDA:11,buildTokenSentenceMap
FNDA:8,buildPages
FNDA:0,useReadingContent
FNDA:0,(anonymous_4)
FNDA:0,(anonymous_5)
FNDA:0,(anonymous_6)
FNDA:0,(anonymous_7)
FNDA:0,(anonymous_8)
FNDA:0,isHighlighted
FNDA:0,commitSelection
FNDA:0,(anonymous_11)
FNDA:0,(anonymous_12)
FNDA:0,(anonymous_13)
FNDA:0,(anonymous_14)
FNDA:0,(anonymous_15)
FNDA:0,(anonymous_16)
FNDA:0,(anonymous_17)
FNDA:0,(anonymous_18)
FNDA:0,(anonymous_19)
FNDA:0,(anonymous_20)
FNDA:0,(anonymous_21)
FNDA:0,onContainerLayout
FNDA:0,onTokenLayout
DA:20,10
DA:21,12
DA:22,9
DA:28,6
DA:31,4
DA:41,11
DA:42,11
DA:43,11
DA:45,40
DA:46,40
DA:51,22
DA:54,11
DA:70,8
DA:72,6
DA:73,6
DA:74,6
DA:75,6
DA:77,6
DA:78,27
DA:79,27
DA:81,26
DA:82,19
DA:86,7
DA:88,7
DA:93,7
DA:95,7
DA:97,2
DA:98,2
DA:102,2
DA:105,2
DA:108,1
DA:109,1
DA:110,1
DA:113,1
DA:114,1
DA:116,1
DA:117,1
DA:118,1
DA:122,5
DA:123,5
DA:124,5
DA:129,6
DA:130,6
DA:153,0
DA:154,0
DA:156,0
DA:157,0
DA:158,0
DA:159,0
DA:160,0
DA:164,0
DA:165,0
DA:166,0
DA:167,0
DA:169,0
DA:170,0
DA:171,0
DA:172,0
DA:173,0
DA:176,0
DA:177,0
DA:179,0
DA:180,0
DA:181,0
DA:186,0
DA:188,0
DA:189,0
DA:193,0
DA:194,0
DA:196,0
DA:199,0
DA:200,0
DA:201,0
DA:202,0
DA:203,0
DA:208,0
DA:210,0
DA:211,0
DA:212,0
DA:213,0
DA:217,0
DA:218,0
DA:219,0
DA:220,0
DA:223,0
DA:230,0
DA:231,0
DA:232,0
DA:235,0
DA:236,0
DA:237,0
DA:238,0
DA:242,0
DA:243,0
DA:244,0
DA:245,0
DA:247,0
DA:248,0
DA:251,0
DA:252,0
DA:253,0
DA:254,0
DA:255,0
DA:258,0
DA:261,0
DA:262,0
DA:263,0
DA:264,0
DA:265,0
DA:266,0
DA:267,0
DA:268,0
DA:272,0
DA:273,0
DA:274,0
DA:275,0
DA:279,0
DA:280,0
DA:281,0
DA:282,0
DA:283,0
DA:284,0
DA:288,0
DA:289,0
DA:290,0
DA:291,0
DA:293,0
DA:294,0
DA:295,0
DA:296,0
DA:300,0
DA:304,0
DA:308,0
DA:313,0
DA:317,0
LF:135
LH:43
BRDA:21,0,0,3
BRDA:21,0,1,9
BRDA:22,1,0,6
BRDA:22,1,1,3
BRDA:23,2,0,9
BRDA:23,2,1,8
BRDA:23,2,2,7
BRDA:23,2,3,6
BRDA:45,3,0,46
BRDA:45,3,1,29
BRDA:46,4,0,22
BRDA:46,4,1,18
BRDA:47,5,0,40
BRDA:47,5,1,23
BRDA:47,5,2,22
BRDA:70,6,0,2
BRDA:70,6,1,6
BRDA:70,7,0,8
BRDA:70,7,1,7
BRDA:79,8,0,1
BRDA:79,8,1,26
BRDA:81,9,0,19
BRDA:81,9,1,7
BRDA:88,10,0,7
BRDA:88,10,1,0
BRDA:93,11,0,7
BRDA:93,11,1,3
BRDA:95,12,0,2
BRDA:95,12,1,5
BRDA:99,13,0,4
BRDA:99,13,1,3
BRDA:105,14,0,1
BRDA:105,14,1,1
BRDA:117,15,0,1
BRDA:117,15,1,0
BRDA:129,16,0,6
BRDA:129,16,1,0
BRDA:179,17,0,0
BRDA:179,17,1,0
BRDA:180,18,0,0
BRDA:180,18,1,0
BRDA:181,19,0,0
BRDA:181,19,1,0
BRDA:193,20,0,0
BRDA:193,20,1,0
BRDA:193,21,0,0
BRDA:193,21,1,0
BRDA:194,22,0,0
BRDA:194,22,1,0
BRDA:203,23,0,0
BRDA:203,23,1,0
BRDA:210,24,0,0
BRDA:210,24,1,0
BRDA:210,25,0,0
BRDA:210,25,1,0
BRDA:210,25,2,0
BRDA:218,26,0,0
BRDA:218,26,1,0
BRDA:218,27,0,0
BRDA:218,27,1,0
BRDA:220,28,0,0
BRDA:220,28,1,0
BRDA:230,29,0,0
BRDA:230,29,1,0
BRDA:231,30,0,0
BRDA:231,30,1,0
BRDA:231,31,0,0
BRDA:231,31,1,0
BRDA:235,32,0,0
BRDA:235,32,1,0
BRDA:235,33,0,0
BRDA:235,33,1,0
BRDA:238,34,0,0
BRDA:238,34,1,0
BRDA:244,35,0,0
BRDA:244,35,1,0
BRDA:248,36,0,0
BRDA:248,36,1,0
BRDA:248,36,2,0
BRDA:248,36,3,0
BRDA:253,37,0,0
BRDA:253,37,1,0
BRDA:263,38,0,0
BRDA:263,38,1,0
BRDA:273,39,0,0
BRDA:273,39,1,0
BRDA:281,40,0,0
BRDA:281,40,1,0
BRDA:281,41,0,0
BRDA:281,41,1,0
BRDA:288,42,0,0
BRDA:288,42,1,0
BRDA:291,43,0,0
BRDA:291,43,1,0
BRDA:291,44,0,0
BRDA:291,44,1,0
BRDA:308,45,0,0
BRDA:308,45,1,0
BRDA:309,46,0,0
BRDA:309,46,1,0
BRDA:309,46,2,0
BRF:101
BRH:34
end_of_record
